0 verbose cli /Users/camis/.nvm/versions/node/v18.18.0/bin/node /Users/camis/.nvm/versions/node/v18.18.0/bin/npm
1 info using npm@10.2.1
2 info using node@v18.18.0
3 timing npm:load:whichnode Completed in 1ms
4 timing config:load:defaults Completed in 1ms
5 timing config:load:file:/Users/camis/.nvm/versions/node/v18.18.0/lib/node_modules/npm/npmrc Completed in 0ms
6 timing config:load:builtin Completed in 1ms
7 timing config:load:cli Completed in 2ms
8 timing config:load:env Completed in 1ms
9 timing config:load:file:/Users/camis/Desktop/ChasAcademy/u09-avancerad-javascript/frontend/.npmrc Completed in 0ms
10 timing config:load:project Completed in 3ms
11 timing config:load:file:/Users/camis/.npmrc Completed in 3ms
12 timing config:load:user Completed in 3ms
13 timing config:load:file:/Users/camis/.nvm/versions/node/v18.18.0/etc/npmrc Completed in 0ms
14 timing config:load:global Completed in 0ms
15 timing config:load:setEnvs Completed in 0ms
16 timing config:load Completed in 12ms
17 timing npm:load:configload Completed in 12ms
18 timing config:load:flatten Completed in 3ms
19 timing npm:load:mkdirpcache Completed in 0ms
20 timing npm:load:mkdirplogs Completed in 0ms
21 verbose title npm install @reduxjs/toolkit
22 verbose argv "install" "@reduxjs/toolkit"
23 timing npm:load:setTitle Completed in 24ms
24 timing npm:load:display Completed in 1ms
25 verbose logfile logs-max:10 dir:/Users/camis/Desktop/ChasAcademy/u09-avancerad-javascript/frontend/"/Users/camis/.npm/_logs/2023-10-30T12_53_20_398Z-
26 verbose logfile /Users/camis/Desktop/ChasAcademy/u09-avancerad-javascript/frontend/"/Users/camis/.npm/_logs/2023-10-30T12_53_20_398Z-debug-0.log
27 timing npm:load:logFile Completed in 9ms
28 timing npm:load:timers Completed in 0ms
29 timing npm:load:configScope Completed in 0ms
30 timing npm:load Completed in 64ms
31 timing arborist:ctor Completed in 1ms
32 silly logfile done cleaning log files
33 timing idealTree:init Completed in 968ms
34 timing idealTree:userRequests Completed in 1ms
35 silly idealTree buildDeps
36 silly fetch manifest @babel/plugin-proposal-private-property-in-object@^1.0.6
37 http fetch GET 200 https://registry.npmjs.org/@babel%2fplugin-proposal-private-property-in-object 60ms (cache hit)
38 silly fetch manifest @reduxjs/toolkit@*
39 timing arborist:ctor Completed in 0ms
40 http fetch GET 200 https://registry.npmjs.org/@reduxjs%2ftoolkit 400ms (cache hit)
41 silly fetch manifest react@^18.2.0
42 http fetch GET 200 https://registry.npmjs.org/react 13ms (cache hit)
43 silly fetch manifest react-redux@^7.2.1 || ^8.0.2
44 http fetch GET 200 https://registry.npmjs.org/react-redux 6ms (cache hit)
45 silly fetch manifest @types/react@^16.8 || ^17.0 || ^18.0
46 http fetch GET 200 https://registry.npmjs.org/@types%2freact 5ms (cache hit)
47 silly fetch manifest @types/react-dom@^16.8 || ^17.0 || ^18.0
48 http fetch GET 200 https://registry.npmjs.org/@types%2freact-dom 4ms (cache hit)
49 silly fetch manifest react-dom@^18.2.0
50 http fetch GET 200 https://registry.npmjs.org/react-dom 7ms (cache hit)
51 silly fetch manifest react-native@>=0.59
52 http fetch GET 200 https://registry.npmjs.org/react-native 16ms (cache hit)
53 silly fetch manifest redux@^4 || ^5.0.0-beta.0
54 http fetch GET 200 https://registry.npmjs.org/redux 8ms (cache hit)
55 silly placeDep ROOT @babel/plugin-proposal-private-property-in-object@ REPLACE for: frontend@0.1.0 want: ^1.0.6
56 silly placeDep ROOT @reduxjs/toolkit@1.9.7 OK for: frontend@0.1.0 want: *
57 silly fetch manifest redux@^4.2.1
58 silly fetch manifest redux-thunk@^2.4.2
59 silly fetch manifest reselect@^4.1.8
60 http fetch GET 200 https://registry.npmjs.org/reselect 9ms (cache hit)
61 http fetch GET 200 https://registry.npmjs.org/redux-thunk 11ms (cache hit)
62 timing idealTree:#root Completed in 624ms
63 timing idealTree:node_modules/@babel/plugin-proposal-private-property-in-object Completed in 0ms
64 timing idealTree:node_modules/@babel/preset-env Completed in 0ms
65 silly placeDep ROOT redux@4.2.1 OK for: @reduxjs/toolkit@1.9.7 want: ^4.2.1
66 silly placeDep ROOT redux-thunk@2.4.2 OK for: @reduxjs/toolkit@1.9.7 want: ^2.4.2
67 silly placeDep ROOT reselect@4.1.8 OK for: @reduxjs/toolkit@1.9.7 want: ^4.1.8
68 timing idealTree:node_modules/@reduxjs/toolkit Completed in 7ms
69 silly fetch manifest typescript@^3.2.1 || ^4
70 http fetch GET 200 https://registry.npmjs.org/typescript 18ms (cache hit)
71 silly placeDep ROOT typescript@4.9.5 REPLACE for: react-scripts@5.0.1 want: ^3.2.1 || ^4
72 timing idealTree:node_modules/react-scripts Completed in 94ms
73 timing idealTree:node_modules/redux Completed in 0ms
74 timing idealTree:node_modules/redux-thunk Completed in 0ms
75 timing idealTree:node_modules/reselect Completed in 0ms
76 timing idealTree:node_modules/typescript Completed in 0ms
77 timing idealTree:buildDeps Completed in 727ms
78 timing idealTree:fixDepFlags Completed in 21ms
79 timing idealTree Completed in 1717ms
80 timing command:install Completed in 1728ms
81 verbose type range
82 verbose stack @babel/plugin-proposal-private-property-in-object: No matching version found for @babel/plugin-proposal-private-property-in-object@^1.0.6.
82 verbose stack     at module.exports (/Users/camis/.nvm/versions/node/v18.18.0/lib/node_modules/npm/node_modules/npm-pick-manifest/lib/index.js:209:23)
82 verbose stack     at RegistryFetcher.manifest (/Users/camis/.nvm/versions/node/v18.18.0/lib/node_modules/npm/node_modules/pacote/lib/registry.js:119:22)
82 verbose stack     at async #nodeFromEdge (/Users/camis/.nvm/versions/node/v18.18.0/lib/node_modules/npm/node_modules/@npmcli/arborist/lib/arborist/build-ideal-tree.js:1049:19)
82 verbose stack     at async #buildDepStep (/Users/camis/.nvm/versions/node/v18.18.0/lib/node_modules/npm/node_modules/@npmcli/arborist/lib/arborist/build-ideal-tree.js:917:11)
82 verbose stack     at async Arborist.buildIdealTree (/Users/camis/.nvm/versions/node/v18.18.0/lib/node_modules/npm/node_modules/@npmcli/arborist/lib/arborist/build-ideal-tree.js:196:7)
82 verbose stack     at async Promise.all (index 1)
82 verbose stack     at async Arborist.reify (/Users/camis/.nvm/versions/node/v18.18.0/lib/node_modules/npm/node_modules/@npmcli/arborist/lib/arborist/reify.js:159:5)
82 verbose stack     at async Install.exec (/Users/camis/.nvm/versions/node/v18.18.0/lib/node_modules/npm/lib/commands/install.js:152:5)
82 verbose stack     at async module.exports (/Users/camis/.nvm/versions/node/v18.18.0/lib/node_modules/npm/lib/cli-entry.js:61:5)
83 verbose cwd /Users/camis/Desktop/ChasAcademy/u09-avancerad-javascript/frontend
84 verbose Darwin 23.0.0
85 verbose node v18.18.0
86 verbose npm  v10.2.1
87 error code ETARGET
88 error notarget No matching version found for @babel/plugin-proposal-private-property-in-object@^1.0.6.
89 error notarget In most cases you or one of your dependencies are requesting
89 error notarget a package version that doesn't exist.
90 verbose exit 1
91 timing npm Completed in 2035ms
92 verbose unfinished npm timer reify 1698670400700
93 verbose unfinished npm timer reify:loadTrees 1698670400707
94 verbose code 1
95 error A complete log of this run can be found in: /Users/camis/Desktop/ChasAcademy/u09-avancerad-javascript/frontend/"/Users/camis/.npm/_logs/2023-10-30T12_53_20_398Z-debug-0.log
