0 verbose cli /Users/camis/.nvm/versions/node/v18.18.0/bin/node /Users/camis/.nvm/versions/node/v18.18.0/bin/npm
1 info using npm@10.2.2
2 info using node@v18.18.0
3 timing npm:load:whichnode Completed in 11ms
4 timing config:load:defaults Completed in 6ms
5 timing config:load:file:/Users/camis/.nvm/versions/node/v18.18.0/lib/node_modules/npm/npmrc Completed in 12ms
6 timing config:load:builtin Completed in 12ms
7 timing config:load:cli Completed in 3ms
8 timing config:load:env Completed in 0ms
9 timing config:load:file:/Users/camis/Desktop/ChasAcademy/u09-avancerad-javascript/frontend/.npmrc Completed in 0ms
10 timing config:load:project Completed in 7ms
11 timing config:load:file:/Users/camis/.npmrc Completed in 3ms
12 timing config:load:user Completed in 3ms
13 timing config:load:file:/Users/camis/.nvm/versions/node/v18.18.0/etc/npmrc Completed in 0ms
14 timing config:load:global Completed in 0ms
15 timing config:load:setEnvs Completed in 1ms
16 timing config:load Completed in 33ms
17 timing npm:load:configload Completed in 33ms
18 timing config:load:flatten Completed in 3ms
19 timing npm:load:mkdirpcache Completed in 4ms
20 timing npm:load:mkdirplogs Completed in 1ms
21 verbose title npm run build
22 verbose argv "run" "build"
23 timing npm:load:setTitle Completed in 28ms
24 timing npm:load:display Completed in 2ms
25 verbose logfile logs-max:10 dir:/Users/camis/Desktop/ChasAcademy/u09-avancerad-javascript/frontend/"/Users/camis/.npm/_logs/2023-11-10T07_40_00_039Z-
26 verbose logfile /Users/camis/Desktop/ChasAcademy/u09-avancerad-javascript/frontend/"/Users/camis/.npm/_logs/2023-11-10T07_40_00_039Z-debug-0.log
27 timing npm:load:logFile Completed in 14ms
28 timing npm:load:timers Completed in 1ms
29 timing npm:load:configScope Completed in 0ms
30 timing npm:load Completed in 116ms
31 silly logfile start cleaning logs, removing 1 files
32 silly logfile done cleaning log files
33 timing command:run Completed in 32889ms
34 verbose exit 0
35 timing npm Completed in 33121ms
36 info ok
