0 verbose cli /Users/camis/.nvm/versions/node/v18.18.0/bin/node /Users/camis/.nvm/versions/node/v18.18.0/bin/npm
1 info using npm@10.2.1
2 info using node@v18.18.0
3 timing npm:load:whichnode Completed in 1ms
4 timing config:load:defaults Completed in 2ms
5 timing config:load:file:/Users/camis/.nvm/versions/node/v18.18.0/lib/node_modules/npm/npmrc Completed in 1ms
6 timing config:load:builtin Completed in 1ms
7 timing config:load:cli Completed in 2ms
8 timing config:load:env Completed in 0ms
9 timing config:load:file:/Users/camis/Desktop/ChasAcademy/u09-avancerad-javascript/frontend/.npmrc Completed in 0ms
10 timing config:load:project Completed in 4ms
11 timing config:load:file:/Users/camis/.npmrc Completed in 2ms
12 timing config:load:user Completed in 2ms
13 timing config:load:file:/Users/camis/.nvm/versions/node/v18.18.0/etc/npmrc Completed in 0ms
14 timing config:load:global Completed in 0ms
15 timing config:load:setEnvs Completed in 1ms
16 timing config:load Completed in 12ms
17 timing npm:load:configload Completed in 12ms
18 timing config:load:flatten Completed in 3ms
19 timing npm:load:mkdirpcache Completed in 0ms
20 timing npm:load:mkdirplogs Completed in 0ms
21 verbose title npm install react-redux
22 verbose argv "install" "react-redux"
23 timing npm:load:setTitle Completed in 18ms
24 timing npm:load:display Completed in 1ms
25 verbose logfile logs-max:10 dir:/Users/camis/Desktop/ChasAcademy/u09-avancerad-javascript/frontend/"/Users/camis/.npm/_logs/2023-10-30T12_53_34_632Z-
26 verbose logfile /Users/camis/Desktop/ChasAcademy/u09-avancerad-javascript/frontend/"/Users/camis/.npm/_logs/2023-10-30T12_53_34_632Z-debug-0.log
27 timing npm:load:logFile Completed in 9ms
28 timing npm:load:timers Completed in 0ms
29 timing npm:load:configScope Completed in 0ms
30 timing npm:load Completed in 55ms
31 timing arborist:ctor Completed in 1ms
32 silly logfile done cleaning log files
33 timing idealTree:init Completed in 893ms
34 timing idealTree:userRequests Completed in 2ms
35 silly idealTree buildDeps
36 silly fetch manifest @babel/plugin-proposal-private-property-in-object@^1.0.6
37 timing arborist:ctor Completed in 0ms
38 http fetch GET 200 https://registry.npmjs.org/@babel%2fplugin-proposal-private-property-in-object 428ms (cache hit)
39 silly fetch manifest react-redux@*
40 http fetch GET 200 https://registry.npmjs.org/react-redux 11ms (cache hit)
41 silly fetch manifest @types/react@^16.8 || ^17.0 || ^18.0
42 http fetch GET 200 https://registry.npmjs.org/@types%2freact 6ms (cache hit)
43 silly fetch manifest @types/react-dom@^16.8 || ^17.0 || ^18.0
44 http fetch GET 200 https://registry.npmjs.org/@types%2freact-dom 5ms (cache hit)
45 silly fetch manifest react@^18.2.0
46 http fetch GET 200 https://registry.npmjs.org/react 8ms (cache hit)
47 silly fetch manifest react-dom@^18.2.0
48 http fetch GET 200 https://registry.npmjs.org/react-dom 7ms (cache hit)
49 silly fetch manifest react-native@>=0.59
50 http fetch GET 200 https://registry.npmjs.org/react-native 13ms (cache hit)
51 silly fetch manifest redux@^4 || ^5.0.0-beta.0
52 http fetch GET 200 https://registry.npmjs.org/redux 6ms (cache hit)
53 silly placeDep ROOT @babel/plugin-proposal-private-property-in-object@ REPLACE for: frontend@0.1.0 want: ^1.0.6
54 silly placeDep ROOT react-redux@8.1.3 OK for: frontend@0.1.0 want: *
55 silly fetch manifest @types/hoist-non-react-statics@^3.3.1
56 silly fetch manifest @types/use-sync-external-store@^0.0.3
57 silly fetch manifest hoist-non-react-statics@^3.3.2
58 silly fetch manifest react-is@^18.0.0
59 silly fetch manifest use-sync-external-store@^1.0.0
60 http fetch GET 200 https://registry.npmjs.org/react-is 15ms (cache hit)
61 http fetch GET 200 https://registry.npmjs.org/hoist-non-react-statics 20ms (cache hit)
62 http fetch GET 200 https://registry.npmjs.org/@types%2fhoist-non-react-statics 23ms (cache hit)
63 http fetch GET 200 https://registry.npmjs.org/use-sync-external-store 24ms (cache hit)
64 http fetch GET 200 https://registry.npmjs.org/@types%2fuse-sync-external-store 32ms (cache hit)
65 timing idealTree:#root Completed in 593ms
66 timing idealTree:node_modules/@babel/plugin-proposal-private-property-in-object Completed in 0ms
67 timing idealTree:node_modules/@babel/preset-env Completed in 0ms
68 silly fetch manifest react@^16.8 || ^17.0 || ^18.0
69 silly placeDep ROOT @types/hoist-non-react-statics@3.3.4 OK for: react-redux@8.1.3 want: ^3.3.1
70 silly fetch manifest hoist-non-react-statics@^3.3.0
71 silly placeDep ROOT @types/use-sync-external-store@0.0.3 OK for: react-redux@8.1.3 want: ^0.0.3
72 silly placeDep ROOT hoist-non-react-statics@3.3.2 OK for: react-redux@8.1.3 want: ^3.3.2
73 silly fetch manifest react-is@^16.7.0
74 silly placeDep node_modules/react-redux react-is@18.2.0 OK for: react-redux@8.1.3 want: ^18.0.0
75 silly placeDep ROOT use-sync-external-store@1.2.0 OK for: react-redux@8.1.3 want: ^1.0.0
76 timing idealTree:node_modules/react-redux Completed in 26ms
77 timing idealTree:node_modules/@types/hoist-non-react-statics Completed in 0ms
78 timing idealTree:node_modules/@types/use-sync-external-store Completed in 0ms
79 silly placeDep node_modules/hoist-non-react-statics react-is@16.13.1 OK for: hoist-non-react-statics@3.3.2 want: ^16.7.0
80 timing idealTree:node_modules/hoist-non-react-statics Completed in 2ms
81 silly fetch manifest typescript@^3.2.1 || ^4
82 http fetch GET 200 https://registry.npmjs.org/typescript 25ms (cache hit)
83 silly placeDep ROOT typescript@4.9.5 REPLACE for: react-scripts@5.0.1 want: ^3.2.1 || ^4
84 timing idealTree:node_modules/react-scripts Completed in 94ms
85 timing idealTree:node_modules/typescript Completed in 0ms
86 timing idealTree:node_modules/use-sync-external-store Completed in 0ms
87 timing idealTree:node_modules/hoist-non-react-statics/node_modules/react-is Completed in 0ms
88 timing idealTree:node_modules/react-redux/node_modules/react-is Completed in 0ms
89 timing idealTree:buildDeps Completed in 715ms
90 timing idealTree:fixDepFlags Completed in 18ms
91 timing idealTree Completed in 1631ms
92 timing command:install Completed in 1641ms
93 verbose type range
94 verbose stack @babel/plugin-proposal-private-property-in-object: No matching version found for @babel/plugin-proposal-private-property-in-object@^1.0.6.
94 verbose stack     at module.exports (/Users/camis/.nvm/versions/node/v18.18.0/lib/node_modules/npm/node_modules/npm-pick-manifest/lib/index.js:209:23)
94 verbose stack     at RegistryFetcher.manifest (/Users/camis/.nvm/versions/node/v18.18.0/lib/node_modules/npm/node_modules/pacote/lib/registry.js:119:22)
94 verbose stack     at async #nodeFromEdge (/Users/camis/.nvm/versions/node/v18.18.0/lib/node_modules/npm/node_modules/@npmcli/arborist/lib/arborist/build-ideal-tree.js:1049:19)
94 verbose stack     at async #buildDepStep (/Users/camis/.nvm/versions/node/v18.18.0/lib/node_modules/npm/node_modules/@npmcli/arborist/lib/arborist/build-ideal-tree.js:917:11)
94 verbose stack     at async Arborist.buildIdealTree (/Users/camis/.nvm/versions/node/v18.18.0/lib/node_modules/npm/node_modules/@npmcli/arborist/lib/arborist/build-ideal-tree.js:196:7)
94 verbose stack     at async Promise.all (index 1)
94 verbose stack     at async Arborist.reify (/Users/camis/.nvm/versions/node/v18.18.0/lib/node_modules/npm/node_modules/@npmcli/arborist/lib/arborist/reify.js:159:5)
94 verbose stack     at async Install.exec (/Users/camis/.nvm/versions/node/v18.18.0/lib/node_modules/npm/lib/commands/install.js:152:5)
94 verbose stack     at async module.exports (/Users/camis/.nvm/versions/node/v18.18.0/lib/node_modules/npm/lib/cli-entry.js:61:5)
95 verbose cwd /Users/camis/Desktop/ChasAcademy/u09-avancerad-javascript/frontend
96 verbose Darwin 23.0.0
97 verbose node v18.18.0
98 verbose npm  v10.2.1
99 error code ETARGET
100 error notarget No matching version found for @babel/plugin-proposal-private-property-in-object@^1.0.6.
101 error notarget In most cases you or one of your dependencies are requesting
101 error notarget a package version that doesn't exist.
102 verbose exit 1
103 timing npm Completed in 1858ms
104 verbose unfinished npm timer reify 1698670414848
105 verbose unfinished npm timer reify:loadTrees 1698670414854
106 verbose code 1
107 error A complete log of this run can be found in: /Users/camis/Desktop/ChasAcademy/u09-avancerad-javascript/frontend/"/Users/camis/.npm/_logs/2023-10-30T12_53_34_632Z-debug-0.log
