0 verbose cli /Users/camis/.nvm/versions/node/v18.18.0/bin/node /Users/camis/.nvm/versions/node/v18.18.0/bin/npm
1 info using npm@10.2.0
2 info using node@v18.18.0
3 timing npm:load:whichnode Completed in 1ms
4 timing config:load:defaults Completed in 1ms
5 timing config:load:file:/Users/camis/.nvm/versions/node/v18.18.0/lib/node_modules/npm/npmrc Completed in 1ms
6 timing config:load:builtin Completed in 1ms
7 timing config:load:cli Completed in 1ms
8 timing config:load:env Completed in 1ms
9 timing config:load:file:/Users/camis/Desktop/ChasAcademy/u09-avancerad-javascript/backend/.npmrc Completed in 0ms
10 timing config:load:project Completed in 1ms
11 timing config:load:file:/Users/camis/.npmrc Completed in 3ms
12 timing config:load:user Completed in 3ms
13 timing config:load:file:/Users/camis/.nvm/versions/node/v18.18.0/etc/npmrc Completed in 2ms
14 timing config:load:global Completed in 2ms
15 timing config:load:setEnvs Completed in 1ms
16 timing config:load Completed in 11ms
17 timing npm:load:configload Completed in 11ms
18 timing config:load:flatten Completed in 2ms
19 timing npm:load:mkdirpcache Completed in 0ms
20 timing npm:load:mkdirplogs Completed in 0ms
21 verbose title npm i jsonwebtoken cookie-parser
22 verbose argv "i" "jsonwebtoken" "cookie-parser"
23 timing npm:load:setTitle Completed in 19ms
24 timing npm:load:display Completed in 1ms
25 verbose logfile logs-max:10 dir:/Users/camis/Desktop/ChasAcademy/u09-avancerad-javascript/backend/"/Users/camis/.npm/_logs/2023-10-18T15_16_33_984Z-
26 verbose logfile /Users/camis/Desktop/ChasAcademy/u09-avancerad-javascript/backend/"/Users/camis/.npm/_logs/2023-10-18T15_16_33_984Z-debug-0.log
27 timing npm:load:logFile Completed in 7ms
28 timing npm:load:timers Completed in 0ms
29 timing npm:load:configScope Completed in 0ms
30 timing npm:load Completed in 56ms
31 timing arborist:ctor Completed in 1ms
32 silly logfile start cleaning logs, removing 1 files
33 silly logfile done cleaning log files
34 timing idealTree:init Completed in 72ms
35 timing idealTree:userRequests Completed in 1ms
36 silly idealTree buildDeps
37 silly fetch manifest jsonwebtoken@*
38 timing arborist:ctor Completed in 0ms
39 http fetch GET 200 https://registry.npmjs.org/jsonwebtoken 233ms (cache miss)
40 silly fetch manifest cookie-parser@*
41 http fetch GET 200 https://registry.npmjs.org/cookie-parser 45ms (cache miss)
42 silly placeDep ROOT cookie-parser@1.4.6 OK for: backend@1.0.0 want: *
43 silly fetch manifest cookie@0.4.1
44 silly placeDep ROOT jsonwebtoken@9.0.2 OK for: backend@1.0.0 want: *
45 silly fetch manifest jws@^3.2.2
46 silly fetch manifest lodash.includes@^4.3.0
47 silly fetch manifest lodash.isboolean@^3.0.3
48 silly fetch manifest lodash.isinteger@^4.0.4
49 silly fetch manifest lodash.isnumber@^3.0.3
50 silly fetch manifest lodash.isplainobject@^4.0.6
51 silly fetch manifest lodash.isstring@^4.0.1
52 silly fetch manifest lodash.once@^4.0.0
53 silly fetch manifest ms@^2.1.1
54 http fetch GET 200 https://registry.npmjs.org/jws 64ms (cache miss)
55 http fetch GET 200 https://registry.npmjs.org/lodash.isinteger 126ms (cache miss)
56 http fetch GET 200 https://registry.npmjs.org/lodash.isboolean 127ms (cache miss)
57 http fetch GET 200 https://registry.npmjs.org/lodash.includes 147ms (cache miss)
58 http fetch GET 200 https://registry.npmjs.org/lodash.isnumber 145ms (cache miss)
59 http fetch GET 200 https://registry.npmjs.org/lodash.once 145ms (cache miss)
60 http fetch GET 200 https://registry.npmjs.org/lodash.isstring 146ms (cache miss)
61 http fetch GET 200 https://registry.npmjs.org/cookie 159ms (cache revalidated)
62 http fetch GET 200 https://registry.npmjs.org/lodash.isplainobject 158ms (cache miss)
63 http fetch GET 200 https://registry.npmjs.org/ms 169ms (cache revalidated)
64 timing idealTree:#root Completed in 462ms
65 silly placeDep node_modules/cookie-parser cookie@0.4.1 OK for: cookie-parser@1.4.6 want: 0.4.1
66 timing idealTree:node_modules/cookie-parser Completed in 3ms
67 silly placeDep ROOT jws@3.2.2 OK for: jsonwebtoken@9.0.2 want: ^3.2.2
68 silly fetch manifest jwa@^1.4.1
69 silly placeDep ROOT lodash.includes@4.3.0 OK for: jsonwebtoken@9.0.2 want: ^4.3.0
70 silly placeDep ROOT lodash.isboolean@3.0.3 OK for: jsonwebtoken@9.0.2 want: ^3.0.3
71 silly placeDep ROOT lodash.isinteger@4.0.4 OK for: jsonwebtoken@9.0.2 want: ^4.0.4
72 silly placeDep ROOT lodash.isnumber@3.0.3 OK for: jsonwebtoken@9.0.2 want: ^3.0.3
73 silly placeDep ROOT lodash.isplainobject@4.0.6 OK for: jsonwebtoken@9.0.2 want: ^4.0.6
74 silly placeDep ROOT lodash.isstring@4.0.1 OK for: jsonwebtoken@9.0.2 want: ^4.0.1
75 silly placeDep ROOT lodash.once@4.1.1 OK for: jsonwebtoken@9.0.2 want: ^4.0.0
76 silly placeDep node_modules/jsonwebtoken ms@2.1.3 OK for: jsonwebtoken@9.0.2 want: ^2.1.1
77 http fetch GET 200 https://registry.npmjs.org/jwa 55ms (cache miss)
78 timing idealTree:node_modules/jsonwebtoken Completed in 59ms
79 silly placeDep ROOT jwa@1.4.1 OK for: jws@3.2.2 want: ^1.4.1
80 silly fetch manifest buffer-equal-constant-time@1.0.1
81 silly fetch manifest ecdsa-sig-formatter@1.0.11
82 http fetch GET 200 https://registry.npmjs.org/buffer-equal-constant-time 46ms (cache miss)
83 http fetch GET 200 https://registry.npmjs.org/ecdsa-sig-formatter 46ms (cache miss)
84 timing idealTree:node_modules/jws Completed in 49ms
85 silly placeDep ROOT buffer-equal-constant-time@1.0.1 OK for: jwa@1.4.1 want: 1.0.1
86 silly placeDep ROOT ecdsa-sig-formatter@1.0.11 OK for: jwa@1.4.1 want: 1.0.11
87 timing idealTree:node_modules/jwa Completed in 2ms
88 timing idealTree:node_modules/buffer-equal-constant-time Completed in 0ms
89 timing idealTree:node_modules/ecdsa-sig-formatter Completed in 0ms
90 timing idealTree:node_modules/lodash.includes Completed in 0ms
91 timing idealTree:node_modules/lodash.isboolean Completed in 0ms
92 timing idealTree:node_modules/lodash.isinteger Completed in 0ms
93 timing idealTree:node_modules/lodash.isnumber Completed in 0ms
94 timing idealTree:node_modules/lodash.isplainobject Completed in 0ms
95 timing idealTree:node_modules/lodash.isstring Completed in 0ms
96 timing idealTree:node_modules/lodash.once Completed in 0ms
97 timing idealTree:node_modules/cookie-parser/node_modules/cookie Completed in 0ms
98 timing idealTree:node_modules/jsonwebtoken/node_modules/ms Completed in 0ms
99 timing idealTree:buildDeps Completed in 577ms
100 timing idealTree:fixDepFlags Completed in 2ms
101 timing idealTree Completed in 656ms
102 timing reify:loadTrees Completed in 656ms
103 timing reify:diffTrees Completed in 4ms
104 silly reify moves {}
105 timing reify:retireShallow Completed in 1ms
106 timing reify:createSparse Completed in 2ms
107 timing reify:loadBundles Completed in 0ms
108 silly audit bulk request {
108 silly audit   '@mapbox/node-pre-gyp': [ '1.0.11' ],
108 silly audit   nopt: [ '5.0.0', '1.0.10' ],
108 silly audit   '@mongodb-js/saslprep': [ '1.1.0' ],
108 silly audit   '@types/node': [ '20.8.6' ],
108 silly audit   '@types/webidl-conversions': [ '7.0.1' ],
108 silly audit   '@types/whatwg-url': [ '8.2.2' ],
108 silly audit   abbrev: [ '1.1.1' ],
108 silly audit   accepts: [ '1.3.8' ],
108 silly audit   'agent-base': [ '6.0.2' ],
108 silly audit   debug: [ '4.3.4', '2.6.9', '3.2.7' ],
108 silly audit   ms: [ '2.1.2', '2.1.3', '2.0.0' ],
108 silly audit   'ansi-regex': [ '5.0.1' ],
108 silly audit   anymatch: [ '3.1.3' ],
108 silly audit   aproba: [ '2.0.0' ],
108 silly audit   'are-we-there-yet': [ '2.0.0' ],
108 silly audit   'array-flatten': [ '1.1.1' ],
108 silly audit   'balanced-match': [ '1.0.2' ],
108 silly audit   bcrypt: [ '5.1.1' ],
108 silly audit   'binary-extensions': [ '2.2.0' ],
108 silly audit   'body-parser': [ '1.20.1' ],
108 silly audit   'brace-expansion': [ '1.1.11' ],
108 silly audit   braces: [ '3.0.2' ],
108 silly audit   bson: [ '5.5.0' ],
108 silly audit   bytes: [ '3.1.2' ],
108 silly audit   'call-bind': [ '1.0.2' ],
108 silly audit   chokidar: [ '3.5.3' ],
108 silly audit   chownr: [ '2.0.0' ],
108 silly audit   'color-support': [ '1.1.3' ],
108 silly audit   'concat-map': [ '0.0.1' ],
108 silly audit   'console-control-strings': [ '1.1.0' ],
108 silly audit   'content-disposition': [ '0.5.4' ],
108 silly audit   'content-type': [ '1.0.5' ],
108 silly audit   cookie: [ '0.5.0', '0.4.1' ],
108 silly audit   'cookie-signature': [ '1.0.6' ],
108 silly audit   cors: [ '2.8.5' ],
108 silly audit   csstype: [ '3.1.2' ],
108 silly audit   delegates: [ '1.0.0' ],
108 silly audit   depd: [ '2.0.0' ],
108 silly audit   destroy: [ '1.2.0' ],
108 silly audit   'detect-libc': [ '2.0.2' ],
108 silly audit   dotenv: [ '16.3.1' ],
108 silly audit   'ee-first': [ '1.1.1' ],
108 silly audit   'emoji-regex': [ '8.0.0' ],
108 silly audit   encodeurl: [ '1.0.2' ],
108 silly audit   'escape-html': [ '1.0.3' ],
108 silly audit   etag: [ '1.8.1' ],
108 silly audit   express: [ '4.18.2' ],
108 silly audit   'fill-range': [ '7.0.1' ],
108 silly audit   finalhandler: [ '1.2.0' ],
108 silly audit   forwarded: [ '0.2.0' ],
108 silly audit   fresh: [ '0.5.2' ],
108 silly audit   'fs-minipass': [ '2.1.0' ],
108 silly audit   minipass: [ '3.3.6', '5.0.0' ],
108 silly audit   'fs.realpath': [ '1.0.0' ],
108 silly audit   fsevents: [ '2.3.3' ],
108 silly audit   'function-bind': [ '1.1.2' ],
108 silly audit   gauge: [ '3.0.2' ],
108 silly audit   'get-intrinsic': [ '1.2.1' ],
108 silly audit   glob: [ '7.2.3' ],
108 silly audit   'glob-parent': [ '5.1.2' ],
108 silly audit   goober: [ '2.1.13' ],
108 silly audit   has: [ '1.0.4' ],
108 silly audit   'has-flag': [ '3.0.0' ],
108 silly audit   'has-proto': [ '1.0.1' ],
108 silly audit   'has-symbols': [ '1.0.3' ],
108 silly audit   'has-unicode': [ '2.0.1' ],
108 silly audit   'http-errors': [ '2.0.0' ],
108 silly audit   'https-proxy-agent': [ '5.0.1' ],
108 silly audit   'iconv-lite': [ '0.4.24' ],
108 silly audit   'ignore-by-default': [ '1.0.1' ],
108 silly audit   inflight: [ '1.0.6' ],
108 silly audit   inherits: [ '2.0.4' ],
108 silly audit   ip: [ '2.0.0' ],
108 silly audit   'ipaddr.js': [ '1.9.1' ],
108 silly audit   'is-binary-path': [ '2.1.0' ],
108 silly audit   'is-extglob': [ '2.1.1' ],
108 silly audit   'is-fullwidth-code-point': [ '3.0.0' ],
108 silly audit   'is-glob': [ '4.0.3' ],
108 silly audit   'is-number': [ '7.0.0' ],
108 silly audit   'js-tokens': [ '4.0.0' ],
108 silly audit   kareem: [ '2.5.1' ],
108 silly audit   'loose-envify': [ '1.4.0' ],
108 silly audit   'lru-cache': [ '6.0.0' ],
108 silly audit   'make-dir': [ '3.1.0' ],
108 silly audit   semver: [ '6.3.1', '7.5.4' ],
108 silly audit   'media-typer': [ '0.3.0' ],
108 silly audit   'memory-pager': [ '1.5.0' ],
108 silly audit   'merge-descriptors': [ '1.0.1' ],
108 silly audit   methods: [ '1.1.2' ],
108 silly audit   mime: [ '1.6.0' ],
108 silly audit   'mime-db': [ '1.52.0' ],
108 silly audit   'mime-types': [ '2.1.35' ],
108 silly audit   minimatch: [ '3.1.2' ],
108 silly audit   minizlib: [ '2.1.2' ],
108 silly audit   mkdirp: [ '1.0.4' ],
108 silly audit   mongodb: [ '5.9.0' ],
108 silly audit   'mongodb-connection-string-url': [ '2.6.0' ],
108 silly audit   mongoose: [ '7.6.3' ],
108 silly audit   mpath: [ '0.9.0' ],
108 silly audit   mquery: [ '5.0.0' ],
108 silly audit   negotiator: [ '0.6.3' ],
108 silly audit   'node-addon-api': [ '5.1.0' ],
108 silly audit   'node-fetch': [ '2.7.0' ],
108 silly audit   tr46: [ '0.0.3', '3.0.0' ],
108 silly audit   'webidl-conversions': [ '3.0.1', '7.0.0' ],
108 silly audit   'whatwg-url': [ '5.0.0', '11.0.0' ],
108 silly audit   nodemon: [ '3.0.1' ],
108 silly audit   'normalize-path': [ '3.0.0' ],
108 silly audit   npmlog: [ '5.0.1' ],
108 silly audit   'object-assign': [ '4.1.1' ],
108 silly audit   'object-inspect': [ '1.13.0' ],
108 silly audit   'on-finished': [ '2.4.1' ],
108 silly audit   once: [ '1.4.0' ],
108 silly audit   parseurl: [ '1.3.3' ],
108 silly audit   'path-is-absolute': [ '1.0.1' ],
108 silly audit   'path-to-regexp': [ '0.1.7' ],
108 silly audit   picomatch: [ '2.3.1' ],
108 silly audit   'proxy-addr': [ '2.0.7' ],
108 silly audit   'pstree.remy': [ '1.1.8' ],
108 silly audit   punycode: [ '2.3.0' ],
108 silly audit   qs: [ '6.11.0' ],
108 silly audit   'range-parser': [ '1.2.1' ],
108 silly audit   'raw-body': [ '2.5.1' ],
108 silly audit   react: [ '18.2.0' ],
108 silly audit   'react-dom': [ '18.2.0' ],
108 silly audit   'react-hot-toast': [ '2.4.1' ],
108 silly audit   'readable-stream': [ '3.6.2' ],
108 silly audit   readdirp: [ '3.6.0' ],
108 silly audit   rimraf: [ '3.0.2' ],
108 silly audit   'safe-buffer': [ '5.2.1' ],
108 silly audit   'safer-buffer': [ '2.1.2' ],
108 silly audit   scheduler: [ '0.23.0' ],
108 silly audit   send: [ '0.18.0' ],
108 silly audit   'serve-static': [ '1.15.0' ],
108 silly audit   'set-blocking': [ '2.0.0' ],
108 silly audit   setprototypeof: [ '1.2.0' ],
108 silly audit   'side-channel': [ '1.0.4' ],
108 silly audit   sift: [ '16.0.1' ],
108 silly audit   'signal-exit': [ '3.0.7' ],
108 silly audit   'simple-update-notifier': [ '2.0.0' ],
108 silly audit   'smart-buffer': [ '4.2.0' ],
108 silly audit   socks: [ '2.7.1' ],
108 silly audit   'sparse-bitfield': [ '3.0.3' ],
108 silly audit   statuses: [ '2.0.1' ],
108 silly audit   string_decoder: [ '1.3.0' ],
108 silly audit   'string-width': [ '4.2.3' ],
108 silly audit   'strip-ansi': [ '6.0.1' ],
108 silly audit   'supports-color': [ '5.5.0' ],
108 silly audit   tar: [ '6.2.0' ],
108 silly audit   'to-regex-range': [ '5.0.1' ],
108 silly audit   toidentifier: [ '1.0.1' ],
108 silly audit   touch: [ '3.1.0' ],
108 silly audit   'type-is': [ '1.6.18' ],
108 silly audit   undefsafe: [ '2.0.5' ],
108 silly audit   'undici-types': [ '5.25.3' ],
108 silly audit   unpipe: [ '1.0.0' ],
108 silly audit   'util-deprecate': [ '1.0.2' ],
108 silly audit   'utils-merge': [ '1.0.1' ],
108 silly audit   vary: [ '1.1.2' ],
108 silly audit   'wide-align': [ '1.1.5' ],
108 silly audit   wrappy: [ '1.0.2' ],
108 silly audit   yallist: [ '4.0.0' ],
108 silly audit   'cookie-parser': [ '1.4.6' ],
108 silly audit   jsonwebtoken: [ '9.0.2' ],
108 silly audit   jws: [ '3.2.2' ],
108 silly audit   'lodash.includes': [ '4.3.0' ],
108 silly audit   'lodash.isboolean': [ '3.0.3' ],
108 silly audit   'lodash.isinteger': [ '4.0.4' ],
108 silly audit   'lodash.isnumber': [ '3.0.3' ],
108 silly audit   'lodash.isplainobject': [ '4.0.6' ],
108 silly audit   'lodash.isstring': [ '4.0.1' ],
108 silly audit   'lodash.once': [ '4.1.1' ],
108 silly audit   jwa: [ '1.4.1' ],
108 silly audit   'buffer-equal-constant-time': [ '1.0.1' ],
108 silly audit   'ecdsa-sig-formatter': [ '1.0.11' ]
108 silly audit }
109 silly tarball no local data for lodash.once@https://registry.npmjs.org/lodash.once/-/lodash.once-4.1.1.tgz. Extracting by manifest.
110 silly tarball no local data for buffer-equal-constant-time@https://registry.npmjs.org/buffer-equal-constant-time/-/buffer-equal-constant-time-1.0.1.tgz. Extracting by manifest.
111 silly tarball no local data for lodash.isstring@https://registry.npmjs.org/lodash.isstring/-/lodash.isstring-4.0.1.tgz. Extracting by manifest.
112 silly tarball no local data for jwa@https://registry.npmjs.org/jwa/-/jwa-1.4.1.tgz. Extracting by manifest.
113 silly tarball no local data for ecdsa-sig-formatter@https://registry.npmjs.org/ecdsa-sig-formatter/-/ecdsa-sig-formatter-1.0.11.tgz. Extracting by manifest.
114 silly tarball no local data for lodash.isnumber@https://registry.npmjs.org/lodash.isnumber/-/lodash.isnumber-3.0.3.tgz. Extracting by manifest.
115 silly tarball no local data for lodash.isinteger@https://registry.npmjs.org/lodash.isinteger/-/lodash.isinteger-4.0.4.tgz. Extracting by manifest.
116 silly tarball no local data for lodash.isboolean@https://registry.npmjs.org/lodash.isboolean/-/lodash.isboolean-3.0.3.tgz. Extracting by manifest.
117 silly tarball no local data for lodash.includes@https://registry.npmjs.org/lodash.includes/-/lodash.includes-4.3.0.tgz. Extracting by manifest.
118 silly tarball no local data for jsonwebtoken@https://registry.npmjs.org/jsonwebtoken/-/jsonwebtoken-9.0.2.tgz. Extracting by manifest.
119 silly tarball no local data for jws@https://registry.npmjs.org/jws/-/jws-3.2.2.tgz. Extracting by manifest.
120 silly tarball no local data for cookie@https://registry.npmjs.org/cookie/-/cookie-0.4.1.tgz. Extracting by manifest.
121 silly tarball no local data for cookie-parser@https://registry.npmjs.org/cookie-parser/-/cookie-parser-1.4.6.tgz. Extracting by manifest.
122 silly tarball no local data for lodash.isplainobject@https://registry.npmjs.org/lodash.isplainobject/-/lodash.isplainobject-4.0.6.tgz. Extracting by manifest.
123 timing reifyNode:node_modules/jsonwebtoken/node_modules/ms Completed in 41ms
124 http fetch GET 200 https://registry.npmjs.org/lodash.once/-/lodash.once-4.1.1.tgz 53ms (cache miss)
125 timing reifyNode:node_modules/lodash.once Completed in 63ms
126 http fetch GET 200 https://registry.npmjs.org/lodash.isinteger/-/lodash.isinteger-4.0.4.tgz 91ms (cache miss)
127 timing reifyNode:node_modules/lodash.isinteger Completed in 105ms
128 http fetch GET 200 https://registry.npmjs.org/ecdsa-sig-formatter/-/ecdsa-sig-formatter-1.0.11.tgz 94ms (cache miss)
129 timing reifyNode:node_modules/ecdsa-sig-formatter Completed in 106ms
130 http fetch GET 200 https://registry.npmjs.org/jwa/-/jwa-1.4.1.tgz 95ms (cache miss)
131 timing reifyNode:node_modules/jwa Completed in 107ms
132 http fetch GET 200 https://registry.npmjs.org/lodash.isboolean/-/lodash.isboolean-3.0.3.tgz 93ms (cache miss)
133 timing reifyNode:node_modules/lodash.isboolean Completed in 107ms
134 http fetch GET 200 https://registry.npmjs.org/lodash.isnumber/-/lodash.isnumber-3.0.3.tgz 95ms (cache miss)
135 timing reifyNode:node_modules/lodash.isnumber Completed in 108ms
136 http fetch GET 200 https://registry.npmjs.org/buffer-equal-constant-time/-/buffer-equal-constant-time-1.0.1.tgz 105ms (cache miss)
137 timing reifyNode:node_modules/buffer-equal-constant-time Completed in 116ms
138 http fetch GET 200 https://registry.npmjs.org/lodash.isstring/-/lodash.isstring-4.0.1.tgz 106ms (cache miss)
139 timing reifyNode:node_modules/lodash.isstring Completed in 117ms
140 http fetch GET 200 https://registry.npmjs.org/lodash.includes/-/lodash.includes-4.3.0.tgz 103ms (cache miss)
141 timing reifyNode:node_modules/lodash.includes Completed in 118ms
142 http fetch GET 200 https://registry.npmjs.org/cookie-parser/-/cookie-parser-1.4.6.tgz 164ms (cache miss)
143 timing reifyNode:node_modules/cookie-parser Completed in 182ms
144 http fetch GET 200 https://registry.npmjs.org/jws/-/jws-3.2.2.tgz 166ms (cache miss)
145 timing reifyNode:node_modules/jws Completed in 183ms
146 http fetch GET 200 https://registry.npmjs.org/lodash.isplainobject/-/lodash.isplainobject-4.0.6.tgz 164ms (cache miss)
147 timing reifyNode:node_modules/lodash.isplainobject Completed in 184ms
148 http fetch GET 200 https://registry.npmjs.org/cookie/-/cookie-0.4.1.tgz 167ms (cache miss)
149 timing reifyNode:node_modules/cookie-parser/node_modules/cookie Completed in 185ms
150 http fetch GET 200 https://registry.npmjs.org/jsonwebtoken/-/jsonwebtoken-9.0.2.tgz 169ms (cache miss)
151 timing reifyNode:node_modules/jsonwebtoken Completed in 185ms
152 timing reify:unpack Completed in 186ms
153 timing reify:unretire Completed in 0ms
154 timing build:queue Completed in 0ms
155 timing build:deps Completed in 1ms
156 timing build Completed in 1ms
157 timing reify:build Completed in 2ms
158 timing reify:trash Completed in 0ms
159 http fetch POST 200 https://registry.npmjs.org/-/npm/v1/security/advisories/bulk 424ms
160 timing auditReport:getReport Completed in 428ms
161 silly audit report {}
162 timing auditReport:init Completed in 0ms
163 timing reify:audit Completed in 429ms
164 timing reify:save Completed in 234ms
165 timing reify Completed in 1160ms
166 silly ADD node_modules/ecdsa-sig-formatter
167 silly ADD node_modules/buffer-equal-constant-time
168 silly ADD node_modules/jwa
169 silly ADD node_modules/lodash.once
170 silly ADD node_modules/lodash.isstring
171 silly ADD node_modules/lodash.isplainobject
172 silly ADD node_modules/lodash.isnumber
173 silly ADD node_modules/lodash.isinteger
174 silly ADD node_modules/lodash.isboolean
175 silly ADD node_modules/lodash.includes
176 silly ADD node_modules/jws
177 silly ADD node_modules/jsonwebtoken
178 silly ADD node_modules/jsonwebtoken/node_modules/ms
179 silly ADD node_modules/cookie-parser
180 silly ADD node_modules/cookie-parser/node_modules/cookie
181 timing command:i Completed in 1168ms
182 verbose exit 0
183 timing npm Completed in 1545ms
184 info ok
