0 verbose cli /Users/camis/.nvm/versions/node/v18.18.0/bin/node /Users/camis/.nvm/versions/node/v18.18.0/bin/npm
1 info using npm@10.2.0
2 info using node@v18.18.0
3 timing npm:load:whichnode Completed in 1ms
4 timing config:load:defaults Completed in 1ms
5 timing config:load:file:/Users/camis/.nvm/versions/node/v18.18.0/lib/node_modules/npm/npmrc Completed in 1ms
6 timing config:load:builtin Completed in 1ms
7 timing config:load:cli Completed in 2ms
8 timing config:load:env Completed in 0ms
9 timing config:load:file:/Users/camis/Desktop/ChasAcademy/u09-avancerad-javascript/backend/.npmrc Completed in 0ms
10 timing config:load:project Completed in 5ms
11 timing config:load:file:/Users/camis/.npmrc Completed in 2ms
12 timing config:load:user Completed in 2ms
13 timing config:load:file:/Users/camis/.nvm/versions/node/v18.18.0/etc/npmrc Completed in 0ms
14 timing config:load:global Completed in 0ms
15 timing config:load:setEnvs Completed in 1ms
16 timing config:load Completed in 12ms
17 timing npm:load:configload Completed in 13ms
18 timing config:load:flatten Completed in 2ms
19 timing npm:load:mkdirpcache Completed in 0ms
20 timing npm:load:mkdirplogs Completed in 0ms
21 verbose title npm i bcrypt
22 verbose argv "i" "bcrypt"
23 timing npm:load:setTitle Completed in 18ms
24 timing npm:load:display Completed in 1ms
25 verbose logfile logs-max:10 dir:/Users/camis/Desktop/ChasAcademy/u09-avancerad-javascript/backend/"/Users/camis/.npm/_logs/2023-10-18T09_43_33_476Z-
26 verbose logfile /Users/camis/Desktop/ChasAcademy/u09-avancerad-javascript/backend/"/Users/camis/.npm/_logs/2023-10-18T09_43_33_476Z-debug-0.log
27 timing npm:load:logFile Completed in 9ms
28 timing npm:load:timers Completed in 0ms
29 timing npm:load:configScope Completed in 0ms
30 timing npm:load Completed in 57ms
31 timing arborist:ctor Completed in 1ms
32 silly logfile done cleaning log files
33 timing idealTree:init Completed in 59ms
34 timing idealTree:userRequests Completed in 1ms
35 silly idealTree buildDeps
36 silly fetch manifest bcrypt@*
37 timing arborist:ctor Completed in 0ms
38 http fetch GET 200 https://registry.npmjs.org/bcrypt 199ms (cache miss)
39 silly placeDep ROOT bcrypt@5.1.1 OK for: backend@1.0.0 want: *
40 silly fetch manifest @mapbox/node-pre-gyp@^1.0.11
41 silly fetch manifest node-addon-api@^5.0.0
42 http fetch GET 200 https://registry.npmjs.org/@mapbox%2fnode-pre-gyp 54ms (cache miss)
43 http fetch GET 200 https://registry.npmjs.org/node-addon-api 75ms (cache miss)
44 timing idealTree:#root Completed in 283ms
45 silly placeDep ROOT @mapbox/node-pre-gyp@1.0.11 OK for: bcrypt@5.1.1 want: ^1.0.11
46 silly fetch manifest detect-libc@^2.0.0
47 silly fetch manifest https-proxy-agent@^5.0.0
48 silly fetch manifest make-dir@^3.1.0
49 silly fetch manifest node-fetch@^2.6.7
50 silly fetch manifest nopt@^5.0.0
51 silly fetch manifest npmlog@^5.0.1
52 silly fetch manifest rimraf@^3.0.2
53 silly fetch manifest tar@^6.1.11
54 silly placeDep ROOT node-addon-api@5.1.0 OK for: bcrypt@5.1.1 want: ^5.0.0
55 http fetch GET 200 https://registry.npmjs.org/nopt 105ms (cache revalidated)
56 http fetch GET 200 https://registry.npmjs.org/node-fetch 115ms (cache miss)
57 http fetch GET 200 https://registry.npmjs.org/make-dir 122ms (cache miss)
58 http fetch GET 200 https://registry.npmjs.org/npmlog 129ms (cache miss)
59 http fetch GET 200 https://registry.npmjs.org/https-proxy-agent 136ms (cache miss)
60 http fetch GET 200 https://registry.npmjs.org/rimraf 149ms (cache miss)
61 http fetch GET 200 https://registry.npmjs.org/tar 161ms (cache miss)
62 http fetch GET 200 https://registry.npmjs.org/detect-libc 932ms (cache miss)
63 timing idealTree:node_modules/bcrypt Completed in 935ms
64 silly fetch manifest encoding@^0.1.0
65 http fetch GET 200 https://registry.npmjs.org/encoding 28ms (cache miss)
66 silly placeDep ROOT detect-libc@2.0.2 OK for: @mapbox/node-pre-gyp@1.0.11 want: ^2.0.0
67 silly placeDep ROOT https-proxy-agent@5.0.1 OK for: @mapbox/node-pre-gyp@1.0.11 want: ^5.0.0
68 silly fetch manifest agent-base@6
69 silly fetch manifest debug@4
70 silly placeDep ROOT make-dir@3.1.0 OK for: @mapbox/node-pre-gyp@1.0.11 want: ^3.1.0
71 silly fetch manifest semver@^6.0.0
72 silly placeDep ROOT node-fetch@2.7.0 OK for: @mapbox/node-pre-gyp@1.0.11 want: ^2.6.7
73 silly fetch manifest whatwg-url@^5.0.0
74 silly placeDep node_modules/@mapbox/node-pre-gyp nopt@5.0.0 OK for: @mapbox/node-pre-gyp@1.0.11 want: ^5.0.0
75 silly placeDep ROOT npmlog@5.0.1 OK for: @mapbox/node-pre-gyp@1.0.11 want: ^5.0.1
76 silly fetch manifest are-we-there-yet@^2.0.0
77 silly fetch manifest console-control-strings@^1.1.0
78 silly fetch manifest gauge@^3.0.0
79 silly fetch manifest set-blocking@^2.0.0
80 silly placeDep ROOT rimraf@3.0.2 OK for: @mapbox/node-pre-gyp@1.0.11 want: ^3.0.2
81 silly fetch manifest glob@^7.1.3
82 silly placeDep ROOT tar@6.2.0 OK for: @mapbox/node-pre-gyp@1.0.11 want: ^6.1.11
83 silly fetch manifest chownr@^2.0.0
84 silly fetch manifest fs-minipass@^2.0.0
85 silly fetch manifest minipass@^5.0.0
86 silly fetch manifest minizlib@^2.1.1
87 silly fetch manifest mkdirp@^1.0.3
88 http fetch GET 200 https://registry.npmjs.org/set-blocking 633ms (cache miss)
89 http fetch GET 200 https://registry.npmjs.org/console-control-strings 634ms (cache miss)
90 http fetch GET 200 https://registry.npmjs.org/chownr 631ms (cache miss)
91 http fetch GET 200 https://registry.npmjs.org/are-we-there-yet 644ms (cache miss)
92 http fetch GET 200 https://registry.npmjs.org/gauge 645ms (cache miss)
93 http fetch GET 200 https://registry.npmjs.org/fs-minipass 653ms (cache miss)
94 http fetch GET 200 https://registry.npmjs.org/agent-base 669ms (cache miss)
95 http fetch GET 200 https://registry.npmjs.org/glob 711ms (cache miss)
96 http fetch GET 200 https://registry.npmjs.org/debug 865ms (cache revalidated)
97 http fetch GET 200 https://registry.npmjs.org/whatwg-url 865ms (cache revalidated)
98 http fetch GET 200 https://registry.npmjs.org/semver 884ms (cache revalidated)
99 http fetch GET 200 https://registry.npmjs.org/minizlib 871ms (cache miss)
100 http fetch GET 200 https://registry.npmjs.org/mkdirp 884ms (cache miss)
101 http fetch GET 200 https://registry.npmjs.org/minipass 916ms (cache miss)
102 timing idealTree:node_modules/@mapbox/node-pre-gyp Completed in 969ms
103 timing idealTree:node_modules/detect-libc Completed in 0ms
104 silly placeDep ROOT agent-base@6.0.2 OK for: https-proxy-agent@5.0.1 want: 6
105 silly placeDep node_modules/https-proxy-agent debug@4.3.4 OK for: https-proxy-agent@5.0.1 want: 4
106 silly fetch manifest ms@2.1.2
107 http fetch GET 200 https://registry.npmjs.org/ms 64ms (cache revalidated)
108 timing idealTree:node_modules/https-proxy-agent Completed in 69ms
109 silly placeDep node_modules/agent-base debug@4.3.4 OK for: agent-base@6.0.2 want: 4
110 timing idealTree:node_modules/agent-base Completed in 2ms
111 silly placeDep node_modules/make-dir semver@6.3.1 OK for: make-dir@3.1.0 want: ^6.0.0
112 timing idealTree:node_modules/make-dir Completed in 1ms
113 timing idealTree:node_modules/node-addon-api Completed in 0ms
114 silly placeDep node_modules/node-fetch whatwg-url@5.0.0 OK for: node-fetch@2.7.0 want: ^5.0.0
115 silly fetch manifest tr46@~0.0.3
116 silly fetch manifest webidl-conversions@^3.0.0
117 http fetch GET 200 https://registry.npmjs.org/tr46 29ms (cache revalidated)
118 http fetch GET 200 https://registry.npmjs.org/webidl-conversions 38ms (cache revalidated)
119 timing idealTree:node_modules/node-fetch Completed in 43ms
120 silly placeDep ROOT are-we-there-yet@2.0.0 OK for: npmlog@5.0.1 want: ^2.0.0
121 silly fetch manifest delegates@^1.0.0
122 silly fetch manifest readable-stream@^3.6.0
123 silly placeDep ROOT console-control-strings@1.1.0 OK for: npmlog@5.0.1 want: ^1.1.0
124 silly placeDep ROOT gauge@3.0.2 OK for: npmlog@5.0.1 want: ^3.0.0
125 silly fetch manifest aproba@^1.0.3 || ^2.0.0
126 silly fetch manifest color-support@^1.1.2
127 silly fetch manifest has-unicode@^2.0.1
128 silly fetch manifest signal-exit@^3.0.0
129 silly fetch manifest string-width@^4.2.3
130 silly fetch manifest strip-ansi@^6.0.1
131 silly fetch manifest wide-align@^1.1.2
132 silly placeDep ROOT set-blocking@2.0.0 OK for: npmlog@5.0.1 want: ^2.0.0
133 http fetch GET 200 https://registry.npmjs.org/wide-align 44ms (cache miss)
134 http fetch GET 200 https://registry.npmjs.org/delegates 56ms (cache miss)
135 http fetch GET 200 https://registry.npmjs.org/has-unicode 52ms (cache miss)
136 http fetch GET 200 https://registry.npmjs.org/aproba 54ms (cache miss)
137 http fetch GET 200 https://registry.npmjs.org/color-support 54ms (cache miss)
138 http fetch GET 200 https://registry.npmjs.org/strip-ansi 61ms (cache miss)
139 http fetch GET 200 https://registry.npmjs.org/signal-exit 69ms (cache miss)
140 http fetch GET 200 https://registry.npmjs.org/string-width 70ms (cache miss)
141 http fetch GET 200 https://registry.npmjs.org/readable-stream 76ms (cache miss)
142 timing idealTree:node_modules/npmlog Completed in 81ms
143 silly placeDep ROOT delegates@1.0.0 OK for: are-we-there-yet@2.0.0 want: ^1.0.0
144 silly placeDep ROOT readable-stream@3.6.2 OK for: are-we-there-yet@2.0.0 want: ^3.6.0
145 silly fetch manifest string_decoder@^1.1.1
146 silly fetch manifest util-deprecate@^1.0.1
147 http fetch GET 200 https://registry.npmjs.org/util-deprecate 63ms (cache miss)
148 http fetch GET 200 https://registry.npmjs.org/string_decoder 63ms (cache miss)
149 timing idealTree:node_modules/are-we-there-yet Completed in 67ms
150 timing idealTree:node_modules/console-control-strings Completed in 0ms
151 timing idealTree:node_modules/delegates Completed in 0ms
152 silly placeDep ROOT aproba@2.0.0 OK for: gauge@3.0.2 want: ^1.0.3 || ^2.0.0
153 silly placeDep ROOT color-support@1.1.3 OK for: gauge@3.0.2 want: ^1.1.2
154 silly placeDep ROOT has-unicode@2.0.1 OK for: gauge@3.0.2 want: ^2.0.1
155 silly placeDep ROOT signal-exit@3.0.7 OK for: gauge@3.0.2 want: ^3.0.0
156 silly placeDep ROOT string-width@4.2.3 OK for: gauge@3.0.2 want: ^4.2.3
157 silly fetch manifest emoji-regex@^8.0.0
158 silly fetch manifest is-fullwidth-code-point@^3.0.0
159 silly placeDep ROOT strip-ansi@6.0.1 OK for: gauge@3.0.2 want: ^6.0.1
160 silly fetch manifest ansi-regex@^5.0.1
161 silly placeDep ROOT wide-align@1.1.5 OK for: gauge@3.0.2 want: ^1.1.2
162 http fetch GET 200 https://registry.npmjs.org/is-fullwidth-code-point 97ms (cache miss)
163 http fetch GET 200 https://registry.npmjs.org/ansi-regex 96ms (cache miss)
164 http fetch GET 200 https://registry.npmjs.org/emoji-regex 134ms (cache miss)
165 timing idealTree:node_modules/gauge Completed in 142ms
166 timing idealTree:node_modules/aproba Completed in 0ms
167 timing idealTree:node_modules/color-support Completed in 0ms
168 timing idealTree:node_modules/has-unicode Completed in 0ms
169 silly placeDep ROOT string_decoder@1.3.0 OK for: readable-stream@3.6.2 want: ^1.1.1
170 silly placeDep ROOT util-deprecate@1.0.2 OK for: readable-stream@3.6.2 want: ^1.0.1
171 timing idealTree:node_modules/readable-stream Completed in 3ms
172 silly placeDep ROOT glob@7.2.3 OK for: rimraf@3.0.2 want: ^7.1.3
173 silly fetch manifest fs.realpath@^1.0.0
174 silly fetch manifest inflight@^1.0.4
175 silly fetch manifest once@^1.3.0
176 silly fetch manifest path-is-absolute@^1.0.0
177 http fetch GET 200 https://registry.npmjs.org/fs.realpath 446ms (cache miss)
178 http fetch GET 200 https://registry.npmjs.org/path-is-absolute 446ms (cache miss)
179 http fetch GET 200 https://registry.npmjs.org/inflight 447ms (cache miss)
180 http fetch GET 200 https://registry.npmjs.org/once 449ms (cache miss)
181 timing idealTree:node_modules/rimraf Completed in 453ms
182 silly placeDep ROOT fs.realpath@1.0.0 OK for: glob@7.2.3 want: ^1.0.0
183 silly placeDep ROOT inflight@1.0.6 OK for: glob@7.2.3 want: ^1.0.4
184 silly fetch manifest wrappy@1
185 silly placeDep ROOT once@1.4.0 OK for: glob@7.2.3 want: ^1.3.0
186 silly placeDep ROOT path-is-absolute@1.0.1 OK for: glob@7.2.3 want: ^1.0.0
187 http fetch GET 200 https://registry.npmjs.org/wrappy 34ms (cache miss)
188 timing idealTree:node_modules/glob Completed in 37ms
189 timing idealTree:node_modules/fs.realpath Completed in 0ms
190 silly placeDep ROOT wrappy@1.0.2 OK for: inflight@1.0.6 want: 1
191 timing idealTree:node_modules/inflight Completed in 2ms
192 timing idealTree:node_modules/once Completed in 0ms
193 timing idealTree:node_modules/path-is-absolute Completed in 0ms
194 timing idealTree:node_modules/set-blocking Completed in 0ms
195 timing idealTree:node_modules/signal-exit Completed in 0ms
196 timing idealTree:node_modules/string_decoder Completed in 0ms
197 silly placeDep ROOT emoji-regex@8.0.0 OK for: string-width@4.2.3 want: ^8.0.0
198 silly placeDep ROOT is-fullwidth-code-point@3.0.0 OK for: string-width@4.2.3 want: ^3.0.0
199 timing idealTree:node_modules/string-width Completed in 2ms
200 timing idealTree:node_modules/emoji-regex Completed in 0ms
201 timing idealTree:node_modules/is-fullwidth-code-point Completed in 0ms
202 silly placeDep ROOT ansi-regex@5.0.1 OK for: strip-ansi@6.0.1 want: ^5.0.1
203 timing idealTree:node_modules/strip-ansi Completed in 1ms
204 timing idealTree:node_modules/ansi-regex Completed in 0ms
205 silly placeDep ROOT chownr@2.0.0 OK for: tar@6.2.0 want: ^2.0.0
206 silly placeDep ROOT fs-minipass@2.1.0 OK for: tar@6.2.0 want: ^2.0.0
207 silly fetch manifest minipass@^3.0.0
208 silly placeDep ROOT minipass@5.0.0 OK for: tar@6.2.0 want: ^5.0.0
209 silly placeDep ROOT minizlib@2.1.2 OK for: tar@6.2.0 want: ^2.1.1
210 silly placeDep ROOT mkdirp@1.0.4 OK for: tar@6.2.0 want: ^1.0.3
211 timing idealTree:node_modules/tar Completed in 7ms
212 timing idealTree:node_modules/chownr Completed in 0ms
213 silly placeDep node_modules/fs-minipass minipass@3.3.6 OK for: fs-minipass@2.1.0 want: ^3.0.0
214 timing idealTree:node_modules/fs-minipass Completed in 1ms
215 timing idealTree:node_modules/minipass Completed in 0ms
216 silly placeDep node_modules/minizlib minipass@3.3.6 OK for: minizlib@2.1.2 want: ^3.0.0
217 timing idealTree:node_modules/minizlib Completed in 2ms
218 timing idealTree:node_modules/mkdirp Completed in 0ms
219 timing idealTree:node_modules/util-deprecate Completed in 0ms
220 timing idealTree:node_modules/wide-align Completed in 0ms
221 timing idealTree:node_modules/wrappy Completed in 0ms
222 timing idealTree:node_modules/@mapbox/node-pre-gyp/node_modules/nopt Completed in 0ms
223 silly placeDep node_modules/agent-base ms@2.1.2 OK for: debug@4.3.4 want: 2.1.2
224 timing idealTree:node_modules/agent-base/node_modules/debug Completed in 2ms
225 timing idealTree:node_modules/agent-base/node_modules/ms Completed in 0ms
226 timing idealTree:node_modules/fs-minipass/node_modules/minipass Completed in 0ms
227 silly placeDep node_modules/https-proxy-agent ms@2.1.2 OK for: debug@4.3.4 want: 2.1.2
228 timing idealTree:node_modules/https-proxy-agent/node_modules/debug Completed in 2ms
229 timing idealTree:node_modules/https-proxy-agent/node_modules/ms Completed in 0ms
230 timing idealTree:node_modules/make-dir/node_modules/semver Completed in 0ms
231 timing idealTree:node_modules/minizlib/node_modules/minipass Completed in 0ms
232 silly placeDep node_modules/node-fetch tr46@0.0.3 OK for: whatwg-url@5.0.0 want: ~0.0.3
233 silly placeDep node_modules/node-fetch webidl-conversions@3.0.1 OK for: whatwg-url@5.0.0 want: ^3.0.0
234 timing idealTree:node_modules/node-fetch/node_modules/whatwg-url Completed in 3ms
235 timing idealTree:node_modules/node-fetch/node_modules/tr46 Completed in 0ms
236 timing idealTree:node_modules/node-fetch/node_modules/webidl-conversions Completed in 0ms
237 timing idealTree:buildDeps Completed in 3110ms
238 timing idealTree:fixDepFlags Completed in 1ms
239 timing idealTree Completed in 3174ms
240 timing reify:loadTrees Completed in 3175ms
241 timing reify:diffTrees Completed in 4ms
242 silly reify moves {}
243 timing reify:retireShallow Completed in 1ms
244 timing reify:createSparse Completed in 8ms
245 timing reify:loadBundles Completed in 0ms
246 silly audit bulk request {
246 silly audit   '@mongodb-js/saslprep': [ '1.1.0' ],
246 silly audit   '@types/node': [ '20.8.6' ],
246 silly audit   '@types/webidl-conversions': [ '7.0.1' ],
246 silly audit   '@types/whatwg-url': [ '8.2.2' ],
246 silly audit   abbrev: [ '1.1.1' ],
246 silly audit   accepts: [ '1.3.8' ],
246 silly audit   anymatch: [ '3.1.3' ],
246 silly audit   'array-flatten': [ '1.1.1' ],
246 silly audit   'balanced-match': [ '1.0.2' ],
246 silly audit   'binary-extensions': [ '2.2.0' ],
246 silly audit   'body-parser': [ '1.20.1' ],
246 silly audit   'brace-expansion': [ '1.1.11' ],
246 silly audit   braces: [ '3.0.2' ],
246 silly audit   bson: [ '5.5.0' ],
246 silly audit   bytes: [ '3.1.2' ],
246 silly audit   'call-bind': [ '1.0.2' ],
246 silly audit   chokidar: [ '3.5.3' ],
246 silly audit   'concat-map': [ '0.0.1' ],
246 silly audit   'content-disposition': [ '0.5.4' ],
246 silly audit   'content-type': [ '1.0.5' ],
246 silly audit   cookie: [ '0.5.0' ],
246 silly audit   'cookie-signature': [ '1.0.6' ],
246 silly audit   cors: [ '2.8.5' ],
246 silly audit   csstype: [ '3.1.2' ],
246 silly audit   debug: [ '2.6.9', '4.3.4', '3.2.7' ],
246 silly audit   depd: [ '2.0.0' ],
246 silly audit   destroy: [ '1.2.0' ],
246 silly audit   dotenv: [ '16.3.1' ],
246 silly audit   'ee-first': [ '1.1.1' ],
246 silly audit   encodeurl: [ '1.0.2' ],
246 silly audit   'escape-html': [ '1.0.3' ],
246 silly audit   etag: [ '1.8.1' ],
246 silly audit   express: [ '4.18.2' ],
246 silly audit   'fill-range': [ '7.0.1' ],
246 silly audit   finalhandler: [ '1.2.0' ],
246 silly audit   forwarded: [ '0.2.0' ],
246 silly audit   fresh: [ '0.5.2' ],
246 silly audit   fsevents: [ '2.3.3' ],
246 silly audit   'function-bind': [ '1.1.2' ],
246 silly audit   'get-intrinsic': [ '1.2.1' ],
246 silly audit   'glob-parent': [ '5.1.2' ],
246 silly audit   goober: [ '2.1.13' ],
246 silly audit   has: [ '1.0.4' ],
246 silly audit   'has-flag': [ '3.0.0' ],
246 silly audit   'has-proto': [ '1.0.1' ],
246 silly audit   'has-symbols': [ '1.0.3' ],
246 silly audit   'http-errors': [ '2.0.0' ],
246 silly audit   'iconv-lite': [ '0.4.24' ],
246 silly audit   'ignore-by-default': [ '1.0.1' ],
246 silly audit   inherits: [ '2.0.4' ],
246 silly audit   ip: [ '2.0.0' ],
246 silly audit   'ipaddr.js': [ '1.9.1' ],
246 silly audit   'is-binary-path': [ '2.1.0' ],
246 silly audit   'is-extglob': [ '2.1.1' ],
246 silly audit   'is-glob': [ '4.0.3' ],
246 silly audit   'is-number': [ '7.0.0' ],
246 silly audit   'js-tokens': [ '4.0.0' ],
246 silly audit   kareem: [ '2.5.1' ],
246 silly audit   'loose-envify': [ '1.4.0' ],
246 silly audit   'lru-cache': [ '6.0.0' ],
246 silly audit   'media-typer': [ '0.3.0' ],
246 silly audit   'memory-pager': [ '1.5.0' ],
246 silly audit   'merge-descriptors': [ '1.0.1' ],
246 silly audit   methods: [ '1.1.2' ],
246 silly audit   mime: [ '1.6.0' ],
246 silly audit   'mime-db': [ '1.52.0' ],
246 silly audit   'mime-types': [ '2.1.35' ],
246 silly audit   minimatch: [ '3.1.2' ],
246 silly audit   mongodb: [ '5.9.0' ],
246 silly audit   'mongodb-connection-string-url': [ '2.6.0' ],
246 silly audit   mongoose: [ '7.6.3' ],
246 silly audit   ms: [ '2.1.3', '2.1.2', '2.0.0' ],
246 silly audit   mpath: [ '0.9.0' ],
246 silly audit   mquery: [ '5.0.0' ],
246 silly audit   negotiator: [ '0.6.3' ],
246 silly audit   nodemon: [ '3.0.1' ],
246 silly audit   nopt: [ '1.0.10', '5.0.0' ],
246 silly audit   'normalize-path': [ '3.0.0' ],
246 silly audit   'object-assign': [ '4.1.1' ],
246 silly audit   'object-inspect': [ '1.13.0' ],
246 silly audit   'on-finished': [ '2.4.1' ],
246 silly audit   parseurl: [ '1.3.3' ],
246 silly audit   'path-to-regexp': [ '0.1.7' ],
246 silly audit   picomatch: [ '2.3.1' ],
246 silly audit   'proxy-addr': [ '2.0.7' ],
246 silly audit   'pstree.remy': [ '1.1.8' ],
246 silly audit   punycode: [ '2.3.0' ],
246 silly audit   qs: [ '6.11.0' ],
246 silly audit   'range-parser': [ '1.2.1' ],
246 silly audit   'raw-body': [ '2.5.1' ],
246 silly audit   react: [ '18.2.0' ],
246 silly audit   'react-dom': [ '18.2.0' ],
246 silly audit   'react-hot-toast': [ '2.4.1' ],
246 silly audit   readdirp: [ '3.6.0' ],
246 silly audit   'safe-buffer': [ '5.2.1' ],
246 silly audit   'safer-buffer': [ '2.1.2' ],
246 silly audit   scheduler: [ '0.23.0' ],
246 silly audit   semver: [ '7.5.4', '6.3.1' ],
246 silly audit   send: [ '0.18.0' ],
246 silly audit   'serve-static': [ '1.15.0' ],
246 silly audit   setprototypeof: [ '1.2.0' ],
246 silly audit   'side-channel': [ '1.0.4' ],
246 silly audit   sift: [ '16.0.1' ],
246 silly audit   'simple-update-notifier': [ '2.0.0' ],
246 silly audit   'smart-buffer': [ '4.2.0' ],
246 silly audit   socks: [ '2.7.1' ],
246 silly audit   'sparse-bitfield': [ '3.0.3' ],
246 silly audit   statuses: [ '2.0.1' ],
246 silly audit   'supports-color': [ '5.5.0' ],
246 silly audit   'to-regex-range': [ '5.0.1' ],
246 silly audit   toidentifier: [ '1.0.1' ],
246 silly audit   touch: [ '3.1.0' ],
246 silly audit   tr46: [ '3.0.0', '0.0.3' ],
246 silly audit   'type-is': [ '1.6.18' ],
246 silly audit   undefsafe: [ '2.0.5' ],
246 silly audit   'undici-types': [ '5.25.3' ],
246 silly audit   unpipe: [ '1.0.0' ],
246 silly audit   'utils-merge': [ '1.0.1' ],
246 silly audit   vary: [ '1.1.2' ],
246 silly audit   'webidl-conversions': [ '7.0.0', '3.0.1' ],
246 silly audit   'whatwg-url': [ '11.0.0', '5.0.0' ],
246 silly audit   yallist: [ '4.0.0' ],
246 silly audit   bcrypt: [ '5.1.1' ],
246 silly audit   '@mapbox/node-pre-gyp': [ '1.0.11' ],
246 silly audit   'node-addon-api': [ '5.1.0' ],
246 silly audit   'detect-libc': [ '2.0.2' ],
246 silly audit   'https-proxy-agent': [ '5.0.1' ],
246 silly audit   'make-dir': [ '3.1.0' ],
246 silly audit   'node-fetch': [ '2.7.0' ],
246 silly audit   npmlog: [ '5.0.1' ],
246 silly audit   rimraf: [ '3.0.2' ],
246 silly audit   tar: [ '6.2.0' ],
246 silly audit   'agent-base': [ '6.0.2' ],
246 silly audit   'are-we-there-yet': [ '2.0.0' ],
246 silly audit   'console-control-strings': [ '1.1.0' ],
246 silly audit   gauge: [ '3.0.2' ],
246 silly audit   'set-blocking': [ '2.0.0' ],
246 silly audit   delegates: [ '1.0.0' ],
246 silly audit   'readable-stream': [ '3.6.2' ],
246 silly audit   aproba: [ '2.0.0' ],
246 silly audit   'color-support': [ '1.1.3' ],
246 silly audit   'has-unicode': [ '2.0.1' ],
246 silly audit   'signal-exit': [ '3.0.7' ],
246 silly audit   'string-width': [ '4.2.3' ],
246 silly audit   'strip-ansi': [ '6.0.1' ],
246 silly audit   'wide-align': [ '1.1.5' ],
246 silly audit   string_decoder: [ '1.3.0' ],
246 silly audit   'util-deprecate': [ '1.0.2' ],
246 silly audit   glob: [ '7.2.3' ],
246 silly audit   'fs.realpath': [ '1.0.0' ],
246 silly audit   inflight: [ '1.0.6' ],
246 silly audit   once: [ '1.4.0' ],
246 silly audit   'path-is-absolute': [ '1.0.1' ],
246 silly audit   wrappy: [ '1.0.2' ],
246 silly audit   'emoji-regex': [ '8.0.0' ],
246 silly audit   'is-fullwidth-code-point': [ '3.0.0' ],
246 silly audit   'ansi-regex': [ '5.0.1' ],
246 silly audit   chownr: [ '2.0.0' ],
246 silly audit   'fs-minipass': [ '2.1.0' ],
246 silly audit   minipass: [ '5.0.0', '3.3.6' ],
246 silly audit   minizlib: [ '2.1.2' ],
246 silly audit   mkdirp: [ '1.0.4' ]
246 silly audit }
247 silly tarball no local data for mkdirp@https://registry.npmjs.org/mkdirp/-/mkdirp-1.0.4.tgz. Extracting by manifest.
248 silly tarball no local data for minizlib@https://registry.npmjs.org/minizlib/-/minizlib-2.1.2.tgz. Extracting by manifest.
249 silly tarball no local data for minipass@https://registry.npmjs.org/minipass/-/minipass-5.0.0.tgz. Extracting by manifest.
250 silly tarball no local data for chownr@https://registry.npmjs.org/chownr/-/chownr-2.0.0.tgz. Extracting by manifest.
251 silly tarball no local data for ansi-regex@https://registry.npmjs.org/ansi-regex/-/ansi-regex-5.0.1.tgz. Extracting by manifest.
252 silly tarball no local data for fs-minipass@https://registry.npmjs.org/fs-minipass/-/fs-minipass-2.1.0.tgz. Extracting by manifest.
253 silly tarball no local data for is-fullwidth-code-point@https://registry.npmjs.org/is-fullwidth-code-point/-/is-fullwidth-code-point-3.0.0.tgz. Extracting by manifest.
254 silly tarball no local data for emoji-regex@https://registry.npmjs.org/emoji-regex/-/emoji-regex-8.0.0.tgz. Extracting by manifest.
255 silly tarball no local data for wrappy@https://registry.npmjs.org/wrappy/-/wrappy-1.0.2.tgz. Extracting by manifest.
256 silly tarball no local data for path-is-absolute@https://registry.npmjs.org/path-is-absolute/-/path-is-absolute-1.0.1.tgz. Extracting by manifest.
257 silly tarball no local data for once@https://registry.npmjs.org/once/-/once-1.4.0.tgz. Extracting by manifest.
258 silly tarball no local data for inflight@https://registry.npmjs.org/inflight/-/inflight-1.0.6.tgz. Extracting by manifest.
259 silly tarball no local data for fs.realpath@https://registry.npmjs.org/fs.realpath/-/fs.realpath-1.0.0.tgz. Extracting by manifest.
260 silly tarball no local data for glob@https://registry.npmjs.org/glob/-/glob-7.2.3.tgz. Extracting by manifest.
261 silly tarball no local data for util-deprecate@https://registry.npmjs.org/util-deprecate/-/util-deprecate-1.0.2.tgz. Extracting by manifest.
262 silly tarball no local data for string_decoder@https://registry.npmjs.org/string_decoder/-/string_decoder-1.3.0.tgz. Extracting by manifest.
263 silly tarball no local data for wide-align@https://registry.npmjs.org/wide-align/-/wide-align-1.1.5.tgz. Extracting by manifest.
264 silly tarball no local data for string-width@https://registry.npmjs.org/string-width/-/string-width-4.2.3.tgz. Extracting by manifest.
265 silly tarball no local data for strip-ansi@https://registry.npmjs.org/strip-ansi/-/strip-ansi-6.0.1.tgz. Extracting by manifest.
266 silly tarball no local data for signal-exit@https://registry.npmjs.org/signal-exit/-/signal-exit-3.0.7.tgz. Extracting by manifest.
267 silly tarball no local data for has-unicode@https://registry.npmjs.org/has-unicode/-/has-unicode-2.0.1.tgz. Extracting by manifest.
268 silly tarball no local data for color-support@https://registry.npmjs.org/color-support/-/color-support-1.1.3.tgz. Extracting by manifest.
269 silly tarball no local data for aproba@https://registry.npmjs.org/aproba/-/aproba-2.0.0.tgz. Extracting by manifest.
270 silly tarball no local data for readable-stream@https://registry.npmjs.org/readable-stream/-/readable-stream-3.6.2.tgz. Extracting by manifest.
271 silly tarball no local data for delegates@https://registry.npmjs.org/delegates/-/delegates-1.0.0.tgz. Extracting by manifest.
272 silly tarball no local data for set-blocking@https://registry.npmjs.org/set-blocking/-/set-blocking-2.0.0.tgz. Extracting by manifest.
273 silly tarball no local data for gauge@https://registry.npmjs.org/gauge/-/gauge-3.0.2.tgz. Extracting by manifest.
274 silly tarball no local data for console-control-strings@https://registry.npmjs.org/console-control-strings/-/console-control-strings-1.1.0.tgz. Extracting by manifest.
275 silly tarball no local data for are-we-there-yet@https://registry.npmjs.org/are-we-there-yet/-/are-we-there-yet-2.0.0.tgz. Extracting by manifest.
276 silly tarball no local data for tar@https://registry.npmjs.org/tar/-/tar-6.2.0.tgz. Extracting by manifest.
277 silly tarball no local data for npmlog@https://registry.npmjs.org/npmlog/-/npmlog-5.0.1.tgz. Extracting by manifest.
278 silly tarball no local data for rimraf@https://registry.npmjs.org/rimraf/-/rimraf-3.0.2.tgz. Extracting by manifest.
279 silly tarball no local data for agent-base@https://registry.npmjs.org/agent-base/-/agent-base-6.0.2.tgz. Extracting by manifest.
280 silly tarball no local data for make-dir@https://registry.npmjs.org/make-dir/-/make-dir-3.1.0.tgz. Extracting by manifest.
281 silly tarball no local data for node-fetch@https://registry.npmjs.org/node-fetch/-/node-fetch-2.7.0.tgz. Extracting by manifest.
282 silly tarball no local data for https-proxy-agent@https://registry.npmjs.org/https-proxy-agent/-/https-proxy-agent-5.0.1.tgz. Extracting by manifest.
283 silly tarball no local data for detect-libc@https://registry.npmjs.org/detect-libc/-/detect-libc-2.0.2.tgz. Extracting by manifest.
284 silly tarball no local data for node-addon-api@https://registry.npmjs.org/node-addon-api/-/node-addon-api-5.1.0.tgz. Extracting by manifest.
285 silly tarball no local data for bcrypt@https://registry.npmjs.org/bcrypt/-/bcrypt-5.1.1.tgz. Extracting by manifest.
286 silly tarball no local data for @mapbox/node-pre-gyp@https://registry.npmjs.org/@mapbox/node-pre-gyp/-/node-pre-gyp-1.0.11.tgz. Extracting by manifest.
287 silly tarball no local data for minipass@https://registry.npmjs.org/minipass/-/minipass-3.3.6.tgz. Extracting by manifest.
288 silly tarball no local data for minipass@https://registry.npmjs.org/minipass/-/minipass-3.3.6.tgz. Extracting by manifest.
289 silly tarball no local data for tr46@https://registry.npmjs.org/tr46/-/tr46-0.0.3.tgz. Extracting by manifest.
290 silly tarball no local data for webidl-conversions@https://registry.npmjs.org/webidl-conversions/-/webidl-conversions-3.0.1.tgz. Extracting by manifest.
291 silly tarball no local data for semver@https://registry.npmjs.org/semver/-/semver-6.3.1.tgz. Extracting by manifest.
292 silly tarball no local data for whatwg-url@https://registry.npmjs.org/whatwg-url/-/whatwg-url-5.0.0.tgz. Extracting by manifest.
293 silly tarball no local data for nopt@https://registry.npmjs.org/nopt/-/nopt-5.0.0.tgz. Extracting by manifest.
294 http fetch POST 200 https://registry.npmjs.org/-/npm/v1/security/advisories/bulk 381ms
295 timing auditReport:getReport Completed in 385ms
296 silly audit report {}
297 timing auditReport:init Completed in 0ms
298 timing reify:audit Completed in 386ms
299 timing reifyNode:node_modules/agent-base/node_modules/ms Completed in 539ms
300 timing reifyNode:node_modules/https-proxy-agent/node_modules/ms Completed in 539ms
301 timing reifyNode:node_modules/https-proxy-agent/node_modules/debug Completed in 663ms
302 timing reifyNode:node_modules/agent-base/node_modules/debug Completed in 665ms
303 http fetch GET 200 https://registry.npmjs.org/chownr/-/chownr-2.0.0.tgz 634ms (cache miss)
304 timing reifyNode:node_modules/chownr Completed in 723ms
305 http fetch GET 200 https://registry.npmjs.org/wrappy/-/wrappy-1.0.2.tgz 667ms (cache miss)
306 timing reifyNode:node_modules/wrappy Completed in 724ms
307 http fetch GET 200 https://registry.npmjs.org/fs-minipass/-/fs-minipass-2.1.0.tgz 681ms (cache miss)
308 timing reifyNode:node_modules/fs-minipass Completed in 739ms
309 http fetch GET 200 https://registry.npmjs.org/inflight/-/inflight-1.0.6.tgz 679ms (cache miss)
310 timing reifyNode:node_modules/inflight Completed in 740ms
311 http fetch GET 200 https://registry.npmjs.org/once/-/once-1.4.0.tgz 687ms (cache miss)
312 timing reifyNode:node_modules/once Completed in 747ms
313 http fetch GET 200 https://registry.npmjs.org/emoji-regex/-/emoji-regex-8.0.0.tgz 694ms (cache miss)
314 http fetch GET 200 https://registry.npmjs.org/ansi-regex/-/ansi-regex-5.0.1.tgz 696ms (cache miss)
315 timing reifyNode:node_modules/ansi-regex Completed in 748ms
316 timing reifyNode:node_modules/emoji-regex Completed in 748ms
317 http fetch GET 200 https://registry.npmjs.org/minizlib/-/minizlib-2.1.2.tgz 716ms (cache miss)
318 timing reifyNode:node_modules/minizlib Completed in 766ms
319 http fetch GET 200 https://registry.npmjs.org/mkdirp/-/mkdirp-1.0.4.tgz 718ms (cache miss)
320 timing reifyNode:node_modules/mkdirp Completed in 767ms
321 http fetch GET 200 https://registry.npmjs.org/is-fullwidth-code-point/-/is-fullwidth-code-point-3.0.0.tgz 721ms (cache miss)
322 timing reifyNode:node_modules/is-fullwidth-code-point Completed in 773ms
323 http fetch GET 200 https://registry.npmjs.org/path-is-absolute/-/path-is-absolute-1.0.1.tgz 724ms (cache miss)
324 timing reifyNode:node_modules/path-is-absolute Completed in 782ms
325 http fetch GET 200 https://registry.npmjs.org/fs.realpath/-/fs.realpath-1.0.0.tgz 721ms (cache miss)
326 timing reifyNode:node_modules/fs.realpath Completed in 783ms
327 http fetch GET 200 https://registry.npmjs.org/wide-align/-/wide-align-1.1.5.tgz 725ms (cache miss)
328 timing reifyNode:node_modules/wide-align Completed in 790ms
329 http fetch GET 200 https://registry.npmjs.org/set-blocking/-/set-blocking-2.0.0.tgz 756ms (cache miss)
330 timing reifyNode:node_modules/set-blocking Completed in 828ms
331 http fetch GET 200 https://registry.npmjs.org/make-dir/-/make-dir-3.1.0.tgz 751ms (cache miss)
332 timing reifyNode:node_modules/make-dir Completed in 829ms
333 http fetch GET 200 https://registry.npmjs.org/are-we-there-yet/-/are-we-there-yet-2.0.0.tgz 756ms (cache miss)
334 timing reifyNode:node_modules/are-we-there-yet Completed in 830ms
335 http fetch GET 200 https://registry.npmjs.org/string-width/-/string-width-4.2.3.tgz 768ms (cache miss)
336 timing reifyNode:node_modules/string-width Completed in 833ms
337 http fetch GET 200 https://registry.npmjs.org/color-support/-/color-support-1.1.3.tgz 765ms (cache miss)
338 timing reifyNode:node_modules/color-support Completed in 833ms
339 http fetch GET 200 https://registry.npmjs.org/delegates/-/delegates-1.0.0.tgz 763ms (cache miss)
340 timing reifyNode:node_modules/delegates Completed in 834ms
341 http fetch GET 200 https://registry.npmjs.org/npmlog/-/npmlog-5.0.1.tgz 758ms (cache miss)
342 timing reifyNode:node_modules/npmlog Completed in 834ms
343 http fetch GET 200 https://registry.npmjs.org/console-control-strings/-/console-control-strings-1.1.0.tgz 762ms (cache miss)
344 timing reifyNode:node_modules/console-control-strings Completed in 836ms
345 http fetch GET 200 https://registry.npmjs.org/util-deprecate/-/util-deprecate-1.0.2.tgz 779ms (cache miss)
346 timing reifyNode:node_modules/util-deprecate Completed in 842ms
347 http fetch GET 200 https://registry.npmjs.org/strip-ansi/-/strip-ansi-6.0.1.tgz 777ms (cache miss)
348 timing reifyNode:node_modules/strip-ansi Completed in 843ms
349 http fetch GET 200 https://registry.npmjs.org/signal-exit/-/signal-exit-3.0.7.tgz 776ms (cache miss)
350 timing reifyNode:node_modules/signal-exit Completed in 842ms
351 http fetch GET 200 https://registry.npmjs.org/aproba/-/aproba-2.0.0.tgz 775ms (cache miss)
352 timing reifyNode:node_modules/aproba Completed in 843ms
353 http fetch GET 200 https://registry.npmjs.org/webidl-conversions/-/webidl-conversions-3.0.1.tgz 756ms (cache miss)
354 timing reifyNode:node_modules/node-fetch/node_modules/webidl-conversions Completed in 847ms
355 http fetch GET 200 https://registry.npmjs.org/has-unicode/-/has-unicode-2.0.1.tgz 794ms (cache miss)
356 timing reifyNode:node_modules/has-unicode Completed in 862ms
357 http fetch GET 200 https://registry.npmjs.org/rimraf/-/rimraf-3.0.2.tgz 787ms (cache miss)
358 timing reifyNode:node_modules/rimraf Completed in 863ms
359 http fetch GET 200 https://registry.npmjs.org/detect-libc/-/detect-libc-2.0.2.tgz 783ms (cache miss)
360 timing reifyNode:node_modules/detect-libc Completed in 863ms
361 http fetch GET 200 https://registry.npmjs.org/string_decoder/-/string_decoder-1.3.0.tgz 811ms (cache miss)
362 timing reifyNode:node_modules/string_decoder Completed in 875ms
363 http fetch GET 200 https://registry.npmjs.org/nopt/-/nopt-5.0.0.tgz 818ms (cache miss)
364 timing reifyNode:node_modules/@mapbox/node-pre-gyp/node_modules/nopt Completed in 910ms
365 http fetch GET 200 https://registry.npmjs.org/whatwg-url/-/whatwg-url-5.0.0.tgz 819ms (cache miss)
366 timing reifyNode:node_modules/node-fetch/node_modules/whatwg-url Completed in 911ms
367 http fetch GET 200 https://registry.npmjs.org/agent-base/-/agent-base-6.0.2.tgz 837ms (cache miss)
368 timing reifyNode:node_modules/agent-base Completed in 914ms
369 http fetch GET 200 https://registry.npmjs.org/minipass/-/minipass-5.0.0.tgz 866ms (cache miss)
370 timing reifyNode:node_modules/minipass Completed in 916ms
371 http fetch GET 200 https://registry.npmjs.org/minipass/-/minipass-3.3.6.tgz 828ms (cache miss)
372 timing reifyNode:node_modules/minizlib/node_modules/minipass Completed in 918ms
373 http fetch GET 200 https://registry.npmjs.org/https-proxy-agent/-/https-proxy-agent-5.0.1.tgz 844ms (cache miss)
374 timing reifyNode:node_modules/https-proxy-agent Completed in 924ms
375 http fetch GET 200 https://registry.npmjs.org/minipass/-/minipass-3.3.6.tgz 843ms (cache miss)
376 timing reifyNode:node_modules/fs-minipass/node_modules/minipass Completed in 934ms
377 http fetch GET 200 https://registry.npmjs.org/semver/-/semver-6.3.1.tgz 842ms (cache miss)
378 timing reifyNode:node_modules/make-dir/node_modules/semver Completed in 935ms
379 http fetch GET 200 https://registry.npmjs.org/glob/-/glob-7.2.3.tgz 875ms (cache miss)
380 timing reifyNode:node_modules/glob Completed in 937ms
381 http fetch GET 200 https://registry.npmjs.org/gauge/-/gauge-3.0.2.tgz 879ms (cache miss)
382 timing reifyNode:node_modules/gauge Completed in 951ms
383 http fetch GET 200 https://registry.npmjs.org/node-fetch/-/node-fetch-2.7.0.tgz 903ms (cache miss)
384 timing reifyNode:node_modules/node-fetch Completed in 982ms
385 http fetch GET 200 https://registry.npmjs.org/tr46/-/tr46-0.0.3.tgz 906ms (cache miss)
386 timing reifyNode:node_modules/node-fetch/node_modules/tr46 Completed in 996ms
387 http fetch GET 200 https://registry.npmjs.org/bcrypt/-/bcrypt-5.1.1.tgz 919ms (cache miss)
388 timing reifyNode:node_modules/bcrypt Completed in 1001ms
389 http fetch GET 200 https://registry.npmjs.org/readable-stream/-/readable-stream-3.6.2.tgz 936ms (cache miss)
390 timing reifyNode:node_modules/readable-stream Completed in 1006ms
391 http fetch GET 200 https://registry.npmjs.org/node-addon-api/-/node-addon-api-5.1.0.tgz 926ms (cache miss)
392 timing reifyNode:node_modules/node-addon-api Completed in 1007ms
393 http fetch GET 200 https://registry.npmjs.org/tar/-/tar-6.2.0.tgz 934ms (cache miss)
394 timing reifyNode:node_modules/tar Completed in 1009ms
395 http fetch GET 200 https://registry.npmjs.org/@mapbox/node-pre-gyp/-/node-pre-gyp-1.0.11.tgz 929ms (cache miss)
396 timing reifyNode:node_modules/@mapbox/node-pre-gyp Completed in 1012ms
397 timing reify:unpack Completed in 1015ms
398 timing reify:unretire Completed in 1ms
399 timing build:queue Completed in 40ms
400 timing build:link:node_modules/color-support Completed in 3ms
401 timing build:link:node_modules/make-dir/node_modules/semver Completed in 3ms
402 timing build:link:node_modules/@mapbox/node-pre-gyp/node_modules/nopt Completed in 3ms
403 timing build:link:node_modules/@mapbox/node-pre-gyp Completed in 4ms
404 timing build:link:node_modules/mkdirp Completed in 3ms
405 timing build:link:node_modules/rimraf Completed in 3ms
406 timing build:link Completed in 4ms
407 info run bcrypt@5.1.1 install node_modules/bcrypt node-pre-gyp install --fallback-to-build
408 info run bcrypt@5.1.1 install { code: 0, signal: null }
409 timing build:run:install:node_modules/bcrypt Completed in 1152ms
410 timing build:run:install Completed in 1153ms
411 timing build:deps Completed in 1197ms
412 timing build Completed in 1197ms
413 timing reify:build Completed in 1197ms
414 timing reify:trash Completed in 0ms
415 timing reify:save Completed in 134ms
416 timing reify Completed in 5799ms
417 silly ADD node_modules/mkdirp
418 silly ADD node_modules/minizlib
419 silly ADD node_modules/minizlib/node_modules/minipass
420 silly ADD node_modules/minipass
421 silly ADD node_modules/fs-minipass
422 silly ADD node_modules/fs-minipass/node_modules/minipass
423 silly ADD node_modules/chownr
424 silly ADD node_modules/ansi-regex
425 silly ADD node_modules/is-fullwidth-code-point
426 silly ADD node_modules/emoji-regex
427 silly ADD node_modules/wrappy
428 silly ADD node_modules/path-is-absolute
429 silly ADD node_modules/once
430 silly ADD node_modules/inflight
431 silly ADD node_modules/fs.realpath
432 silly ADD node_modules/glob
433 silly ADD node_modules/util-deprecate
434 silly ADD node_modules/string_decoder
435 silly ADD node_modules/wide-align
436 silly ADD node_modules/strip-ansi
437 silly ADD node_modules/string-width
438 silly ADD node_modules/signal-exit
439 silly ADD node_modules/has-unicode
440 silly ADD node_modules/color-support
441 silly ADD node_modules/aproba
442 silly ADD node_modules/readable-stream
443 silly ADD node_modules/delegates
444 silly ADD node_modules/set-blocking
445 silly ADD node_modules/gauge
446 silly ADD node_modules/console-control-strings
447 silly ADD node_modules/are-we-there-yet
448 silly ADD node_modules/agent-base
449 silly ADD node_modules/agent-base/node_modules/ms
450 silly ADD node_modules/agent-base/node_modules/debug
451 silly ADD node_modules/tar
452 silly ADD node_modules/rimraf
453 silly ADD node_modules/npmlog
454 silly ADD node_modules/node-fetch
455 silly ADD node_modules/node-fetch/node_modules/webidl-conversions
456 silly ADD node_modules/node-fetch/node_modules/tr46
457 silly ADD node_modules/node-fetch/node_modules/whatwg-url
458 silly ADD node_modules/make-dir
459 silly ADD node_modules/make-dir/node_modules/semver
460 silly ADD node_modules/https-proxy-agent
461 silly ADD node_modules/https-proxy-agent/node_modules/ms
462 silly ADD node_modules/https-proxy-agent/node_modules/debug
463 silly ADD node_modules/detect-libc
464 silly ADD node_modules/node-addon-api
465 silly ADD node_modules/@mapbox/node-pre-gyp
466 silly ADD node_modules/@mapbox/node-pre-gyp/node_modules/nopt
467 silly ADD node_modules/bcrypt
468 timing command:i Completed in 5819ms
469 verbose exit 0
470 timing npm Completed in 6151ms
471 info ok
