0 verbose cli /Users/camis/.nvm/versions/node/v18.18.0/bin/node /Users/camis/.nvm/versions/node/v18.18.0/bin/npm
1 info using npm@10.2.0
2 info using node@v18.18.0
3 timing npm:load:whichnode Completed in 0ms
4 timing config:load:defaults Completed in 1ms
5 timing config:load:file:/Users/camis/.nvm/versions/node/v18.18.0/lib/node_modules/npm/npmrc Completed in 1ms
6 timing config:load:builtin Completed in 1ms
7 timing config:load:cli Completed in 2ms
8 timing config:load:env Completed in 0ms
9 timing config:load:file:/Users/camis/Desktop/ChasAcademy/u09-avancerad-javascript/backend/.npmrc Completed in 0ms
10 timing config:load:project Completed in 4ms
11 timing config:load:file:/Users/camis/.npmrc Completed in 2ms
12 timing config:load:user Completed in 2ms
13 timing config:load:file:/Users/camis/.nvm/versions/node/v18.18.0/etc/npmrc Completed in 1ms
14 timing config:load:global Completed in 1ms
15 timing config:load:setEnvs Completed in 1ms
16 timing config:load Completed in 12ms
17 timing npm:load:configload Completed in 12ms
18 timing config:load:flatten Completed in 2ms
19 timing npm:load:mkdirpcache Completed in 1ms
20 timing npm:load:mkdirplogs Completed in 0ms
21 verbose title npm install react-hot-toast
22 verbose argv "install" "react-hot-toast"
23 timing npm:load:setTitle Completed in 18ms
24 timing npm:load:display Completed in 1ms
25 verbose logfile logs-max:10 dir:/Users/camis/Desktop/ChasAcademy/u09-avancerad-javascript/backend/"/Users/camis/.npm/_logs/2023-10-18T08_33_29_643Z-
26 verbose logfile /Users/camis/Desktop/ChasAcademy/u09-avancerad-javascript/backend/"/Users/camis/.npm/_logs/2023-10-18T08_33_29_643Z-debug-0.log
27 timing npm:load:logFile Completed in 9ms
28 timing npm:load:timers Completed in 0ms
29 timing npm:load:configScope Completed in 0ms
30 timing npm:load Completed in 58ms
31 timing arborist:ctor Completed in 0ms
32 silly logfile done cleaning log files
33 timing idealTree:init Completed in 53ms
34 timing idealTree:userRequests Completed in 1ms
35 silly idealTree buildDeps
36 silly fetch manifest react-hot-toast@*
37 timing arborist:ctor Completed in 0ms
38 http fetch GET 200 https://registry.npmjs.org/react-hot-toast 175ms (cache miss)
39 silly fetch manifest react@>=16
40 http fetch GET 200 https://registry.npmjs.org/react 222ms (cache miss)
41 silly fetch manifest react-dom@>=16
42 http fetch GET 200 https://registry.npmjs.org/react-dom 244ms (cache miss)
43 silly placeDep ROOT react-hot-toast@2.4.1 OK for: backend@1.0.0 want: *
44 silly placeDep ROOT react@18.2.0 OK for: react-hot-toast@2.4.1 want: >=16
45 silly placeDep ROOT react-dom@18.2.0 OK for: react-hot-toast@2.4.1 want: >=16
46 silly fetch manifest goober@^2.1.10
47 silly fetch manifest loose-envify@^1.1.0
48 silly fetch manifest scheduler@^0.23.0
49 http fetch GET 200 https://registry.npmjs.org/loose-envify 217ms (cache miss)
50 http fetch GET 200 https://registry.npmjs.org/scheduler 269ms (cache miss)
51 http fetch GET 200 https://registry.npmjs.org/goober 308ms (cache miss)
52 timing idealTree:#root Completed in 1004ms
53 silly placeDep ROOT loose-envify@1.4.0 OK for: react@18.2.0 want: ^1.1.0
54 silly fetch manifest js-tokens@^3.0.0 || ^4.0.0
55 http fetch GET 200 https://registry.npmjs.org/js-tokens 57ms (cache miss)
56 timing idealTree:node_modules/react Completed in 63ms
57 silly placeDep ROOT js-tokens@4.0.0 OK for: loose-envify@1.4.0 want: ^3.0.0 || ^4.0.0
58 timing idealTree:node_modules/loose-envify Completed in 2ms
59 timing idealTree:node_modules/js-tokens Completed in 0ms
60 silly placeDep ROOT scheduler@0.23.0 OK for: react-dom@18.2.0 want: ^0.23.0
61 timing idealTree:node_modules/react-dom Completed in 2ms
62 silly fetch manifest csstype@^3.0.10
63 http fetch GET 200 https://registry.npmjs.org/csstype 35ms (cache miss)
64 silly placeDep ROOT goober@2.1.13 OK for: react-hot-toast@2.4.1 want: ^2.1.10
65 silly placeDep ROOT csstype@3.1.2 OK for: goober@2.1.13 want: ^3.0.10
66 timing idealTree:node_modules/react-hot-toast Completed in 41ms
67 timing idealTree:node_modules/csstype Completed in 0ms
68 timing idealTree:node_modules/goober Completed in 0ms
69 timing idealTree:node_modules/scheduler Completed in 0ms
70 timing idealTree:buildDeps Completed in 1112ms
71 timing idealTree:fixDepFlags Completed in 2ms
72 timing idealTree Completed in 1171ms
73 timing reify:loadTrees Completed in 1173ms
74 timing reify:diffTrees Completed in 5ms
75 silly reify moves {}
76 timing reify:retireShallow Completed in 1ms
77 timing reify:createSparse Completed in 14ms
78 timing reify:loadBundles Completed in 0ms
79 silly audit bulk request {
79 silly audit   '@mongodb-js/saslprep': [ '1.1.0' ],
79 silly audit   '@types/node': [ '20.8.6' ],
79 silly audit   '@types/webidl-conversions': [ '7.0.1' ],
79 silly audit   '@types/whatwg-url': [ '8.2.2' ],
79 silly audit   abbrev: [ '1.1.1' ],
79 silly audit   accepts: [ '1.3.8' ],
79 silly audit   anymatch: [ '3.1.3' ],
79 silly audit   'array-flatten': [ '1.1.1' ],
79 silly audit   'balanced-match': [ '1.0.2' ],
79 silly audit   'binary-extensions': [ '2.2.0' ],
79 silly audit   'body-parser': [ '1.20.1' ],
79 silly audit   'brace-expansion': [ '1.1.11' ],
79 silly audit   braces: [ '3.0.2' ],
79 silly audit   bson: [ '5.5.0' ],
79 silly audit   bytes: [ '3.1.2' ],
79 silly audit   'call-bind': [ '1.0.2' ],
79 silly audit   chokidar: [ '3.5.3' ],
79 silly audit   'concat-map': [ '0.0.1' ],
79 silly audit   'content-disposition': [ '0.5.4' ],
79 silly audit   'content-type': [ '1.0.5' ],
79 silly audit   cookie: [ '0.5.0' ],
79 silly audit   'cookie-signature': [ '1.0.6' ],
79 silly audit   cors: [ '2.8.5' ],
79 silly audit   debug: [ '2.6.9', '4.3.4', '3.2.7' ],
79 silly audit   depd: [ '2.0.0' ],
79 silly audit   destroy: [ '1.2.0' ],
79 silly audit   dotenv: [ '16.3.1' ],
79 silly audit   'ee-first': [ '1.1.1' ],
79 silly audit   encodeurl: [ '1.0.2' ],
79 silly audit   'escape-html': [ '1.0.3' ],
79 silly audit   etag: [ '1.8.1' ],
79 silly audit   express: [ '4.18.2' ],
79 silly audit   'fill-range': [ '7.0.1' ],
79 silly audit   finalhandler: [ '1.2.0' ],
79 silly audit   forwarded: [ '0.2.0' ],
79 silly audit   fresh: [ '0.5.2' ],
79 silly audit   fsevents: [ '2.3.3' ],
79 silly audit   'function-bind': [ '1.1.2' ],
79 silly audit   'get-intrinsic': [ '1.2.1' ],
79 silly audit   'glob-parent': [ '5.1.2' ],
79 silly audit   has: [ '1.0.4' ],
79 silly audit   'has-flag': [ '3.0.0' ],
79 silly audit   'has-proto': [ '1.0.1' ],
79 silly audit   'has-symbols': [ '1.0.3' ],
79 silly audit   'http-errors': [ '2.0.0' ],
79 silly audit   'iconv-lite': [ '0.4.24' ],
79 silly audit   'ignore-by-default': [ '1.0.1' ],
79 silly audit   inherits: [ '2.0.4' ],
79 silly audit   ip: [ '2.0.0' ],
79 silly audit   'ipaddr.js': [ '1.9.1' ],
79 silly audit   'is-binary-path': [ '2.1.0' ],
79 silly audit   'is-extglob': [ '2.1.1' ],
79 silly audit   'is-glob': [ '4.0.3' ],
79 silly audit   'is-number': [ '7.0.0' ],
79 silly audit   kareem: [ '2.5.1' ],
79 silly audit   'lru-cache': [ '6.0.0' ],
79 silly audit   'media-typer': [ '0.3.0' ],
79 silly audit   'memory-pager': [ '1.5.0' ],
79 silly audit   'merge-descriptors': [ '1.0.1' ],
79 silly audit   methods: [ '1.1.2' ],
79 silly audit   mime: [ '1.6.0' ],
79 silly audit   'mime-db': [ '1.52.0' ],
79 silly audit   'mime-types': [ '2.1.35' ],
79 silly audit   minimatch: [ '3.1.2' ],
79 silly audit   mongodb: [ '5.9.0' ],
79 silly audit   'mongodb-connection-string-url': [ '2.6.0' ],
79 silly audit   mongoose: [ '7.6.3' ],
79 silly audit   ms: [ '2.1.3', '2.1.2', '2.0.0' ],
79 silly audit   mpath: [ '0.9.0' ],
79 silly audit   mquery: [ '5.0.0' ],
79 silly audit   negotiator: [ '0.6.3' ],
79 silly audit   nodemon: [ '3.0.1' ],
79 silly audit   nopt: [ '1.0.10' ],
79 silly audit   'normalize-path': [ '3.0.0' ],
79 silly audit   'object-assign': [ '4.1.1' ],
79 silly audit   'object-inspect': [ '1.13.0' ],
79 silly audit   'on-finished': [ '2.4.1' ],
79 silly audit   parseurl: [ '1.3.3' ],
79 silly audit   'path-to-regexp': [ '0.1.7' ],
79 silly audit   picomatch: [ '2.3.1' ],
79 silly audit   'proxy-addr': [ '2.0.7' ],
79 silly audit   'pstree.remy': [ '1.1.8' ],
79 silly audit   punycode: [ '2.3.0' ],
79 silly audit   qs: [ '6.11.0' ],
79 silly audit   'range-parser': [ '1.2.1' ],
79 silly audit   'raw-body': [ '2.5.1' ],
79 silly audit   readdirp: [ '3.6.0' ],
79 silly audit   'safe-buffer': [ '5.2.1' ],
79 silly audit   'safer-buffer': [ '2.1.2' ],
79 silly audit   semver: [ '7.5.4' ],
79 silly audit   send: [ '0.18.0' ],
79 silly audit   'serve-static': [ '1.15.0' ],
79 silly audit   setprototypeof: [ '1.2.0' ],
79 silly audit   'side-channel': [ '1.0.4' ],
79 silly audit   sift: [ '16.0.1' ],
79 silly audit   'simple-update-notifier': [ '2.0.0' ],
79 silly audit   'smart-buffer': [ '4.2.0' ],
79 silly audit   socks: [ '2.7.1' ],
79 silly audit   'sparse-bitfield': [ '3.0.3' ],
79 silly audit   statuses: [ '2.0.1' ],
79 silly audit   'supports-color': [ '5.5.0' ],
79 silly audit   'to-regex-range': [ '5.0.1' ],
79 silly audit   toidentifier: [ '1.0.1' ],
79 silly audit   touch: [ '3.1.0' ],
79 silly audit   tr46: [ '3.0.0' ],
79 silly audit   'type-is': [ '1.6.18' ],
79 silly audit   undefsafe: [ '2.0.5' ],
79 silly audit   'undici-types': [ '5.25.3' ],
79 silly audit   unpipe: [ '1.0.0' ],
79 silly audit   'utils-merge': [ '1.0.1' ],
79 silly audit   vary: [ '1.1.2' ],
79 silly audit   'webidl-conversions': [ '7.0.0' ],
79 silly audit   'whatwg-url': [ '11.0.0' ],
79 silly audit   yallist: [ '4.0.0' ],
79 silly audit   'react-hot-toast': [ '2.4.1' ],
79 silly audit   react: [ '18.2.0' ],
79 silly audit   'react-dom': [ '18.2.0' ],
79 silly audit   'loose-envify': [ '1.4.0' ],
79 silly audit   'js-tokens': [ '4.0.0' ],
79 silly audit   scheduler: [ '0.23.0' ],
79 silly audit   goober: [ '2.1.13' ],
79 silly audit   csstype: [ '3.1.2' ]
79 silly audit }
80 silly tarball no local data for csstype@https://registry.npmjs.org/csstype/-/csstype-3.1.2.tgz. Extracting by manifest.
81 silly tarball no local data for goober@https://registry.npmjs.org/goober/-/goober-2.1.13.tgz. Extracting by manifest.
82 silly tarball no local data for scheduler@https://registry.npmjs.org/scheduler/-/scheduler-0.23.0.tgz. Extracting by manifest.
83 silly tarball no local data for js-tokens@https://registry.npmjs.org/js-tokens/-/js-tokens-4.0.0.tgz. Extracting by manifest.
84 silly tarball no local data for react-dom@https://registry.npmjs.org/react-dom/-/react-dom-18.2.0.tgz. Extracting by manifest.
85 silly tarball no local data for loose-envify@https://registry.npmjs.org/loose-envify/-/loose-envify-1.4.0.tgz. Extracting by manifest.
86 silly tarball no local data for react@https://registry.npmjs.org/react/-/react-18.2.0.tgz. Extracting by manifest.
87 silly tarball no local data for react-hot-toast@https://registry.npmjs.org/react-hot-toast/-/react-hot-toast-2.4.1.tgz. Extracting by manifest.
88 http fetch GET 200 https://registry.npmjs.org/goober/-/goober-2.1.13.tgz 151ms (cache miss)
89 timing reifyNode:node_modules/goober Completed in 170ms
90 http fetch GET 200 https://registry.npmjs.org/csstype/-/csstype-3.1.2.tgz 161ms (cache miss)
91 timing reifyNode:node_modules/csstype Completed in 175ms
92 http fetch GET 200 https://registry.npmjs.org/loose-envify/-/loose-envify-1.4.0.tgz 206ms (cache miss)
93 timing reifyNode:node_modules/loose-envify Completed in 223ms
94 http fetch POST 200 https://registry.npmjs.org/-/npm/v1/security/advisories/bulk 243ms
95 timing auditReport:getReport Completed in 246ms
96 silly audit report {}
97 timing auditReport:init Completed in 1ms
98 timing reify:audit Completed in 247ms
99 http fetch GET 200 https://registry.npmjs.org/js-tokens/-/js-tokens-4.0.0.tgz 240ms (cache miss)
100 timing reifyNode:node_modules/js-tokens Completed in 256ms
101 http fetch GET 200 https://registry.npmjs.org/scheduler/-/scheduler-0.23.0.tgz 243ms (cache miss)
102 timing reifyNode:node_modules/scheduler Completed in 259ms
103 http fetch GET 200 https://registry.npmjs.org/react-hot-toast/-/react-hot-toast-2.4.1.tgz 314ms (cache miss)
104 timing reifyNode:node_modules/react-hot-toast Completed in 331ms
105 http fetch GET 200 https://registry.npmjs.org/react/-/react-18.2.0.tgz 341ms (cache miss)
106 timing reifyNode:node_modules/react Completed in 357ms
107 http fetch GET 200 https://registry.npmjs.org/react-dom/-/react-dom-18.2.0.tgz 511ms (cache miss)
108 timing reifyNode:node_modules/react-dom Completed in 528ms
109 timing reify:unpack Completed in 529ms
110 timing reify:unretire Completed in 0ms
111 timing build:queue Completed in 2ms
112 timing build:link:node_modules/loose-envify Completed in 3ms
113 timing build:link Completed in 3ms
114 timing build:deps Completed in 6ms
115 timing build Completed in 6ms
116 timing reify:build Completed in 7ms
117 timing reify:trash Completed in 0ms
118 timing reify:save Completed in 106ms
119 timing reify Completed in 2027ms
120 silly ADD node_modules/csstype
121 silly ADD node_modules/goober
122 silly ADD node_modules/scheduler
123 silly ADD node_modules/js-tokens
124 silly ADD node_modules/loose-envify
125 silly ADD node_modules/react-dom
126 silly ADD node_modules/react
127 silly ADD node_modules/react-hot-toast
128 timing command:install Completed in 2034ms
129 verbose exit 0
130 timing npm Completed in 2358ms
131 info ok
