0 verbose cli /Users/camis/.nvm/versions/node/v18.18.0/bin/node /Users/camis/.nvm/versions/node/v18.18.0/bin/npm
1 info using npm@10.2.0
2 info using node@v18.18.0
3 timing npm:load:whichnode Completed in 1ms
4 timing config:load:defaults Completed in 1ms
5 timing config:load:file:/Users/camis/.nvm/versions/node/v18.18.0/lib/node_modules/npm/npmrc Completed in 1ms
6 timing config:load:builtin Completed in 1ms
7 timing config:load:cli Completed in 1ms
8 timing config:load:env Completed in 1ms
9 timing config:load:file:/Users/camis/Desktop/ChasAcademy/u09-avancerad-javascript/backend/.npmrc Completed in 0ms
10 timing config:load:project Completed in 3ms
11 timing config:load:file:/Users/camis/.npmrc Completed in 2ms
12 timing config:load:user Completed in 2ms
13 timing config:load:file:/Users/camis/.nvm/versions/node/v18.18.0/etc/npmrc Completed in 0ms
14 timing config:load:global Completed in 0ms
15 timing config:load:setEnvs Completed in 1ms
16 timing config:load Completed in 10ms
17 timing npm:load:configload Completed in 10ms
18 timing config:load:flatten Completed in 2ms
19 timing npm:load:mkdirpcache Completed in 0ms
20 timing npm:load:mkdirplogs Completed in 0ms
21 verbose title npm i express nodemon dotenv cors
22 verbose argv "i" "express" "nodemon" "dotenv" "cors"
23 timing npm:load:setTitle Completed in 18ms
24 timing npm:load:display Completed in 1ms
25 verbose logfile logs-max:10 dir:/Users/camis/Desktop/ChasAcademy/u09-avancerad-javascript/backend/"/Users/camis/.npm/_logs/2023-10-17T17_21_03_389Z-
26 verbose logfile /Users/camis/Desktop/ChasAcademy/u09-avancerad-javascript/backend/"/Users/camis/.npm/_logs/2023-10-17T17_21_03_389Z-debug-0.log
27 timing npm:load:logFile Completed in 8ms
28 timing npm:load:timers Completed in 0ms
29 timing npm:load:configScope Completed in 0ms
30 timing npm:load Completed in 54ms
31 timing arborist:ctor Completed in 0ms
32 silly logfile done cleaning log files
33 timing arborist:ctor Completed in 0ms
34 timing idealTree:init Completed in 12ms
35 timing idealTree:userRequests Completed in 4ms
36 silly idealTree buildDeps
37 silly fetch manifest express@*
38 http fetch GET 200 https://registry.npmjs.org/express 231ms (cache miss)
39 silly fetch manifest nodemon@*
40 http fetch GET 200 https://registry.npmjs.org/nodemon 54ms (cache miss)
41 silly fetch manifest dotenv@*
42 http fetch GET 200 https://registry.npmjs.org/dotenv 63ms (cache miss)
43 silly fetch manifest cors@*
44 http fetch GET 200 https://registry.npmjs.org/cors 59ms (cache miss)
45 silly placeDep ROOT cors@2.8.5 OK for: backend@1.0.0 want: *
46 silly fetch manifest object-assign@^4
47 silly fetch manifest vary@^1
48 silly placeDep ROOT dotenv@16.3.1 OK for: backend@1.0.0 want: *
49 silly placeDep ROOT express@4.18.2 OK for: backend@1.0.0 want: *
50 silly fetch manifest accepts@~1.3.8
51 silly fetch manifest array-flatten@1.1.1
52 silly fetch manifest body-parser@1.20.1
53 silly fetch manifest content-disposition@0.5.4
54 silly fetch manifest content-type@~1.0.4
55 silly fetch manifest cookie@0.5.0
56 silly fetch manifest cookie-signature@1.0.6
57 silly fetch manifest debug@2.6.9
58 silly fetch manifest depd@2.0.0
59 silly fetch manifest encodeurl@~1.0.2
60 silly fetch manifest escape-html@~1.0.3
61 silly fetch manifest etag@~1.8.1
62 silly fetch manifest finalhandler@1.2.0
63 silly fetch manifest fresh@0.5.2
64 silly fetch manifest http-errors@2.0.0
65 silly fetch manifest merge-descriptors@1.0.1
66 silly fetch manifest methods@~1.1.2
67 silly fetch manifest on-finished@2.4.1
68 silly fetch manifest parseurl@~1.3.3
69 silly fetch manifest path-to-regexp@0.1.7
70 silly fetch manifest proxy-addr@~2.0.7
71 silly fetch manifest qs@6.11.0
72 silly fetch manifest range-parser@~1.2.1
73 silly fetch manifest safe-buffer@5.2.1
74 silly fetch manifest send@0.18.0
75 silly fetch manifest serve-static@1.15.0
76 silly fetch manifest setprototypeof@1.2.0
77 silly fetch manifest statuses@2.0.1
78 silly fetch manifest type-is@~1.6.18
79 silly fetch manifest utils-merge@1.0.1
80 silly fetch manifest vary@~1.1.2
81 silly placeDep ROOT nodemon@3.0.1 OK for: backend@1.0.0 want: *
82 silly fetch manifest chokidar@^3.5.2
83 silly fetch manifest debug@^3.2.7
84 silly fetch manifest ignore-by-default@^1.0.1
85 silly fetch manifest minimatch@^3.1.2
86 silly fetch manifest pstree.remy@^1.1.8
87 silly fetch manifest semver@^7.5.3
88 silly fetch manifest simple-update-notifier@^2.0.0
89 silly fetch manifest supports-color@^5.5.0
90 silly fetch manifest touch@^3.1.0
91 silly fetch manifest undefsafe@^2.0.5
92 http fetch GET 200 https://registry.npmjs.org/object-assign 96ms (cache miss)
93 http fetch GET 200 https://registry.npmjs.org/vary 305ms (cache miss)
94 http fetch GET 200 https://registry.npmjs.org/merge-descriptors 302ms (cache miss)
95 http fetch GET 200 https://registry.npmjs.org/methods 307ms (cache miss)
96 http fetch GET 200 https://registry.npmjs.org/encodeurl 333ms (cache miss)
97 http fetch GET 200 https://registry.npmjs.org/escape-html 354ms (cache miss)
98 http fetch GET 200 https://registry.npmjs.org/utils-merge 354ms (cache miss)
99 http fetch GET 200 https://registry.npmjs.org/parseurl 365ms (cache miss)
100 http fetch GET 200 https://registry.npmjs.org/etag 373ms (cache miss)
101 http fetch GET 200 https://registry.npmjs.org/content-type 376ms (cache miss)
102 http fetch GET 200 https://registry.npmjs.org/range-parser 371ms (cache miss)
103 http fetch GET 200 https://registry.npmjs.org/vary 372ms (cache miss)
104 http fetch GET 200 https://registry.npmjs.org/setprototypeof 378ms (cache miss)
105 http fetch GET 200 https://registry.npmjs.org/fresh 396ms (cache miss)
106 http fetch GET 200 https://registry.npmjs.org/array-flatten 407ms (cache miss)
107 http fetch GET 200 https://registry.npmjs.org/ignore-by-default 388ms (cache miss)
108 http fetch GET 200 https://registry.npmjs.org/safe-buffer 400ms (cache miss)
109 http fetch GET 200 https://registry.npmjs.org/content-disposition 419ms (cache miss)
110 http fetch GET 200 https://registry.npmjs.org/cookie-signature 418ms (cache miss)
111 http fetch GET 200 https://registry.npmjs.org/cookie 420ms (cache miss)
112 http fetch GET 200 https://registry.npmjs.org/statuses 424ms (cache miss)
113 http fetch GET 200 https://registry.npmjs.org/pstree.remy 417ms (cache miss)
114 http fetch GET 200 https://registry.npmjs.org/on-finished 434ms (cache miss)
115 http fetch GET 200 https://registry.npmjs.org/undefsafe 418ms (cache miss)
116 http fetch GET 200 https://registry.npmjs.org/accepts 443ms (cache miss)
117 http fetch GET 200 https://registry.npmjs.org/proxy-addr 434ms (cache miss)
118 http fetch GET 200 https://registry.npmjs.org/depd 441ms (cache miss)
119 http fetch GET 200 https://registry.npmjs.org/touch 423ms (cache miss)
120 http fetch GET 200 https://registry.npmjs.org/http-errors 442ms (cache miss)
121 http fetch GET 200 https://registry.npmjs.org/simple-update-notifier 426ms (cache miss)
122 http fetch GET 200 https://registry.npmjs.org/type-is 435ms (cache miss)
123 http fetch GET 200 https://registry.npmjs.org/finalhandler 445ms (cache miss)
124 http fetch GET 200 https://registry.npmjs.org/path-to-regexp 466ms (cache miss)
125 http fetch GET 200 https://registry.npmjs.org/send 463ms (cache miss)
126 http fetch GET 200 https://registry.npmjs.org/serve-static 464ms (cache miss)
127 http fetch GET 200 https://registry.npmjs.org/debug 478ms (cache miss)
128 http fetch GET 200 https://registry.npmjs.org/debug 463ms (cache miss)
129 http fetch GET 200 https://registry.npmjs.org/supports-color 461ms (cache miss)
130 http fetch GET 200 https://registry.npmjs.org/body-parser 483ms (cache miss)
131 http fetch GET 200 https://registry.npmjs.org/qs 475ms (cache miss)
132 http fetch GET 200 https://registry.npmjs.org/semver 467ms (cache miss)
133 http fetch GET 200 https://registry.npmjs.org/chokidar 471ms (cache miss)
134 http fetch GET 200 https://registry.npmjs.org/minimatch 473ms (cache miss)
135 timing idealTree:#root Completed in 922ms
136 silly placeDep ROOT object-assign@4.1.1 OK for: cors@2.8.5 want: ^4
137 silly placeDep ROOT vary@1.1.2 OK for: cors@2.8.5 want: ^1
138 timing idealTree:node_modules/cors Completed in 4ms
139 timing idealTree:node_modules/dotenv Completed in 0ms
140 silly placeDep ROOT accepts@1.3.8 OK for: express@4.18.2 want: ~1.3.8
141 silly fetch manifest mime-types@~2.1.34
142 silly fetch manifest negotiator@0.6.3
143 silly placeDep ROOT array-flatten@1.1.1 OK for: express@4.18.2 want: 1.1.1
144 silly placeDep ROOT body-parser@1.20.1 OK for: express@4.18.2 want: 1.20.1
145 silly fetch manifest bytes@3.1.2
146 silly fetch manifest destroy@1.2.0
147 silly fetch manifest iconv-lite@0.4.24
148 silly fetch manifest raw-body@2.5.1
149 silly fetch manifest unpipe@1.0.0
150 silly placeDep ROOT content-disposition@0.5.4 OK for: express@4.18.2 want: 0.5.4
151 silly placeDep ROOT content-type@1.0.5 OK for: express@4.18.2 want: ~1.0.4
152 silly placeDep ROOT cookie@0.5.0 OK for: express@4.18.2 want: 0.5.0
153 silly placeDep ROOT cookie-signature@1.0.6 OK for: express@4.18.2 want: 1.0.6
154 silly placeDep ROOT debug@2.6.9 OK for: express@4.18.2 want: 2.6.9
155 silly fetch manifest ms@2.0.0
156 silly placeDep ROOT depd@2.0.0 OK for: express@4.18.2 want: 2.0.0
157 silly placeDep ROOT encodeurl@1.0.2 OK for: express@4.18.2 want: ~1.0.2
158 silly placeDep ROOT escape-html@1.0.3 OK for: express@4.18.2 want: ~1.0.3
159 silly placeDep ROOT etag@1.8.1 OK for: express@4.18.2 want: ~1.8.1
160 silly placeDep ROOT finalhandler@1.2.0 OK for: express@4.18.2 want: 1.2.0
161 silly fetch manifest unpipe@~1.0.0
162 silly placeDep ROOT fresh@0.5.2 OK for: express@4.18.2 want: 0.5.2
163 silly placeDep ROOT http-errors@2.0.0 OK for: express@4.18.2 want: 2.0.0
164 silly fetch manifest inherits@2.0.4
165 silly fetch manifest toidentifier@1.0.1
166 silly placeDep ROOT merge-descriptors@1.0.1 OK for: express@4.18.2 want: 1.0.1
167 silly placeDep ROOT methods@1.1.2 OK for: express@4.18.2 want: ~1.1.2
168 silly placeDep ROOT on-finished@2.4.1 OK for: express@4.18.2 want: 2.4.1
169 silly fetch manifest ee-first@1.1.1
170 silly placeDep ROOT parseurl@1.3.3 OK for: express@4.18.2 want: ~1.3.3
171 silly placeDep ROOT path-to-regexp@0.1.7 OK for: express@4.18.2 want: 0.1.7
172 silly placeDep ROOT proxy-addr@2.0.7 OK for: express@4.18.2 want: ~2.0.7
173 silly fetch manifest forwarded@0.2.0
174 silly fetch manifest ipaddr.js@1.9.1
175 silly placeDep ROOT qs@6.11.0 OK for: express@4.18.2 want: 6.11.0
176 silly fetch manifest side-channel@^1.0.4
177 silly placeDep ROOT range-parser@1.2.1 OK for: express@4.18.2 want: ~1.2.1
178 silly placeDep ROOT safe-buffer@5.2.1 OK for: express@4.18.2 want: 5.2.1
179 silly placeDep ROOT send@0.18.0 OK for: express@4.18.2 want: 0.18.0
180 silly fetch manifest mime@1.6.0
181 silly fetch manifest ms@2.1.3
182 silly placeDep ROOT serve-static@1.15.0 OK for: express@4.18.2 want: 1.15.0
183 silly placeDep ROOT setprototypeof@1.2.0 OK for: express@4.18.2 want: 1.2.0
184 silly placeDep ROOT statuses@2.0.1 OK for: express@4.18.2 want: 2.0.1
185 silly placeDep ROOT type-is@1.6.18 OK for: express@4.18.2 want: ~1.6.18
186 silly fetch manifest media-typer@0.3.0
187 silly fetch manifest mime-types@~2.1.24
188 silly placeDep ROOT utils-merge@1.0.1 OK for: express@4.18.2 want: 1.0.1
189 http fetch GET 200 https://registry.npmjs.org/mime-types 96ms (cache miss)
190 http fetch GET 200 https://registry.npmjs.org/iconv-lite 120ms (cache miss)
191 http fetch GET 200 https://registry.npmjs.org/toidentifier 106ms (cache miss)
192 http fetch GET 200 https://registry.npmjs.org/ee-first 105ms (cache miss)
193 http fetch GET 200 https://registry.npmjs.org/destroy 127ms (cache miss)
194 http fetch GET 200 https://registry.npmjs.org/side-channel 104ms (cache miss)
195 http fetch GET 200 https://registry.npmjs.org/ipaddr.js 108ms (cache miss)
196 http fetch GET 200 https://registry.npmjs.org/inherits 122ms (cache miss)
197 http fetch GET 200 https://registry.npmjs.org/unpipe 126ms (cache miss)
198 http fetch GET 200 https://registry.npmjs.org/unpipe 137ms (cache miss)
199 http fetch GET 200 https://registry.npmjs.org/negotiator 169ms (cache miss)
200 http fetch GET 200 https://registry.npmjs.org/forwarded 216ms (cache miss)
201 http fetch GET 200 https://registry.npmjs.org/bytes 239ms (cache miss)
202 http fetch GET 200 https://registry.npmjs.org/ms 242ms (cache miss)
203 http fetch GET 200 https://registry.npmjs.org/raw-body 249ms (cache miss)
204 http fetch GET 200 https://registry.npmjs.org/ms 223ms (cache miss)
205 http fetch GET 200 https://registry.npmjs.org/mime 227ms (cache miss)
206 http fetch GET 200 https://registry.npmjs.org/media-typer 223ms (cache miss)
207 http fetch GET 200 https://registry.npmjs.org/mime-types 230ms (cache miss)
208 timing idealTree:node_modules/express Completed in 292ms
209 silly placeDep ROOT mime-types@2.1.35 OK for: accepts@1.3.8 want: ~2.1.34
210 silly fetch manifest mime-db@1.52.0
211 silly placeDep ROOT negotiator@0.6.3 OK for: accepts@1.3.8 want: 0.6.3
212 http fetch GET 200 https://registry.npmjs.org/mime-db 77ms (cache miss)
213 timing idealTree:node_modules/accepts Completed in 81ms
214 timing idealTree:node_modules/array-flatten Completed in 0ms
215 silly placeDep ROOT bytes@3.1.2 OK for: body-parser@1.20.1 want: 3.1.2
216 silly placeDep ROOT destroy@1.2.0 OK for: body-parser@1.20.1 want: 1.2.0
217 silly placeDep ROOT iconv-lite@0.4.24 OK for: body-parser@1.20.1 want: 0.4.24
218 silly fetch manifest safer-buffer@>= 2.1.2 < 3
219 silly placeDep ROOT raw-body@2.5.1 OK for: body-parser@1.20.1 want: 2.5.1
220 silly placeDep ROOT unpipe@1.0.0 OK for: body-parser@1.20.1 want: 1.0.0
221 http fetch GET 200 https://registry.npmjs.org/safer-buffer 54ms (cache miss)
222 timing idealTree:node_modules/body-parser Completed in 61ms
223 timing idealTree:node_modules/bytes Completed in 0ms
224 timing idealTree:node_modules/content-disposition Completed in 0ms
225 timing idealTree:node_modules/content-type Completed in 0ms
226 timing idealTree:node_modules/cookie Completed in 0ms
227 timing idealTree:node_modules/cookie-signature Completed in 0ms
228 silly placeDep ROOT ms@2.0.0 OK for: debug@2.6.9 want: 2.0.0
229 timing idealTree:node_modules/debug Completed in 1ms
230 timing idealTree:node_modules/depd Completed in 0ms
231 timing idealTree:node_modules/destroy Completed in 0ms
232 timing idealTree:node_modules/encodeurl Completed in 0ms
233 timing idealTree:node_modules/escape-html Completed in 0ms
234 timing idealTree:node_modules/etag Completed in 0ms
235 timing idealTree:node_modules/finalhandler Completed in 0ms
236 timing idealTree:node_modules/fresh Completed in 0ms
237 silly placeDep ROOT inherits@2.0.4 OK for: http-errors@2.0.0 want: 2.0.4
238 silly placeDep ROOT toidentifier@1.0.1 OK for: http-errors@2.0.0 want: 1.0.1
239 timing idealTree:node_modules/http-errors Completed in 1ms
240 silly placeDep ROOT safer-buffer@2.1.2 OK for: iconv-lite@0.4.24 want: >= 2.1.2 < 3
241 timing idealTree:node_modules/iconv-lite Completed in 1ms
242 timing idealTree:node_modules/inherits Completed in 0ms
243 timing idealTree:node_modules/merge-descriptors Completed in 0ms
244 timing idealTree:node_modules/methods Completed in 0ms
245 silly placeDep ROOT mime-db@1.52.0 OK for: mime-types@2.1.35 want: 1.52.0
246 timing idealTree:node_modules/mime-types Completed in 1ms
247 timing idealTree:node_modules/mime-db Completed in 0ms
248 timing idealTree:node_modules/ms Completed in 0ms
249 timing idealTree:node_modules/negotiator Completed in 0ms
250 silly placeDep ROOT chokidar@3.5.3 OK for: nodemon@3.0.1 want: ^3.5.2
251 silly fetch manifest anymatch@~3.1.2
252 silly fetch manifest braces@~3.0.2
253 silly fetch manifest glob-parent@~5.1.2
254 silly fetch manifest is-binary-path@~2.1.0
255 silly fetch manifest is-glob@~4.0.1
256 silly fetch manifest normalize-path@~3.0.0
257 silly fetch manifest readdirp@~3.6.0
258 silly fetch manifest fsevents@~2.3.2
259 silly placeDep node_modules/nodemon debug@3.2.7 OK for: nodemon@3.0.1 want: ^3.2.7
260 silly fetch manifest ms@^2.1.1
261 silly placeDep ROOT ignore-by-default@1.0.1 OK for: nodemon@3.0.1 want: ^1.0.1
262 silly placeDep ROOT minimatch@3.1.2 OK for: nodemon@3.0.1 want: ^3.1.2
263 silly fetch manifest brace-expansion@^1.1.7
264 silly placeDep ROOT pstree.remy@1.1.8 OK for: nodemon@3.0.1 want: ^1.1.8
265 silly placeDep ROOT semver@7.5.4 OK for: nodemon@3.0.1 want: ^7.5.3
266 silly fetch manifest lru-cache@^6.0.0
267 silly placeDep ROOT simple-update-notifier@2.0.0 OK for: nodemon@3.0.1 want: ^2.0.0
268 silly placeDep ROOT supports-color@5.5.0 OK for: nodemon@3.0.1 want: ^5.5.0
269 silly fetch manifest has-flag@^3.0.0
270 silly placeDep ROOT touch@3.1.0 OK for: nodemon@3.0.1 want: ^3.1.0
271 silly fetch manifest nopt@~1.0.10
272 silly placeDep ROOT undefsafe@2.0.5 OK for: nodemon@3.0.1 want: ^2.0.5
273 http fetch GET 200 https://registry.npmjs.org/is-binary-path 77ms (cache miss)
274 http fetch GET 200 https://registry.npmjs.org/braces 112ms (cache miss)
275 http fetch GET 200 https://registry.npmjs.org/lru-cache 124ms (cache miss)
276 http fetch GET 200 https://registry.npmjs.org/has-flag 127ms (cache miss)
277 http fetch GET 200 https://registry.npmjs.org/normalize-path 139ms (cache miss)
278 http fetch GET 200 https://registry.npmjs.org/brace-expansion 137ms (cache miss)
279 http fetch GET 200 https://registry.npmjs.org/is-glob 144ms (cache miss)
280 http fetch GET 200 https://registry.npmjs.org/glob-parent 150ms (cache miss)
281 http fetch GET 200 https://registry.npmjs.org/nopt 138ms (cache miss)
282 http fetch GET 200 https://registry.npmjs.org/anymatch 159ms (cache miss)
283 http fetch GET 200 https://registry.npmjs.org/fsevents 154ms (cache miss)
284 http fetch GET 200 https://registry.npmjs.org/readdirp 158ms (cache miss)
285 timing idealTree:node_modules/nodemon Completed in 169ms
286 silly placeDep ROOT anymatch@3.1.3 OK for: chokidar@3.5.3 want: ~3.1.2
287 silly fetch manifest normalize-path@^3.0.0
288 silly fetch manifest picomatch@^2.0.4
289 silly placeDep ROOT braces@3.0.2 OK for: chokidar@3.5.3 want: ~3.0.2
290 silly fetch manifest fill-range@^7.0.1
291 silly placeDep ROOT fsevents@2.3.3 OK for: chokidar@3.5.3 want: ~2.3.2
292 silly placeDep ROOT glob-parent@5.1.2 OK for: chokidar@3.5.3 want: ~5.1.2
293 silly fetch manifest is-glob@^4.0.1
294 silly placeDep ROOT is-binary-path@2.1.0 OK for: chokidar@3.5.3 want: ~2.1.0
295 silly fetch manifest binary-extensions@^2.0.0
296 silly placeDep ROOT is-glob@4.0.3 OK for: chokidar@3.5.3 want: ~4.0.1
297 silly fetch manifest is-extglob@^2.1.1
298 silly placeDep ROOT normalize-path@3.0.0 OK for: chokidar@3.5.3 want: ~3.0.0
299 silly placeDep ROOT readdirp@3.6.0 OK for: chokidar@3.5.3 want: ~3.6.0
300 silly fetch manifest picomatch@^2.2.1
301 http fetch GET 200 https://registry.npmjs.org/binary-extensions 86ms (cache miss)
302 http fetch GET 200 https://registry.npmjs.org/picomatch 93ms (cache miss)
303 http fetch GET 200 https://registry.npmjs.org/picomatch 80ms (cache miss)
304 http fetch GET 200 https://registry.npmjs.org/is-extglob 114ms (cache miss)
305 http fetch GET 200 https://registry.npmjs.org/fill-range 770ms (cache miss)
306 timing idealTree:node_modules/chokidar Completed in 781ms
307 silly placeDep ROOT picomatch@2.3.1 OK for: anymatch@3.1.3 want: ^2.0.4
308 timing idealTree:node_modules/anymatch Completed in 2ms
309 silly placeDep ROOT fill-range@7.0.1 OK for: braces@3.0.2 want: ^7.0.1
310 silly fetch manifest to-regex-range@^5.0.1
311 http fetch GET 200 https://registry.npmjs.org/to-regex-range 733ms (cache miss)
312 timing idealTree:node_modules/braces Completed in 734ms
313 silly placeDep ROOT to-regex-range@5.0.1 OK for: fill-range@7.0.1 want: ^5.0.1
314 silly fetch manifest is-number@^7.0.0
315 http fetch GET 200 https://registry.npmjs.org/is-number 57ms (cache miss)
316 timing idealTree:node_modules/fill-range Completed in 60ms
317 timing idealTree:node_modules/fsevents Completed in 0ms
318 timing idealTree:node_modules/glob-parent Completed in 0ms
319 timing idealTree:node_modules/ignore-by-default Completed in 0ms
320 silly placeDep ROOT binary-extensions@2.2.0 OK for: is-binary-path@2.1.0 want: ^2.0.0
321 timing idealTree:node_modules/is-binary-path Completed in 1ms
322 timing idealTree:node_modules/binary-extensions Completed in 0ms
323 silly placeDep ROOT is-extglob@2.1.1 OK for: is-glob@4.0.3 want: ^2.1.1
324 timing idealTree:node_modules/is-glob Completed in 1ms
325 timing idealTree:node_modules/is-extglob Completed in 0ms
326 silly placeDep ROOT brace-expansion@1.1.11 OK for: minimatch@3.1.2 want: ^1.1.7
327 silly fetch manifest balanced-match@^1.0.0
328 silly fetch manifest concat-map@0.0.1
329 http fetch GET 200 https://registry.npmjs.org/balanced-match 48ms (cache miss)
330 http fetch GET 200 https://registry.npmjs.org/concat-map 60ms (cache miss)
331 timing idealTree:node_modules/minimatch Completed in 63ms
332 silly placeDep ROOT balanced-match@1.0.2 OK for: brace-expansion@1.1.11 want: ^1.0.0
333 silly placeDep ROOT concat-map@0.0.1 OK for: brace-expansion@1.1.11 want: 0.0.1
334 timing idealTree:node_modules/brace-expansion Completed in 2ms
335 timing idealTree:node_modules/balanced-match Completed in 0ms
336 timing idealTree:node_modules/concat-map Completed in 0ms
337 timing idealTree:node_modules/normalize-path Completed in 0ms
338 timing idealTree:node_modules/object-assign Completed in 0ms
339 silly placeDep ROOT ee-first@1.1.1 OK for: on-finished@2.4.1 want: 1.1.1
340 timing idealTree:node_modules/on-finished Completed in 1ms
341 timing idealTree:node_modules/ee-first Completed in 0ms
342 timing idealTree:node_modules/parseurl Completed in 0ms
343 timing idealTree:node_modules/path-to-regexp Completed in 0ms
344 timing idealTree:node_modules/picomatch Completed in 0ms
345 silly placeDep ROOT forwarded@0.2.0 OK for: proxy-addr@2.0.7 want: 0.2.0
346 silly placeDep ROOT ipaddr.js@1.9.1 OK for: proxy-addr@2.0.7 want: 1.9.1
347 timing idealTree:node_modules/proxy-addr Completed in 2ms
348 timing idealTree:node_modules/forwarded Completed in 1ms
349 timing idealTree:node_modules/ipaddr.js Completed in 0ms
350 timing idealTree:node_modules/pstree.remy Completed in 0ms
351 silly placeDep ROOT side-channel@1.0.4 OK for: qs@6.11.0 want: ^1.0.4
352 silly fetch manifest call-bind@^1.0.0
353 silly fetch manifest get-intrinsic@^1.0.2
354 silly fetch manifest object-inspect@^1.9.0
355 http fetch GET 200 https://registry.npmjs.org/call-bind 56ms (cache miss)
356 http fetch GET 200 https://registry.npmjs.org/object-inspect 80ms (cache miss)
357 http fetch GET 200 https://registry.npmjs.org/get-intrinsic 90ms (cache miss)
358 timing idealTree:node_modules/qs Completed in 93ms
359 timing idealTree:node_modules/range-parser Completed in 0ms
360 timing idealTree:node_modules/raw-body Completed in 0ms
361 timing idealTree:node_modules/readdirp Completed in 0ms
362 timing idealTree:node_modules/safe-buffer Completed in 0ms
363 timing idealTree:node_modules/safer-buffer Completed in 0ms
364 silly placeDep ROOT lru-cache@6.0.0 OK for: semver@7.5.4 want: ^6.0.0
365 silly fetch manifest yallist@^4.0.0
366 http fetch GET 200 https://registry.npmjs.org/yallist 71ms (cache miss)
367 timing idealTree:node_modules/semver Completed in 73ms
368 silly placeDep ROOT yallist@4.0.0 OK for: lru-cache@6.0.0 want: ^4.0.0
369 timing idealTree:node_modules/lru-cache Completed in 1ms
370 silly placeDep ROOT mime@1.6.0 OK for: send@0.18.0 want: 1.6.0
371 silly placeDep node_modules/send ms@2.1.3 OK for: send@0.18.0 want: 2.1.3
372 timing idealTree:node_modules/send Completed in 2ms
373 timing idealTree:node_modules/mime Completed in 0ms
374 timing idealTree:node_modules/serve-static Completed in 0ms
375 timing idealTree:node_modules/setprototypeof Completed in 0ms
376 silly placeDep ROOT call-bind@1.0.2 OK for: side-channel@1.0.4 want: ^1.0.0
377 silly fetch manifest function-bind@^1.1.1
378 silly placeDep ROOT get-intrinsic@1.2.1 OK for: side-channel@1.0.4 want: ^1.0.2
379 silly fetch manifest has@^1.0.3
380 silly fetch manifest has-proto@^1.0.1
381 silly fetch manifest has-symbols@^1.0.3
382 silly placeDep ROOT object-inspect@1.13.0 OK for: side-channel@1.0.4 want: ^1.9.0
383 http fetch GET 200 https://registry.npmjs.org/has-symbols 63ms (cache miss)
384 http fetch GET 200 https://registry.npmjs.org/function-bind 76ms (cache miss)
385 http fetch GET 200 https://registry.npmjs.org/has-proto 73ms (cache miss)
386 http fetch GET 200 https://registry.npmjs.org/has 85ms (cache miss)
387 timing idealTree:node_modules/side-channel Completed in 90ms
388 silly placeDep ROOT function-bind@1.1.2 OK for: call-bind@1.0.2 want: ^1.1.1
389 timing idealTree:node_modules/call-bind Completed in 2ms
390 timing idealTree:node_modules/function-bind Completed in 0ms
391 silly placeDep ROOT has@1.0.4 OK for: get-intrinsic@1.2.1 want: ^1.0.3
392 silly placeDep ROOT has-proto@1.0.1 OK for: get-intrinsic@1.2.1 want: ^1.0.1
393 silly placeDep ROOT has-symbols@1.0.3 OK for: get-intrinsic@1.2.1 want: ^1.0.3
394 timing idealTree:node_modules/get-intrinsic Completed in 3ms
395 timing idealTree:node_modules/has Completed in 0ms
396 timing idealTree:node_modules/has-proto Completed in 0ms
397 timing idealTree:node_modules/has-symbols Completed in 0ms
398 timing idealTree:node_modules/object-inspect Completed in 0ms
399 timing idealTree:node_modules/simple-update-notifier Completed in 0ms
400 timing idealTree:node_modules/statuses Completed in 0ms
401 silly placeDep ROOT has-flag@3.0.0 OK for: supports-color@5.5.0 want: ^3.0.0
402 timing idealTree:node_modules/supports-color Completed in 1ms
403 timing idealTree:node_modules/has-flag Completed in 0ms
404 silly placeDep ROOT is-number@7.0.0 OK for: to-regex-range@5.0.1 want: ^7.0.0
405 timing idealTree:node_modules/to-regex-range Completed in 1ms
406 timing idealTree:node_modules/is-number Completed in 0ms
407 timing idealTree:node_modules/toidentifier Completed in 0ms
408 silly placeDep ROOT nopt@1.0.10 OK for: touch@3.1.0 want: ~1.0.10
409 silly fetch manifest abbrev@1
410 http fetch GET 200 https://registry.npmjs.org/abbrev 59ms (cache miss)
411 timing idealTree:node_modules/touch Completed in 62ms
412 silly placeDep ROOT abbrev@1.1.1 OK for: nopt@1.0.10 want: 1
413 timing idealTree:node_modules/nopt Completed in 1ms
414 timing idealTree:node_modules/abbrev Completed in 0ms
415 silly placeDep ROOT media-typer@0.3.0 OK for: type-is@1.6.18 want: 0.3.0
416 timing idealTree:node_modules/type-is Completed in 1ms
417 timing idealTree:node_modules/media-typer Completed in 0ms
418 timing idealTree:node_modules/undefsafe Completed in 0ms
419 timing idealTree:node_modules/unpipe Completed in 0ms
420 timing idealTree:node_modules/utils-merge Completed in 0ms
421 timing idealTree:node_modules/vary Completed in 0ms
422 timing idealTree:node_modules/yallist Completed in 0ms
423 silly placeDep node_modules/nodemon ms@2.1.3 OK for: debug@3.2.7 want: ^2.1.1
424 timing idealTree:node_modules/nodemon/node_modules/debug Completed in 2ms
425 timing idealTree:node_modules/nodemon/node_modules/ms Completed in 0ms
426 timing idealTree:node_modules/send/node_modules/ms Completed in 0ms
427 timing idealTree:buildDeps Completed in 3521ms
428 timing idealTree:fixDepFlags Completed in 1ms
429 timing idealTree Completed in 3540ms
430 timing reify:loadTrees Completed in 3540ms
431 timing reify:diffTrees Completed in 2ms
432 silly reify moves {}
433 timing reify:retireShallow Completed in 1ms
434 timing reify:createSparse Completed in 13ms
435 timing reify:loadBundles Completed in 0ms
436 silly audit bulk request {
436 silly audit   cors: [ '2.8.5' ],
436 silly audit   dotenv: [ '16.3.1' ],
436 silly audit   express: [ '4.18.2' ],
436 silly audit   nodemon: [ '3.0.1' ],
436 silly audit   'object-assign': [ '4.1.1' ],
436 silly audit   vary: [ '1.1.2' ],
436 silly audit   accepts: [ '1.3.8' ],
436 silly audit   'array-flatten': [ '1.1.1' ],
436 silly audit   'body-parser': [ '1.20.1' ],
436 silly audit   'content-disposition': [ '0.5.4' ],
436 silly audit   'content-type': [ '1.0.5' ],
436 silly audit   cookie: [ '0.5.0' ],
436 silly audit   'cookie-signature': [ '1.0.6' ],
436 silly audit   debug: [ '2.6.9', '3.2.7' ],
436 silly audit   depd: [ '2.0.0' ],
436 silly audit   encodeurl: [ '1.0.2' ],
436 silly audit   'escape-html': [ '1.0.3' ],
436 silly audit   etag: [ '1.8.1' ],
436 silly audit   finalhandler: [ '1.2.0' ],
436 silly audit   fresh: [ '0.5.2' ],
436 silly audit   'http-errors': [ '2.0.0' ],
436 silly audit   'merge-descriptors': [ '1.0.1' ],
436 silly audit   methods: [ '1.1.2' ],
436 silly audit   'on-finished': [ '2.4.1' ],
436 silly audit   parseurl: [ '1.3.3' ],
436 silly audit   'path-to-regexp': [ '0.1.7' ],
436 silly audit   'proxy-addr': [ '2.0.7' ],
436 silly audit   qs: [ '6.11.0' ],
436 silly audit   'range-parser': [ '1.2.1' ],
436 silly audit   'safe-buffer': [ '5.2.1' ],
436 silly audit   send: [ '0.18.0' ],
436 silly audit   'serve-static': [ '1.15.0' ],
436 silly audit   setprototypeof: [ '1.2.0' ],
436 silly audit   statuses: [ '2.0.1' ],
436 silly audit   'type-is': [ '1.6.18' ],
436 silly audit   'utils-merge': [ '1.0.1' ],
436 silly audit   'mime-types': [ '2.1.35' ],
436 silly audit   negotiator: [ '0.6.3' ],
436 silly audit   bytes: [ '3.1.2' ],
436 silly audit   destroy: [ '1.2.0' ],
436 silly audit   'iconv-lite': [ '0.4.24' ],
436 silly audit   'raw-body': [ '2.5.1' ],
436 silly audit   unpipe: [ '1.0.0' ],
436 silly audit   ms: [ '2.0.0', '2.1.3' ],
436 silly audit   inherits: [ '2.0.4' ],
436 silly audit   toidentifier: [ '1.0.1' ],
436 silly audit   'safer-buffer': [ '2.1.2' ],
436 silly audit   'mime-db': [ '1.52.0' ],
436 silly audit   chokidar: [ '3.5.3' ],
436 silly audit   'ignore-by-default': [ '1.0.1' ],
436 silly audit   minimatch: [ '3.1.2' ],
436 silly audit   'pstree.remy': [ '1.1.8' ],
436 silly audit   semver: [ '7.5.4' ],
436 silly audit   'simple-update-notifier': [ '2.0.0' ],
436 silly audit   'supports-color': [ '5.5.0' ],
436 silly audit   touch: [ '3.1.0' ],
436 silly audit   undefsafe: [ '2.0.5' ],
436 silly audit   anymatch: [ '3.1.3' ],
436 silly audit   braces: [ '3.0.2' ],
436 silly audit   fsevents: [ '2.3.3' ],
436 silly audit   'glob-parent': [ '5.1.2' ],
436 silly audit   'is-binary-path': [ '2.1.0' ],
436 silly audit   'is-glob': [ '4.0.3' ],
436 silly audit   'normalize-path': [ '3.0.0' ],
436 silly audit   readdirp: [ '3.6.0' ],
436 silly audit   picomatch: [ '2.3.1' ],
436 silly audit   'fill-range': [ '7.0.1' ],
436 silly audit   'to-regex-range': [ '5.0.1' ],
436 silly audit   'binary-extensions': [ '2.2.0' ],
436 silly audit   'is-extglob': [ '2.1.1' ],
436 silly audit   'brace-expansion': [ '1.1.11' ],
436 silly audit   'balanced-match': [ '1.0.2' ],
436 silly audit   'concat-map': [ '0.0.1' ],
436 silly audit   'ee-first': [ '1.1.1' ],
436 silly audit   forwarded: [ '0.2.0' ],
436 silly audit   'ipaddr.js': [ '1.9.1' ],
436 silly audit   'side-channel': [ '1.0.4' ],
436 silly audit   'lru-cache': [ '6.0.0' ],
436 silly audit   yallist: [ '4.0.0' ],
436 silly audit   mime: [ '1.6.0' ],
436 silly audit   'call-bind': [ '1.0.2' ],
436 silly audit   'get-intrinsic': [ '1.2.1' ],
436 silly audit   'object-inspect': [ '1.13.0' ],
436 silly audit   'function-bind': [ '1.1.2' ],
436 silly audit   has: [ '1.0.4' ],
436 silly audit   'has-proto': [ '1.0.1' ],
436 silly audit   'has-symbols': [ '1.0.3' ],
436 silly audit   'has-flag': [ '3.0.0' ],
436 silly audit   'is-number': [ '7.0.0' ],
436 silly audit   nopt: [ '1.0.10' ],
436 silly audit   abbrev: [ '1.1.1' ],
436 silly audit   'media-typer': [ '0.3.0' ]
436 silly audit }
437 silly tarball no local data for abbrev@https://registry.npmjs.org/abbrev/-/abbrev-1.1.1.tgz. Extracting by manifest.
438 silly tarball no local data for media-typer@https://registry.npmjs.org/media-typer/-/media-typer-0.3.0.tgz. Extracting by manifest.
439 silly tarball no local data for has-proto@https://registry.npmjs.org/has-proto/-/has-proto-1.0.1.tgz. Extracting by manifest.
440 silly tarball no local data for has-symbols@https://registry.npmjs.org/has-symbols/-/has-symbols-1.0.3.tgz. Extracting by manifest.
441 silly tarball no local data for nopt@https://registry.npmjs.org/nopt/-/nopt-1.0.10.tgz. Extracting by manifest.
442 silly tarball no local data for has-flag@https://registry.npmjs.org/has-flag/-/has-flag-3.0.0.tgz. Extracting by manifest.
443 silly tarball no local data for has@https://registry.npmjs.org/has/-/has-1.0.4.tgz. Extracting by manifest.
444 silly tarball no local data for call-bind@https://registry.npmjs.org/call-bind/-/call-bind-1.0.2.tgz. Extracting by manifest.
445 silly tarball no local data for function-bind@https://registry.npmjs.org/function-bind/-/function-bind-1.1.2.tgz. Extracting by manifest.
446 silly tarball no local data for get-intrinsic@https://registry.npmjs.org/get-intrinsic/-/get-intrinsic-1.2.1.tgz. Extracting by manifest.
447 silly tarball no local data for object-inspect@https://registry.npmjs.org/object-inspect/-/object-inspect-1.13.0.tgz. Extracting by manifest.
448 silly tarball no local data for forwarded@https://registry.npmjs.org/forwarded/-/forwarded-0.2.0.tgz. Extracting by manifest.
449 silly tarball no local data for side-channel@https://registry.npmjs.org/side-channel/-/side-channel-1.0.4.tgz. Extracting by manifest.
450 silly tarball no local data for yallist@https://registry.npmjs.org/yallist/-/yallist-4.0.0.tgz. Extracting by manifest.
451 silly tarball no local data for ipaddr.js@https://registry.npmjs.org/ipaddr.js/-/ipaddr.js-1.9.1.tgz. Extracting by manifest.
452 silly tarball no local data for ee-first@https://registry.npmjs.org/ee-first/-/ee-first-1.1.1.tgz. Extracting by manifest.
453 silly tarball no local data for brace-expansion@https://registry.npmjs.org/brace-expansion/-/brace-expansion-1.1.11.tgz. Extracting by manifest.
454 silly tarball no local data for is-extglob@https://registry.npmjs.org/is-extglob/-/is-extglob-2.1.1.tgz. Extracting by manifest.
455 silly tarball no local data for concat-map@https://registry.npmjs.org/concat-map/-/concat-map-0.0.1.tgz. Extracting by manifest.
456 silly tarball no local data for binary-extensions@https://registry.npmjs.org/binary-extensions/-/binary-extensions-2.2.0.tgz. Extracting by manifest.
457 silly tarball no local data for balanced-match@https://registry.npmjs.org/balanced-match/-/balanced-match-1.0.2.tgz. Extracting by manifest.
458 silly tarball no local data for to-regex-range@https://registry.npmjs.org/to-regex-range/-/to-regex-range-5.0.1.tgz. Extracting by manifest.
459 silly tarball no local data for fill-range@https://registry.npmjs.org/fill-range/-/fill-range-7.0.1.tgz. Extracting by manifest.
460 silly tarball no local data for readdirp@https://registry.npmjs.org/readdirp/-/readdirp-3.6.0.tgz. Extracting by manifest.
461 silly tarball no local data for normalize-path@https://registry.npmjs.org/normalize-path/-/normalize-path-3.0.0.tgz. Extracting by manifest.
462 silly tarball no local data for picomatch@https://registry.npmjs.org/picomatch/-/picomatch-2.3.1.tgz. Extracting by manifest.
463 silly tarball no local data for is-binary-path@https://registry.npmjs.org/is-binary-path/-/is-binary-path-2.1.0.tgz. Extracting by manifest.
464 silly tarball no local data for is-glob@https://registry.npmjs.org/is-glob/-/is-glob-4.0.3.tgz. Extracting by manifest.
465 silly tarball no local data for glob-parent@https://registry.npmjs.org/glob-parent/-/glob-parent-5.1.2.tgz. Extracting by manifest.
466 silly tarball no local data for fsevents@https://registry.npmjs.org/fsevents/-/fsevents-2.3.3.tgz. Extracting by manifest.
467 silly tarball no local data for braces@https://registry.npmjs.org/braces/-/braces-3.0.2.tgz. Extracting by manifest.
468 silly tarball no local data for undefsafe@https://registry.npmjs.org/undefsafe/-/undefsafe-2.0.5.tgz. Extracting by manifest.
469 silly tarball no local data for anymatch@https://registry.npmjs.org/anymatch/-/anymatch-3.1.3.tgz. Extracting by manifest.
470 silly tarball no local data for is-number@https://registry.npmjs.org/is-number/-/is-number-7.0.0.tgz. Extracting by manifest.
471 silly tarball no local data for touch@https://registry.npmjs.org/touch/-/touch-3.1.0.tgz. Extracting by manifest.
472 silly tarball no local data for supports-color@https://registry.npmjs.org/supports-color/-/supports-color-5.5.0.tgz. Extracting by manifest.
473 silly tarball no local data for simple-update-notifier@https://registry.npmjs.org/simple-update-notifier/-/simple-update-notifier-2.0.0.tgz. Extracting by manifest.
474 silly tarball no local data for minimatch@https://registry.npmjs.org/minimatch/-/minimatch-3.1.2.tgz. Extracting by manifest.
475 silly tarball no local data for semver@https://registry.npmjs.org/semver/-/semver-7.5.4.tgz. Extracting by manifest.
476 silly tarball no local data for chokidar@https://registry.npmjs.org/chokidar/-/chokidar-3.5.3.tgz. Extracting by manifest.
477 silly tarball no local data for pstree.remy@https://registry.npmjs.org/pstree.remy/-/pstree.remy-1.1.8.tgz. Extracting by manifest.
478 silly tarball no local data for mime@https://registry.npmjs.org/mime/-/mime-1.6.0.tgz. Extracting by manifest.
479 silly tarball no local data for mime-db@https://registry.npmjs.org/mime-db/-/mime-db-1.52.0.tgz. Extracting by manifest.
480 silly tarball no local data for ignore-by-default@https://registry.npmjs.org/ignore-by-default/-/ignore-by-default-1.0.1.tgz. Extracting by manifest.
481 silly tarball no local data for toidentifier@https://registry.npmjs.org/toidentifier/-/toidentifier-1.0.1.tgz. Extracting by manifest.
482 silly tarball no local data for safer-buffer@https://registry.npmjs.org/safer-buffer/-/safer-buffer-2.1.2.tgz. Extracting by manifest.
483 silly tarball no local data for unpipe@https://registry.npmjs.org/unpipe/-/unpipe-1.0.0.tgz. Extracting by manifest.
484 silly tarball no local data for ms@https://registry.npmjs.org/ms/-/ms-2.0.0.tgz. Extracting by manifest.
485 silly tarball no local data for destroy@https://registry.npmjs.org/destroy/-/destroy-1.2.0.tgz. Extracting by manifest.
486 silly tarball no local data for iconv-lite@https://registry.npmjs.org/iconv-lite/-/iconv-lite-0.4.24.tgz. Extracting by manifest.
487 silly tarball no local data for bytes@https://registry.npmjs.org/bytes/-/bytes-3.1.2.tgz. Extracting by manifest.
488 silly tarball no local data for mime-types@https://registry.npmjs.org/mime-types/-/mime-types-2.1.35.tgz. Extracting by manifest.
489 silly tarball no local data for raw-body@https://registry.npmjs.org/raw-body/-/raw-body-2.5.1.tgz. Extracting by manifest.
490 silly tarball no local data for utils-merge@https://registry.npmjs.org/utils-merge/-/utils-merge-1.0.1.tgz. Extracting by manifest.
491 silly tarball no local data for type-is@https://registry.npmjs.org/type-is/-/type-is-1.6.18.tgz. Extracting by manifest.
492 silly tarball no local data for negotiator@https://registry.npmjs.org/negotiator/-/negotiator-0.6.3.tgz. Extracting by manifest.
493 silly tarball no local data for setprototypeof@https://registry.npmjs.org/setprototypeof/-/setprototypeof-1.2.0.tgz. Extracting by manifest.
494 silly tarball no local data for safe-buffer@https://registry.npmjs.org/safe-buffer/-/safe-buffer-5.2.1.tgz. Extracting by manifest.
495 silly tarball no local data for statuses@https://registry.npmjs.org/statuses/-/statuses-2.0.1.tgz. Extracting by manifest.
496 silly tarball no local data for send@https://registry.npmjs.org/send/-/send-0.18.0.tgz. Extracting by manifest.
497 silly tarball no local data for qs@https://registry.npmjs.org/qs/-/qs-6.11.0.tgz. Extracting by manifest.
498 silly tarball no local data for serve-static@https://registry.npmjs.org/serve-static/-/serve-static-1.15.0.tgz. Extracting by manifest.
499 silly tarball no local data for proxy-addr@https://registry.npmjs.org/proxy-addr/-/proxy-addr-2.0.7.tgz. Extracting by manifest.
500 silly tarball no local data for on-finished@https://registry.npmjs.org/on-finished/-/on-finished-2.4.1.tgz. Extracting by manifest.
501 silly tarball no local data for methods@https://registry.npmjs.org/methods/-/methods-1.1.2.tgz. Extracting by manifest.
502 silly tarball no local data for merge-descriptors@https://registry.npmjs.org/merge-descriptors/-/merge-descriptors-1.0.1.tgz. Extracting by manifest.
503 silly tarball no local data for finalhandler@https://registry.npmjs.org/finalhandler/-/finalhandler-1.2.0.tgz. Extracting by manifest.
504 silly tarball no local data for range-parser@https://registry.npmjs.org/range-parser/-/range-parser-1.2.1.tgz. Extracting by manifest.
505 silly tarball no local data for http-errors@https://registry.npmjs.org/http-errors/-/http-errors-2.0.0.tgz. Extracting by manifest.
506 silly tarball no local data for fresh@https://registry.npmjs.org/fresh/-/fresh-0.5.2.tgz. Extracting by manifest.
507 silly tarball no local data for escape-html@https://registry.npmjs.org/escape-html/-/escape-html-1.0.3.tgz. Extracting by manifest.
508 silly tarball no local data for parseurl@https://registry.npmjs.org/parseurl/-/parseurl-1.3.3.tgz. Extracting by manifest.
509 silly tarball no local data for lru-cache@https://registry.npmjs.org/lru-cache/-/lru-cache-6.0.0.tgz. Extracting by manifest.
510 silly tarball no local data for encodeurl@https://registry.npmjs.org/encodeurl/-/encodeurl-1.0.2.tgz. Extracting by manifest.
511 silly tarball no local data for depd@https://registry.npmjs.org/depd/-/depd-2.0.0.tgz. Extracting by manifest.
512 silly tarball no local data for debug@https://registry.npmjs.org/debug/-/debug-2.6.9.tgz. Extracting by manifest.
513 silly tarball no local data for cookie@https://registry.npmjs.org/cookie/-/cookie-0.5.0.tgz. Extracting by manifest.
514 silly tarball no local data for content-type@https://registry.npmjs.org/content-type/-/content-type-1.0.5.tgz. Extracting by manifest.
515 silly tarball no local data for etag@https://registry.npmjs.org/etag/-/etag-1.8.1.tgz. Extracting by manifest.
516 silly tarball no local data for array-flatten@https://registry.npmjs.org/array-flatten/-/array-flatten-1.1.1.tgz. Extracting by manifest.
517 silly tarball no local data for content-disposition@https://registry.npmjs.org/content-disposition/-/content-disposition-0.5.4.tgz. Extracting by manifest.
518 silly tarball no local data for cookie-signature@https://registry.npmjs.org/cookie-signature/-/cookie-signature-1.0.6.tgz. Extracting by manifest.
519 silly tarball no local data for inherits@https://registry.npmjs.org/inherits/-/inherits-2.0.4.tgz. Extracting by manifest.
520 silly tarball no local data for body-parser@https://registry.npmjs.org/body-parser/-/body-parser-1.20.1.tgz. Extracting by manifest.
521 silly tarball no local data for object-assign@https://registry.npmjs.org/object-assign/-/object-assign-4.1.1.tgz. Extracting by manifest.
522 silly tarball no local data for express@https://registry.npmjs.org/express/-/express-4.18.2.tgz. Extracting by manifest.
523 silly tarball no local data for cors@https://registry.npmjs.org/cors/-/cors-2.8.5.tgz. Extracting by manifest.
524 silly tarball no local data for dotenv@https://registry.npmjs.org/dotenv/-/dotenv-16.3.1.tgz. Extracting by manifest.
525 silly tarball no local data for accepts@https://registry.npmjs.org/accepts/-/accepts-1.3.8.tgz. Extracting by manifest.
526 silly tarball no local data for ms@https://registry.npmjs.org/ms/-/ms-2.1.3.tgz. Extracting by manifest.
527 silly tarball no local data for nodemon@https://registry.npmjs.org/nodemon/-/nodemon-3.0.1.tgz. Extracting by manifest.
528 silly tarball no local data for debug@https://registry.npmjs.org/debug/-/debug-3.2.7.tgz. Extracting by manifest.
529 silly tarball no local data for vary@https://registry.npmjs.org/vary/-/vary-1.1.2.tgz. Extracting by manifest.
530 silly tarball no local data for ms@https://registry.npmjs.org/ms/-/ms-2.1.3.tgz. Extracting by manifest.
531 silly tarball no local data for path-to-regexp@https://registry.npmjs.org/path-to-regexp/-/path-to-regexp-0.1.7.tgz. Extracting by manifest.
532 http fetch POST 200 https://registry.npmjs.org/-/npm/v1/security/advisories/bulk 365ms
533 timing auditReport:getReport Completed in 370ms
534 silly audit report {}
535 timing auditReport:init Completed in 0ms
536 timing reify:audit Completed in 370ms
537 http fetch GET 200 https://registry.npmjs.org/media-typer/-/media-typer-0.3.0.tgz 815ms (cache miss)
538 timing reifyNode:node_modules/media-typer Completed in 854ms
539 http fetch GET 200 https://registry.npmjs.org/abbrev/-/abbrev-1.1.1.tgz 817ms (cache miss)
540 timing reifyNode:node_modules/abbrev Completed in 855ms
541 http fetch GET 200 https://registry.npmjs.org/has-flag/-/has-flag-3.0.0.tgz 856ms (cache miss)
542 timing reifyNode:node_modules/has-flag Completed in 897ms
543 http fetch GET 200 https://registry.npmjs.org/get-intrinsic/-/get-intrinsic-1.2.1.tgz 854ms (cache miss)
544 http fetch GET 200 https://registry.npmjs.org/has-proto/-/has-proto-1.0.1.tgz 909ms (cache miss)
545 timing reifyNode:node_modules/has-proto Completed in 948ms
546 http fetch GET 200 https://registry.npmjs.org/has/-/has-1.0.4.tgz 907ms (cache miss)
547 timing reifyNode:node_modules/has Completed in 949ms
548 http fetch GET 200 https://registry.npmjs.org/yallist/-/yallist-4.0.0.tgz 940ms (cache miss)
549 timing reifyNode:node_modules/yallist Completed in 985ms
550 http fetch GET 200 https://registry.npmjs.org/forwarded/-/forwarded-0.2.0.tgz 942ms (cache miss)
551 timing reifyNode:node_modules/forwarded Completed in 986ms
552 timing reifyNode:node_modules/get-intrinsic Completed in 987ms
553 http fetch GET 200 https://registry.npmjs.org/nopt/-/nopt-1.0.10.tgz 946ms (cache miss)
554 timing reifyNode:node_modules/nopt Completed in 988ms
555 http fetch GET 200 https://registry.npmjs.org/has-symbols/-/has-symbols-1.0.3.tgz 948ms (cache miss)
556 http fetch GET 200 https://registry.npmjs.org/binary-extensions/-/binary-extensions-2.2.0.tgz 939ms (cache miss)
557 timing reifyNode:node_modules/binary-extensions Completed in 988ms
558 http fetch GET 200 https://registry.npmjs.org/normalize-path/-/normalize-path-3.0.0.tgz 963ms (cache miss)
559 timing reifyNode:node_modules/normalize-path Completed in 1016ms
560 http fetch GET 200 https://registry.npmjs.org/call-bind/-/call-bind-1.0.2.tgz 995ms (cache miss)
561 http fetch GET 200 https://registry.npmjs.org/concat-map/-/concat-map-0.0.1.tgz 988ms (cache miss)
562 timing reifyNode:node_modules/concat-map Completed in 1037ms
563 http fetch GET 200 https://registry.npmjs.org/is-extglob/-/is-extglob-2.1.1.tgz 1014ms (cache miss)
564 timing reifyNode:node_modules/is-extglob Completed in 1062ms
565 http fetch GET 200 https://registry.npmjs.org/to-regex-range/-/to-regex-range-5.0.1.tgz 1013ms (cache miss)
566 timing reifyNode:node_modules/to-regex-range Completed in 1063ms
567 timing reifyNode:node_modules/call-bind Completed in 1088ms
568 http fetch GET 200 https://registry.npmjs.org/ipaddr.js/-/ipaddr.js-1.9.1.tgz 1042ms (cache miss)
569 timing reifyNode:node_modules/ipaddr.js Completed in 1088ms
570 http fetch GET 200 https://registry.npmjs.org/ee-first/-/ee-first-1.1.1.tgz 1042ms (cache miss)
571 timing reifyNode:node_modules/ee-first Completed in 1088ms
572 http fetch GET 200 https://registry.npmjs.org/fill-range/-/fill-range-7.0.1.tgz 1041ms (cache miss)
573 timing reifyNode:node_modules/fill-range Completed in 1093ms
574 timing reifyNode:node_modules/has-symbols Completed in 1159ms
575 http fetch GET 200 https://registry.npmjs.org/brace-expansion/-/brace-expansion-1.1.11.tgz 1112ms (cache miss)
576 timing reifyNode:node_modules/brace-expansion Completed in 1159ms
577 http fetch GET 200 https://registry.npmjs.org/is-binary-path/-/is-binary-path-2.1.0.tgz 1150ms (cache miss)
578 timing reifyNode:node_modules/is-binary-path Completed in 1203ms
579 http fetch GET 200 https://registry.npmjs.org/balanced-match/-/balanced-match-1.0.2.tgz 1153ms (cache miss)
580 timing reifyNode:node_modules/balanced-match Completed in 1203ms
581 http fetch GET 200 https://registry.npmjs.org/touch/-/touch-3.1.0.tgz 1142ms (cache miss)
582 timing reifyNode:node_modules/touch Completed in 1203ms
583 http fetch GET 200 https://registry.npmjs.org/toidentifier/-/toidentifier-1.0.1.tgz 1138ms (cache miss)
584 timing reifyNode:node_modules/toidentifier Completed in 1206ms
585 http fetch GET 200 https://registry.npmjs.org/is-glob/-/is-glob-4.0.3.tgz 1161ms (cache miss)
586 timing reifyNode:node_modules/is-glob Completed in 1218ms
587 http fetch GET 200 https://registry.npmjs.org/glob-parent/-/glob-parent-5.1.2.tgz 1161ms (cache miss)
588 timing reifyNode:node_modules/glob-parent Completed in 1219ms
589 http fetch GET 200 https://registry.npmjs.org/readdirp/-/readdirp-3.6.0.tgz 1168ms (cache miss)
590 timing reifyNode:node_modules/readdirp Completed in 1220ms
591 http fetch GET 200 https://registry.npmjs.org/ignore-by-default/-/ignore-by-default-1.0.1.tgz 1163ms (cache miss)
592 timing reifyNode:node_modules/ignore-by-default Completed in 1229ms
593 http fetch GET 200 https://registry.npmjs.org/side-channel/-/side-channel-1.0.4.tgz 1192ms (cache miss)
594 timing reifyNode:node_modules/side-channel Completed in 1237ms
595 http fetch GET 200 https://registry.npmjs.org/anymatch/-/anymatch-3.1.3.tgz 1179ms (cache miss)
596 timing reifyNode:node_modules/anymatch Completed in 1239ms
597 http fetch GET 200 https://registry.npmjs.org/supports-color/-/supports-color-5.5.0.tgz 1177ms (cache miss)
598 timing reifyNode:node_modules/supports-color Completed in 1238ms
599 http fetch GET 200 https://registry.npmjs.org/is-number/-/is-number-7.0.0.tgz 1178ms (cache miss)
600 timing reifyNode:node_modules/is-number Completed in 1240ms
601 http fetch GET 200 https://registry.npmjs.org/bytes/-/bytes-3.1.2.tgz 1177ms (cache miss)
602 timing reifyNode:node_modules/bytes Completed in 1246ms
603 http fetch GET 200 https://registry.npmjs.org/unpipe/-/unpipe-1.0.0.tgz 1179ms (cache miss)
604 timing reifyNode:node_modules/unpipe Completed in 1246ms
605 http fetch GET 200 https://registry.npmjs.org/ms/-/ms-2.0.0.tgz 1179ms (cache miss)
606 timing reifyNode:node_modules/ms Completed in 1249ms
607 http fetch GET 200 https://registry.npmjs.org/mime-types/-/mime-types-2.1.35.tgz 1180ms (cache miss)
608 timing reifyNode:node_modules/mime-types Completed in 1250ms
609 http fetch GET 200 https://registry.npmjs.org/type-is/-/type-is-1.6.18.tgz 1180ms (cache miss)
610 timing reifyNode:node_modules/type-is Completed in 1251ms
611 http fetch GET 200 https://registry.npmjs.org/undefsafe/-/undefsafe-2.0.5.tgz 1202ms (cache miss)
612 timing reifyNode:node_modules/undefsafe Completed in 1263ms
613 http fetch GET 200 https://registry.npmjs.org/destroy/-/destroy-1.2.0.tgz 1200ms (cache miss)
614 timing reifyNode:node_modules/destroy Completed in 1276ms
615 http fetch GET 200 https://registry.npmjs.org/raw-body/-/raw-body-2.5.1.tgz 1207ms (cache miss)
616 timing reifyNode:node_modules/raw-body Completed in 1278ms
617 http fetch GET 200 https://registry.npmjs.org/utils-merge/-/utils-merge-1.0.1.tgz 1207ms (cache miss)
618 timing reifyNode:node_modules/utils-merge Completed in 1279ms
619 http fetch GET 200 https://registry.npmjs.org/safe-buffer/-/safe-buffer-5.2.1.tgz 1203ms (cache miss)
620 timing reifyNode:node_modules/safe-buffer Completed in 1281ms
621 http fetch GET 200 https://registry.npmjs.org/range-parser/-/range-parser-1.2.1.tgz 1198ms (cache miss)
622 timing reifyNode:node_modules/range-parser Completed in 1282ms
623 http fetch GET 200 https://registry.npmjs.org/pstree.remy/-/pstree.remy-1.1.8.tgz 1228ms (cache miss)
624 timing reifyNode:node_modules/pstree.remy Completed in 1292ms
625 http fetch GET 200 https://registry.npmjs.org/negotiator/-/negotiator-0.6.3.tgz 1221ms (cache miss)
626 timing reifyNode:node_modules/negotiator Completed in 1293ms
627 http fetch GET 200 https://registry.npmjs.org/statuses/-/statuses-2.0.1.tgz 1214ms (cache miss)
628 timing reifyNode:node_modules/statuses Completed in 1293ms
629 http fetch GET 200 https://registry.npmjs.org/braces/-/braces-3.0.2.tgz 1244ms (cache miss)
630 timing reifyNode:node_modules/braces Completed in 1303ms
631 http fetch GET 200 https://registry.npmjs.org/minimatch/-/minimatch-3.1.2.tgz 1240ms (cache miss)
632 timing reifyNode:node_modules/minimatch Completed in 1303ms
633 http fetch GET 200 https://registry.npmjs.org/mime/-/mime-1.6.0.tgz 1242ms (cache miss)
634 timing reifyNode:node_modules/mime Completed in 1310ms
635 http fetch GET 200 https://registry.npmjs.org/safer-buffer/-/safer-buffer-2.1.2.tgz 1242ms (cache miss)
636 timing reifyNode:node_modules/safer-buffer Completed in 1310ms
637 http fetch GET 200 https://registry.npmjs.org/on-finished/-/on-finished-2.4.1.tgz 1227ms (cache miss)
638 timing reifyNode:node_modules/on-finished Completed in 1309ms
639 http fetch GET 200 https://registry.npmjs.org/mime-db/-/mime-db-1.52.0.tgz 1252ms (cache miss)
640 http fetch GET 200 https://registry.npmjs.org/setprototypeof/-/setprototypeof-1.2.0.tgz 1246ms (cache miss)
641 timing reifyNode:node_modules/setprototypeof Completed in 1323ms
642 http fetch GET 200 https://registry.npmjs.org/finalhandler/-/finalhandler-1.2.0.tgz 1239ms (cache miss)
643 timing reifyNode:node_modules/finalhandler Completed in 1324ms
644 http fetch GET 200 https://registry.npmjs.org/simple-update-notifier/-/simple-update-notifier-2.0.0.tgz 1268ms (cache miss)
645 http fetch GET 200 https://registry.npmjs.org/depd/-/depd-2.0.0.tgz 1238ms (cache miss)
646 timing reifyNode:node_modules/depd Completed in 1330ms
647 http fetch GET 200 https://registry.npmjs.org/send/-/send-0.18.0.tgz 1251ms (cache miss)
648 timing reifyNode:node_modules/send Completed in 1330ms
649 http fetch GET 200 https://registry.npmjs.org/methods/-/methods-1.1.2.tgz 1247ms (cache miss)
650 timing reifyNode:node_modules/methods Completed in 1330ms
651 http fetch GET 200 https://registry.npmjs.org/merge-descriptors/-/merge-descriptors-1.0.1.tgz 1247ms (cache miss)
652 timing reifyNode:node_modules/merge-descriptors Completed in 1330ms
653 http fetch GET 200 https://registry.npmjs.org/etag/-/etag-1.8.1.tgz 1238ms (cache miss)
654 timing reifyNode:node_modules/etag Completed in 1331ms
655 http fetch GET 200 https://registry.npmjs.org/escape-html/-/escape-html-1.0.3.tgz 1244ms (cache miss)
656 timing reifyNode:node_modules/escape-html Completed in 1331ms
657 http fetch GET 200 https://registry.npmjs.org/content-type/-/content-type-1.0.5.tgz 1238ms (cache miss)
658 timing reifyNode:node_modules/content-type Completed in 1331ms
659 http fetch GET 200 https://registry.npmjs.org/cookie/-/cookie-0.5.0.tgz 1240ms (cache miss)
660 timing reifyNode:node_modules/cookie Completed in 1332ms
661 timing reifyNode:node_modules/mime-db Completed in 1338ms
662 http fetch GET 200 https://registry.npmjs.org/proxy-addr/-/proxy-addr-2.0.7.tgz 1258ms (cache miss)
663 timing reifyNode:node_modules/proxy-addr Completed in 1340ms
664 http fetch GET 200 https://registry.npmjs.org/serve-static/-/serve-static-1.15.0.tgz 1260ms (cache miss)
665 timing reifyNode:node_modules/serve-static Completed in 1341ms
666 http fetch GET 200 https://registry.npmjs.org/fresh/-/fresh-0.5.2.tgz 1255ms (cache miss)
667 timing reifyNode:node_modules/fresh Completed in 1341ms
668 http fetch GET 200 https://registry.npmjs.org/parseurl/-/parseurl-1.3.3.tgz 1253ms (cache miss)
669 timing reifyNode:node_modules/parseurl Completed in 1342ms
670 http fetch GET 200 https://registry.npmjs.org/lru-cache/-/lru-cache-6.0.0.tgz 1254ms (cache miss)
671 timing reifyNode:node_modules/lru-cache Completed in 1345ms
672 http fetch GET 200 https://registry.npmjs.org/object-assign/-/object-assign-4.1.1.tgz 1241ms (cache miss)
673 timing reifyNode:node_modules/object-assign Completed in 1343ms
674 http fetch GET 200 https://registry.npmjs.org/cors/-/cors-2.8.5.tgz 1240ms (cache miss)
675 timing reifyNode:node_modules/cors Completed in 1344ms
676 http fetch GET 200 https://registry.npmjs.org/cookie-signature/-/cookie-signature-1.0.6.tgz 1245ms (cache miss)
677 timing reifyNode:node_modules/cookie-signature Completed in 1346ms
678 http fetch GET 200 https://registry.npmjs.org/http-errors/-/http-errors-2.0.0.tgz 1264ms (cache miss)
679 timing reifyNode:node_modules/http-errors Completed in 1350ms
680 http fetch GET 200 https://registry.npmjs.org/encodeurl/-/encodeurl-1.0.2.tgz 1260ms (cache miss)
681 timing reifyNode:node_modules/encodeurl Completed in 1351ms
682 http fetch GET 200 https://registry.npmjs.org/array-flatten/-/array-flatten-1.1.1.tgz 1258ms (cache miss)
683 timing reifyNode:node_modules/array-flatten Completed in 1352ms
684 http fetch GET 200 https://registry.npmjs.org/content-disposition/-/content-disposition-0.5.4.tgz 1254ms (cache miss)
685 timing reifyNode:node_modules/content-disposition Completed in 1353ms
686 http fetch GET 200 https://registry.npmjs.org/ms/-/ms-2.1.3.tgz 1244ms (cache miss)
687 timing reifyNode:node_modules/send/node_modules/ms Completed in 1357ms
688 timing reifyNode:node_modules/simple-update-notifier Completed in 1366ms
689 http fetch GET 200 https://registry.npmjs.org/inherits/-/inherits-2.0.4.tgz 1264ms (cache miss)
690 timing reifyNode:node_modules/inherits Completed in 1367ms
691 http fetch GET 200 https://registry.npmjs.org/accepts/-/accepts-1.3.8.tgz 1265ms (cache miss)
692 timing reifyNode:node_modules/accepts Completed in 1375ms
693 http fetch GET 200 https://registry.npmjs.org/function-bind/-/function-bind-1.1.2.tgz 1337ms (cache miss)
694 timing reifyNode:node_modules/function-bind Completed in 1380ms
695 http fetch GET 200 https://registry.npmjs.org/vary/-/vary-1.1.2.tgz 1269ms (cache miss)
696 timing reifyNode:node_modules/vary Completed in 1379ms
697 http fetch GET 200 https://registry.npmjs.org/dotenv/-/dotenv-16.3.1.tgz 1274ms (cache miss)
698 http fetch GET 200 https://registry.npmjs.org/path-to-regexp/-/path-to-regexp-0.1.7.tgz 1265ms (cache miss)
699 timing reifyNode:node_modules/path-to-regexp Completed in 1390ms
700 http fetch GET 200 https://registry.npmjs.org/body-parser/-/body-parser-1.20.1.tgz 1290ms (cache miss)
701 http fetch GET 200 https://registry.npmjs.org/ms/-/ms-2.1.3.tgz 1279ms (cache miss)
702 timing reifyNode:node_modules/nodemon/node_modules/ms Completed in 1392ms
703 timing reifyNode:node_modules/dotenv Completed in 1394ms
704 http fetch GET 200 https://registry.npmjs.org/chokidar/-/chokidar-3.5.3.tgz 1333ms (cache miss)
705 timing reifyNode:node_modules/chokidar Completed in 1397ms
706 http fetch GET 200 https://registry.npmjs.org/fsevents/-/fsevents-2.3.3.tgz 1339ms (cache miss)
707 timing reifyNode:node_modules/fsevents Completed in 1398ms
708 http fetch GET 200 https://registry.npmjs.org/debug/-/debug-2.6.9.tgz 1306ms (cache miss)
709 http fetch GET 200 https://registry.npmjs.org/picomatch/-/picomatch-2.3.1.tgz 1346ms (cache miss)
710 timing reifyNode:node_modules/picomatch Completed in 1400ms
711 timing reifyNode:node_modules/body-parser Completed in 1398ms
712 timing reifyNode:node_modules/debug Completed in 1400ms
713 http fetch GET 200 https://registry.npmjs.org/debug/-/debug-3.2.7.tgz 1301ms (cache miss)
714 timing reifyNode:node_modules/nodemon/node_modules/debug Completed in 1411ms
715 http fetch GET 200 https://registry.npmjs.org/qs/-/qs-6.11.0.tgz 1337ms (cache miss)
716 timing reifyNode:node_modules/qs Completed in 1425ms
717 http fetch GET 200 https://registry.npmjs.org/object-inspect/-/object-inspect-1.13.0.tgz 1387ms (cache miss)
718 timing reifyNode:node_modules/object-inspect Completed in 1432ms
719 http fetch GET 200 https://registry.npmjs.org/express/-/express-4.18.2.tgz 1335ms (cache miss)
720 timing reifyNode:node_modules/express Completed in 1438ms
721 http fetch GET 200 https://registry.npmjs.org/iconv-lite/-/iconv-lite-0.4.24.tgz 1393ms (cache miss)
722 timing reifyNode:node_modules/iconv-lite Completed in 1462ms
723 http fetch GET 200 https://registry.npmjs.org/semver/-/semver-7.5.4.tgz 1402ms (cache miss)
724 timing reifyNode:node_modules/semver Completed in 1465ms
725 http fetch GET 200 https://registry.npmjs.org/nodemon/-/nodemon-3.0.1.tgz 1365ms (cache miss)
726 timing reifyNode:node_modules/nodemon Completed in 1475ms
727 timing reify:unpack Completed in 1480ms
728 timing reify:unretire Completed in 1ms
729 timing build:queue Completed in 5ms
730 timing build:link:node_modules/semver Completed in 8ms
731 timing build:link:node_modules/mime Completed in 9ms
732 timing build:link:node_modules/nodemon Completed in 9ms
733 timing build:link:node_modules/nopt Completed in 9ms
734 timing build:link:node_modules/touch Completed in 9ms
735 timing build:link Completed in 10ms
736 timing build:deps Completed in 15ms
737 timing build Completed in 15ms
738 timing reify:build Completed in 15ms
739 timing reify:trash Completed in 0ms
740 timing reify:save Completed in 87ms
741 timing reify Completed in 5244ms
742 silly ADD node_modules/media-typer
743 silly ADD node_modules/abbrev
744 silly ADD node_modules/nopt
745 silly ADD node_modules/is-number
746 silly ADD node_modules/has-flag
747 silly ADD node_modules/has-symbols
748 silly ADD node_modules/has-proto
749 silly ADD node_modules/has
750 silly ADD node_modules/function-bind
751 silly ADD node_modules/object-inspect
752 silly ADD node_modules/get-intrinsic
753 silly ADD node_modules/call-bind
754 silly ADD node_modules/mime
755 silly ADD node_modules/yallist
756 silly ADD node_modules/lru-cache
757 silly ADD node_modules/side-channel
758 silly ADD node_modules/ipaddr.js
759 silly ADD node_modules/forwarded
760 silly ADD node_modules/ee-first
761 silly ADD node_modules/concat-map
762 silly ADD node_modules/balanced-match
763 silly ADD node_modules/brace-expansion
764 silly ADD node_modules/is-extglob
765 silly ADD node_modules/binary-extensions
766 silly ADD node_modules/to-regex-range
767 silly ADD node_modules/fill-range
768 silly ADD node_modules/picomatch
769 silly ADD node_modules/readdirp
770 silly ADD node_modules/normalize-path
771 silly ADD node_modules/is-glob
772 silly ADD node_modules/is-binary-path
773 silly ADD node_modules/glob-parent
774 silly ADD node_modules/fsevents
775 silly ADD node_modules/braces
776 silly ADD node_modules/anymatch
777 silly ADD node_modules/undefsafe
778 silly ADD node_modules/touch
779 silly ADD node_modules/supports-color
780 silly ADD node_modules/simple-update-notifier
781 silly ADD node_modules/semver
782 silly ADD node_modules/pstree.remy
783 silly ADD node_modules/minimatch
784 silly ADD node_modules/ignore-by-default
785 silly ADD node_modules/chokidar
786 silly ADD node_modules/mime-db
787 silly ADD node_modules/safer-buffer
788 silly ADD node_modules/toidentifier
789 silly ADD node_modules/inherits
790 silly ADD node_modules/ms
791 silly ADD node_modules/unpipe
792 silly ADD node_modules/raw-body
793 silly ADD node_modules/iconv-lite
794 silly ADD node_modules/destroy
795 silly ADD node_modules/bytes
796 silly ADD node_modules/negotiator
797 silly ADD node_modules/mime-types
798 silly ADD node_modules/utils-merge
799 silly ADD node_modules/type-is
800 silly ADD node_modules/statuses
801 silly ADD node_modules/setprototypeof
802 silly ADD node_modules/serve-static
803 silly ADD node_modules/send
804 silly ADD node_modules/send/node_modules/ms
805 silly ADD node_modules/safe-buffer
806 silly ADD node_modules/range-parser
807 silly ADD node_modules/qs
808 silly ADD node_modules/proxy-addr
809 silly ADD node_modules/path-to-regexp
810 silly ADD node_modules/parseurl
811 silly ADD node_modules/on-finished
812 silly ADD node_modules/methods
813 silly ADD node_modules/merge-descriptors
814 silly ADD node_modules/http-errors
815 silly ADD node_modules/fresh
816 silly ADD node_modules/finalhandler
817 silly ADD node_modules/etag
818 silly ADD node_modules/escape-html
819 silly ADD node_modules/encodeurl
820 silly ADD node_modules/depd
821 silly ADD node_modules/debug
822 silly ADD node_modules/cookie-signature
823 silly ADD node_modules/cookie
824 silly ADD node_modules/content-type
825 silly ADD node_modules/content-disposition
826 silly ADD node_modules/body-parser
827 silly ADD node_modules/array-flatten
828 silly ADD node_modules/accepts
829 silly ADD node_modules/vary
830 silly ADD node_modules/object-assign
831 silly ADD node_modules/nodemon
832 silly ADD node_modules/nodemon/node_modules/ms
833 silly ADD node_modules/nodemon/node_modules/debug
834 silly ADD node_modules/express
835 silly ADD node_modules/dotenv
836 silly ADD node_modules/cors
837 timing command:i Completed in 5276ms
838 verbose exit 0
839 timing npm Completed in 5490ms
840 info ok
