0 verbose cli /Users/camis/.nvm/versions/node/v18.18.0/bin/node /Users/camis/.nvm/versions/node/v18.18.0/bin/npm
1 info using npm@10.2.0
2 info using node@v18.18.0
3 timing npm:load:whichnode Completed in 1ms
4 timing config:load:defaults Completed in 1ms
5 timing config:load:file:/Users/camis/.nvm/versions/node/v18.18.0/lib/node_modules/npm/npmrc Completed in 1ms
6 timing config:load:builtin Completed in 1ms
7 timing config:load:cli Completed in 1ms
8 timing config:load:env Completed in 0ms
9 timing config:load:file:/Users/camis/Desktop/ChasAcademy/u09-avancerad-javascript/backend/.npmrc Completed in 0ms
10 timing config:load:project Completed in 3ms
11 timing config:load:file:/Users/camis/.npmrc Completed in 2ms
12 timing config:load:user Completed in 2ms
13 timing config:load:file:/Users/camis/.nvm/versions/node/v18.18.0/etc/npmrc Completed in 0ms
14 timing config:load:global Completed in 0ms
15 timing config:load:setEnvs Completed in 1ms
16 timing config:load Completed in 11ms
17 timing npm:load:configload Completed in 11ms
18 timing config:load:flatten Completed in 2ms
19 timing npm:load:mkdirpcache Completed in 0ms
20 timing npm:load:mkdirplogs Completed in 0ms
21 verbose title npm i mongoose
22 verbose argv "i" "mongoose"
23 timing npm:load:setTitle Completed in 18ms
24 timing npm:load:display Completed in 1ms
25 verbose logfile logs-max:10 dir:/Users/camis/Desktop/ChasAcademy/u09-avancerad-javascript/backend/"/Users/camis/.npm/_logs/2023-10-17T18_02_20_724Z-
26 verbose logfile /Users/camis/Desktop/ChasAcademy/u09-avancerad-javascript/backend/"/Users/camis/.npm/_logs/2023-10-17T18_02_20_724Z-debug-0.log
27 timing npm:load:logFile Completed in 7ms
28 timing npm:load:timers Completed in 0ms
29 timing npm:load:configScope Completed in 0ms
30 timing npm:load Completed in 55ms
31 timing arborist:ctor Completed in 1ms
32 silly logfile done cleaning log files
33 timing idealTree:init Completed in 54ms
34 timing idealTree:userRequests Completed in 1ms
35 silly idealTree buildDeps
36 silly fetch manifest mongoose@*
37 timing arborist:ctor Completed in 0ms
38 http fetch GET 200 https://registry.npmjs.org/mongoose 504ms (cache miss)
39 silly placeDep ROOT mongoose@7.6.3 OK for: backend@1.0.0 want: *
40 silly fetch manifest bson@^5.5.0
41 silly fetch manifest kareem@2.5.1
42 silly fetch manifest mongodb@5.9.0
43 silly fetch manifest mpath@0.9.0
44 silly fetch manifest mquery@5.0.0
45 silly fetch manifest ms@2.1.3
46 silly fetch manifest sift@16.0.1
47 http fetch GET 200 https://registry.npmjs.org/bson 59ms (cache miss)
48 http fetch GET 200 https://registry.npmjs.org/mpath 131ms (cache miss)
49 http fetch GET 200 https://registry.npmjs.org/mquery 144ms (cache miss)
50 http fetch GET 200 https://registry.npmjs.org/kareem 152ms (cache miss)
51 http fetch GET 200 https://registry.npmjs.org/mongodb 162ms (cache miss)
52 http fetch GET 200 https://registry.npmjs.org/ms 175ms (cache revalidated)
53 http fetch GET 200 https://registry.npmjs.org/sift 179ms (cache miss)
54 timing idealTree:#root Completed in 706ms
55 silly fetch manifest @aws-sdk/credential-providers@^3.188.0
56 http fetch GET 200 https://registry.npmjs.org/@aws-sdk%2fcredential-providers 117ms (cache miss)
57 silly fetch manifest @mongodb-js/zstd@^1.0.0
58 http fetch GET 200 https://registry.npmjs.org/@mongodb-js%2fzstd 313ms (cache miss)
59 silly fetch manifest kerberos@^1.0.0 || ^2.0.0
60 http fetch GET 200 https://registry.npmjs.org/kerberos 59ms (cache miss)
61 silly fetch manifest mongodb-client-encryption@>=2.3.0 <3
62 http fetch GET 200 https://registry.npmjs.org/mongodb-client-encryption 53ms (cache miss)
63 silly fetch manifest gcp-metadata@^5.2.0
64 http fetch GET 200 https://registry.npmjs.org/gcp-metadata 48ms (cache miss)
65 silly fetch manifest snappy@^7.2.2
66 http fetch GET 200 https://registry.npmjs.org/snappy 58ms (cache miss)
67 silly placeDep ROOT bson@5.5.0 OK for: mongoose@7.6.3 want: ^5.5.0
68 silly placeDep ROOT kareem@2.5.1 OK for: mongoose@7.6.3 want: 2.5.1
69 silly placeDep ROOT mongodb@5.9.0 OK for: mongoose@7.6.3 want: 5.9.0
70 silly fetch manifest mongodb-connection-string-url@^2.6.0
71 silly fetch manifest socks@^2.7.1
72 silly fetch manifest @mongodb-js/saslprep@^1.1.0
73 silly placeDep ROOT mpath@0.9.0 OK for: mongoose@7.6.3 want: 0.9.0
74 silly placeDep ROOT mquery@5.0.0 OK for: mongoose@7.6.3 want: 5.0.0
75 silly fetch manifest debug@4.x
76 silly placeDep node_modules/mongoose ms@2.1.3 OK for: mongoose@7.6.3 want: 2.1.3
77 silly placeDep ROOT sift@16.0.1 OK for: mongoose@7.6.3 want: 16.0.1
78 http fetch GET 200 https://registry.npmjs.org/debug 66ms (cache revalidated)
79 http fetch GET 200 https://registry.npmjs.org/mongodb-connection-string-url 75ms (cache miss)
80 http fetch GET 200 https://registry.npmjs.org/socks 80ms (cache miss)
81 http fetch GET 200 https://registry.npmjs.org/@mongodb-js%2fsaslprep 107ms (cache miss)
82 timing idealTree:node_modules/mongoose Completed in 783ms
83 timing idealTree:node_modules/bson Completed in 0ms
84 timing idealTree:node_modules/kareem Completed in 0ms
85 silly placeDep ROOT @mongodb-js/saslprep@1.1.0 OK for: mongodb@5.9.0 want: ^1.1.0
86 silly fetch manifest sparse-bitfield@^3.0.3
87 silly placeDep ROOT mongodb-connection-string-url@2.6.0 OK for: mongodb@5.9.0 want: ^2.6.0
88 silly fetch manifest @types/whatwg-url@^8.2.1
89 silly fetch manifest whatwg-url@^11.0.0
90 silly placeDep ROOT socks@2.7.1 OK for: mongodb@5.9.0 want: ^2.7.1
91 silly fetch manifest ip@^2.0.0
92 silly fetch manifest smart-buffer@^4.2.0
93 http fetch GET 200 https://registry.npmjs.org/ip 84ms (cache miss)
94 http fetch GET 200 https://registry.npmjs.org/sparse-bitfield 88ms (cache miss)
95 http fetch GET 200 https://registry.npmjs.org/smart-buffer 87ms (cache miss)
96 http fetch GET 200 https://registry.npmjs.org/@types%2fwhatwg-url 92ms (cache miss)
97 http fetch GET 200 https://registry.npmjs.org/whatwg-url 94ms (cache miss)
98 timing idealTree:node_modules/mongodb Completed in 100ms
99 silly placeDep ROOT sparse-bitfield@3.0.3 OK for: @mongodb-js/saslprep@1.1.0 want: ^3.0.3
100 silly fetch manifest memory-pager@^1.0.2
101 http fetch GET 200 https://registry.npmjs.org/memory-pager 54ms (cache miss)
102 timing idealTree:node_modules/@mongodb-js/saslprep Completed in 58ms
103 silly placeDep ROOT @types/whatwg-url@8.2.2 OK for: mongodb-connection-string-url@2.6.0 want: ^8.2.1
104 silly fetch manifest @types/node@*
105 silly fetch manifest @types/webidl-conversions@*
106 silly placeDep ROOT whatwg-url@11.0.0 OK for: mongodb-connection-string-url@2.6.0 want: ^11.0.0
107 silly fetch manifest tr46@^3.0.0
108 silly fetch manifest webidl-conversions@^7.0.0
109 http fetch GET 200 https://registry.npmjs.org/tr46 63ms (cache miss)
110 http fetch GET 200 https://registry.npmjs.org/@types%2fwebidl-conversions 69ms (cache miss)
111 http fetch GET 200 https://registry.npmjs.org/webidl-conversions 88ms (cache miss)
112 http fetch GET 200 https://registry.npmjs.org/@types%2fnode 182ms (cache miss)
113 timing idealTree:node_modules/mongodb-connection-string-url Completed in 197ms
114 silly placeDep ROOT @types/node@20.8.6 OK for: @types/whatwg-url@8.2.2 want: *
115 silly fetch manifest undici-types@~5.25.1
116 silly placeDep ROOT @types/webidl-conversions@7.0.1 OK for: @types/whatwg-url@8.2.2 want: *
117 http fetch GET 200 https://registry.npmjs.org/undici-types 54ms (cache miss)
118 timing idealTree:node_modules/@types/whatwg-url Completed in 57ms
119 silly placeDep ROOT undici-types@5.25.3 OK for: @types/node@20.8.6 want: ~5.25.1
120 timing idealTree:node_modules/@types/node Completed in 1ms
121 timing idealTree:node_modules/@types/webidl-conversions Completed in 0ms
122 timing idealTree:node_modules/mpath Completed in 0ms
123 silly placeDep node_modules/mquery debug@4.3.4 OK for: mquery@5.0.0 want: 4.x
124 silly fetch manifest ms@2.1.2
125 timing idealTree:node_modules/mquery Completed in 2ms
126 timing idealTree:node_modules/sift Completed in 0ms
127 silly placeDep ROOT ip@2.0.0 OK for: socks@2.7.1 want: ^2.0.0
128 silly placeDep ROOT smart-buffer@4.2.0 OK for: socks@2.7.1 want: ^4.2.0
129 timing idealTree:node_modules/socks Completed in 2ms
130 timing idealTree:node_modules/ip Completed in 0ms
131 timing idealTree:node_modules/smart-buffer Completed in 0ms
132 silly placeDep ROOT memory-pager@1.5.0 OK for: sparse-bitfield@3.0.3 want: ^1.0.2
133 timing idealTree:node_modules/sparse-bitfield Completed in 1ms
134 timing idealTree:node_modules/memory-pager Completed in 0ms
135 timing idealTree:node_modules/undici-types Completed in 0ms
136 silly placeDep ROOT tr46@3.0.0 OK for: whatwg-url@11.0.0 want: ^3.0.0
137 silly fetch manifest punycode@^2.1.1
138 silly placeDep ROOT webidl-conversions@7.0.0 OK for: whatwg-url@11.0.0 want: ^7.0.0
139 http fetch GET 200 https://registry.npmjs.org/punycode 62ms (cache miss)
140 timing idealTree:node_modules/whatwg-url Completed in 64ms
141 silly placeDep ROOT punycode@2.3.0 OK for: tr46@3.0.0 want: ^2.1.1
142 timing idealTree:node_modules/tr46 Completed in 1ms
143 timing idealTree:node_modules/punycode Completed in 0ms
144 timing idealTree:node_modules/webidl-conversions Completed in 0ms
145 timing idealTree:node_modules/mongoose/node_modules/ms Completed in 0ms
146 silly placeDep node_modules/mquery ms@2.1.2 OK for: debug@4.3.4 want: 2.1.2
147 timing idealTree:node_modules/mquery/node_modules/debug Completed in 2ms
148 timing idealTree:node_modules/mquery/node_modules/ms Completed in 0ms
149 timing idealTree:buildDeps Completed in 1979ms
150 timing idealTree:fixDepFlags Completed in 1ms
151 timing idealTree Completed in 2036ms
152 timing reify:loadTrees Completed in 2037ms
153 timing reify:diffTrees Completed in 2ms
154 silly reify moves {}
155 timing reify:retireShallow Completed in 1ms
156 timing reify:createSparse Completed in 5ms
157 timing reify:loadBundles Completed in 0ms
158 silly audit bulk request {
158 silly audit   abbrev: [ '1.1.1' ],
158 silly audit   accepts: [ '1.3.8' ],
158 silly audit   anymatch: [ '3.1.3' ],
158 silly audit   'array-flatten': [ '1.1.1' ],
158 silly audit   'balanced-match': [ '1.0.2' ],
158 silly audit   'binary-extensions': [ '2.2.0' ],
158 silly audit   'body-parser': [ '1.20.1' ],
158 silly audit   'brace-expansion': [ '1.1.11' ],
158 silly audit   braces: [ '3.0.2' ],
158 silly audit   bytes: [ '3.1.2' ],
158 silly audit   'call-bind': [ '1.0.2' ],
158 silly audit   chokidar: [ '3.5.3' ],
158 silly audit   'concat-map': [ '0.0.1' ],
158 silly audit   'content-disposition': [ '0.5.4' ],
158 silly audit   'content-type': [ '1.0.5' ],
158 silly audit   cookie: [ '0.5.0' ],
158 silly audit   'cookie-signature': [ '1.0.6' ],
158 silly audit   cors: [ '2.8.5' ],
158 silly audit   debug: [ '2.6.9', '3.2.7', '4.3.4' ],
158 silly audit   depd: [ '2.0.0' ],
158 silly audit   destroy: [ '1.2.0' ],
158 silly audit   dotenv: [ '16.3.1' ],
158 silly audit   'ee-first': [ '1.1.1' ],
158 silly audit   encodeurl: [ '1.0.2' ],
158 silly audit   'escape-html': [ '1.0.3' ],
158 silly audit   etag: [ '1.8.1' ],
158 silly audit   express: [ '4.18.2' ],
158 silly audit   'fill-range': [ '7.0.1' ],
158 silly audit   finalhandler: [ '1.2.0' ],
158 silly audit   forwarded: [ '0.2.0' ],
158 silly audit   fresh: [ '0.5.2' ],
158 silly audit   fsevents: [ '2.3.3' ],
158 silly audit   'function-bind': [ '1.1.2' ],
158 silly audit   'get-intrinsic': [ '1.2.1' ],
158 silly audit   'glob-parent': [ '5.1.2' ],
158 silly audit   has: [ '1.0.4' ],
158 silly audit   'has-flag': [ '3.0.0' ],
158 silly audit   'has-proto': [ '1.0.1' ],
158 silly audit   'has-symbols': [ '1.0.3' ],
158 silly audit   'http-errors': [ '2.0.0' ],
158 silly audit   'iconv-lite': [ '0.4.24' ],
158 silly audit   'ignore-by-default': [ '1.0.1' ],
158 silly audit   inherits: [ '2.0.4' ],
158 silly audit   'ipaddr.js': [ '1.9.1' ],
158 silly audit   'is-binary-path': [ '2.1.0' ],
158 silly audit   'is-extglob': [ '2.1.1' ],
158 silly audit   'is-glob': [ '4.0.3' ],
158 silly audit   'is-number': [ '7.0.0' ],
158 silly audit   'lru-cache': [ '6.0.0' ],
158 silly audit   'media-typer': [ '0.3.0' ],
158 silly audit   'merge-descriptors': [ '1.0.1' ],
158 silly audit   methods: [ '1.1.2' ],
158 silly audit   mime: [ '1.6.0' ],
158 silly audit   'mime-db': [ '1.52.0' ],
158 silly audit   'mime-types': [ '2.1.35' ],
158 silly audit   minimatch: [ '3.1.2' ],
158 silly audit   ms: [ '2.0.0', '2.1.3', '2.1.2' ],
158 silly audit   negotiator: [ '0.6.3' ],
158 silly audit   nodemon: [ '3.0.1' ],
158 silly audit   nopt: [ '1.0.10' ],
158 silly audit   'normalize-path': [ '3.0.0' ],
158 silly audit   'object-assign': [ '4.1.1' ],
158 silly audit   'object-inspect': [ '1.13.0' ],
158 silly audit   'on-finished': [ '2.4.1' ],
158 silly audit   parseurl: [ '1.3.3' ],
158 silly audit   'path-to-regexp': [ '0.1.7' ],
158 silly audit   picomatch: [ '2.3.1' ],
158 silly audit   'proxy-addr': [ '2.0.7' ],
158 silly audit   'pstree.remy': [ '1.1.8' ],
158 silly audit   qs: [ '6.11.0' ],
158 silly audit   'range-parser': [ '1.2.1' ],
158 silly audit   'raw-body': [ '2.5.1' ],
158 silly audit   readdirp: [ '3.6.0' ],
158 silly audit   'safe-buffer': [ '5.2.1' ],
158 silly audit   'safer-buffer': [ '2.1.2' ],
158 silly audit   semver: [ '7.5.4' ],
158 silly audit   send: [ '0.18.0' ],
158 silly audit   'serve-static': [ '1.15.0' ],
158 silly audit   setprototypeof: [ '1.2.0' ],
158 silly audit   'side-channel': [ '1.0.4' ],
158 silly audit   'simple-update-notifier': [ '2.0.0' ],
158 silly audit   statuses: [ '2.0.1' ],
158 silly audit   'supports-color': [ '5.5.0' ],
158 silly audit   'to-regex-range': [ '5.0.1' ],
158 silly audit   toidentifier: [ '1.0.1' ],
158 silly audit   touch: [ '3.1.0' ],
158 silly audit   'type-is': [ '1.6.18' ],
158 silly audit   undefsafe: [ '2.0.5' ],
158 silly audit   unpipe: [ '1.0.0' ],
158 silly audit   'utils-merge': [ '1.0.1' ],
158 silly audit   vary: [ '1.1.2' ],
158 silly audit   yallist: [ '4.0.0' ],
158 silly audit   mongoose: [ '7.6.3' ],
158 silly audit   bson: [ '5.5.0' ],
158 silly audit   kareem: [ '2.5.1' ],
158 silly audit   mongodb: [ '5.9.0' ],
158 silly audit   mpath: [ '0.9.0' ],
158 silly audit   mquery: [ '5.0.0' ],
158 silly audit   sift: [ '16.0.1' ],
158 silly audit   '@mongodb-js/saslprep': [ '1.1.0' ],
158 silly audit   'mongodb-connection-string-url': [ '2.6.0' ],
158 silly audit   socks: [ '2.7.1' ],
158 silly audit   'sparse-bitfield': [ '3.0.3' ],
158 silly audit   '@types/whatwg-url': [ '8.2.2' ],
158 silly audit   'whatwg-url': [ '11.0.0' ],
158 silly audit   '@types/node': [ '20.8.6' ],
158 silly audit   '@types/webidl-conversions': [ '7.0.1' ],
158 silly audit   'undici-types': [ '5.25.3' ],
158 silly audit   ip: [ '2.0.0' ],
158 silly audit   'smart-buffer': [ '4.2.0' ],
158 silly audit   'memory-pager': [ '1.5.0' ],
158 silly audit   tr46: [ '3.0.0' ],
158 silly audit   'webidl-conversions': [ '7.0.0' ],
158 silly audit   punycode: [ '2.3.0' ]
158 silly audit }
159 silly tarball no local data for punycode@https://registry.npmjs.org/punycode/-/punycode-2.3.0.tgz. Extracting by manifest.
160 silly tarball no local data for tr46@https://registry.npmjs.org/tr46/-/tr46-3.0.0.tgz. Extracting by manifest.
161 silly tarball no local data for memory-pager@https://registry.npmjs.org/memory-pager/-/memory-pager-1.5.0.tgz. Extracting by manifest.
162 silly tarball no local data for smart-buffer@https://registry.npmjs.org/smart-buffer/-/smart-buffer-4.2.0.tgz. Extracting by manifest.
163 silly tarball no local data for undici-types@https://registry.npmjs.org/undici-types/-/undici-types-5.25.3.tgz. Extracting by manifest.
164 silly tarball no local data for ip@https://registry.npmjs.org/ip/-/ip-2.0.0.tgz. Extracting by manifest.
165 silly tarball no local data for @types/webidl-conversions@https://registry.npmjs.org/@types/webidl-conversions/-/webidl-conversions-7.0.1.tgz. Extracting by manifest.
166 silly tarball no local data for @types/node@https://registry.npmjs.org/@types/node/-/node-20.8.6.tgz. Extracting by manifest.
167 silly tarball no local data for @types/whatwg-url@https://registry.npmjs.org/@types/whatwg-url/-/whatwg-url-8.2.2.tgz. Extracting by manifest.
168 silly tarball no local data for socks@https://registry.npmjs.org/socks/-/socks-2.7.1.tgz. Extracting by manifest.
169 silly tarball no local data for sparse-bitfield@https://registry.npmjs.org/sparse-bitfield/-/sparse-bitfield-3.0.3.tgz. Extracting by manifest.
170 silly tarball no local data for @mongodb-js/saslprep@https://registry.npmjs.org/@mongodb-js/saslprep/-/saslprep-1.1.0.tgz. Extracting by manifest.
171 silly tarball no local data for webidl-conversions@https://registry.npmjs.org/webidl-conversions/-/webidl-conversions-7.0.0.tgz. Extracting by manifest.
172 silly tarball no local data for mongodb-connection-string-url@https://registry.npmjs.org/mongodb-connection-string-url/-/mongodb-connection-string-url-2.6.0.tgz. Extracting by manifest.
173 silly tarball no local data for mquery@https://registry.npmjs.org/mquery/-/mquery-5.0.0.tgz. Extracting by manifest.
174 silly tarball no local data for mpath@https://registry.npmjs.org/mpath/-/mpath-0.9.0.tgz. Extracting by manifest.
175 silly tarball no local data for sift@https://registry.npmjs.org/sift/-/sift-16.0.1.tgz. Extracting by manifest.
176 silly tarball no local data for mongoose@https://registry.npmjs.org/mongoose/-/mongoose-7.6.3.tgz. Extracting by manifest.
177 silly tarball no local data for ms@https://registry.npmjs.org/ms/-/ms-2.1.2.tgz. Extracting by manifest.
178 silly tarball no local data for kareem@https://registry.npmjs.org/kareem/-/kareem-2.5.1.tgz. Extracting by manifest.
179 silly tarball no local data for bson@https://registry.npmjs.org/bson/-/bson-5.5.0.tgz. Extracting by manifest.
180 silly tarball no local data for mongodb@https://registry.npmjs.org/mongodb/-/mongodb-5.9.0.tgz. Extracting by manifest.
181 silly tarball no local data for debug@https://registry.npmjs.org/debug/-/debug-4.3.4.tgz. Extracting by manifest.
182 silly tarball no local data for whatwg-url@https://registry.npmjs.org/whatwg-url/-/whatwg-url-11.0.0.tgz. Extracting by manifest.
183 http fetch POST 200 https://registry.npmjs.org/-/npm/v1/security/advisories/bulk 275ms
184 timing auditReport:getReport Completed in 279ms
185 silly audit report {}
186 timing auditReport:init Completed in 0ms
187 timing reify:audit Completed in 279ms
188 timing reifyNode:node_modules/mongoose/node_modules/ms Completed in 357ms
189 http fetch GET 200 https://registry.npmjs.org/ip/-/ip-2.0.0.tgz 359ms (cache miss)
190 timing reifyNode:node_modules/ip Completed in 376ms
191 http fetch GET 200 https://registry.npmjs.org/memory-pager/-/memory-pager-1.5.0.tgz 362ms (cache miss)
192 timing reifyNode:node_modules/memory-pager Completed in 378ms
193 http fetch GET 200 https://registry.npmjs.org/punycode/-/punycode-2.3.0.tgz 413ms (cache miss)
194 timing reifyNode:node_modules/punycode Completed in 427ms
195 http fetch GET 200 https://registry.npmjs.org/smart-buffer/-/smart-buffer-4.2.0.tgz 605ms (cache miss)
196 timing reifyNode:node_modules/smart-buffer Completed in 643ms
197 http fetch GET 200 https://registry.npmjs.org/webidl-conversions/-/webidl-conversions-7.0.0.tgz 726ms (cache miss)
198 timing reifyNode:node_modules/webidl-conversions Completed in 751ms
199 http fetch GET 200 https://registry.npmjs.org/@types/webidl-conversions/-/webidl-conversions-7.0.1.tgz 735ms (cache miss)
200 timing reifyNode:node_modules/@types/webidl-conversions Completed in 754ms
201 http fetch GET 200 https://registry.npmjs.org/ms/-/ms-2.1.2.tgz 857ms (cache miss)
202 timing reifyNode:node_modules/mquery/node_modules/ms Completed in 886ms
203 http fetch GET 200 https://registry.npmjs.org/sparse-bitfield/-/sparse-bitfield-3.0.3.tgz 867ms (cache miss)
204 timing reifyNode:node_modules/sparse-bitfield Completed in 888ms
205 http fetch GET 200 https://registry.npmjs.org/@types/whatwg-url/-/whatwg-url-8.2.2.tgz 874ms (cache miss)
206 timing reifyNode:node_modules/@types/whatwg-url Completed in 893ms
207 http fetch GET 200 https://registry.npmjs.org/whatwg-url/-/whatwg-url-11.0.0.tgz 750ms (cache miss)
208 http fetch GET 200 https://registry.npmjs.org/tr46/-/tr46-3.0.0.tgz 891ms (cache miss)
209 timing reifyNode:node_modules/tr46 Completed in 905ms
210 timing reifyNode:node_modules/whatwg-url Completed in 993ms
211 http fetch GET 200 https://registry.npmjs.org/kareem/-/kareem-2.5.1.tgz 975ms (cache miss)
212 timing reifyNode:node_modules/kareem Completed in 1005ms
213 http fetch GET 200 https://registry.npmjs.org/undici-types/-/undici-types-5.25.3.tgz 993ms (cache miss)
214 http fetch GET 200 https://registry.npmjs.org/mongodb-connection-string-url/-/mongodb-connection-string-url-2.6.0.tgz 1001ms (cache miss)
215 timing reifyNode:node_modules/mongodb-connection-string-url Completed in 1032ms
216 timing reifyNode:node_modules/undici-types Completed in 1041ms
217 http fetch GET 200 https://registry.npmjs.org/debug/-/debug-4.3.4.tgz 1030ms (cache miss)
218 timing reifyNode:node_modules/mquery/node_modules/debug Completed in 1065ms
219 http fetch GET 200 https://registry.npmjs.org/mpath/-/mpath-0.9.0.tgz 1055ms (cache miss)
220 timing reifyNode:node_modules/mpath Completed in 1081ms
221 http fetch GET 200 https://registry.npmjs.org/@mongodb-js/saslprep/-/saslprep-1.1.0.tgz 1083ms (cache miss)
222 timing reifyNode:node_modules/@mongodb-js/saslprep Completed in 1104ms
223 http fetch GET 200 https://registry.npmjs.org/mquery/-/mquery-5.0.0.tgz 1081ms (cache miss)
224 timing reifyNode:node_modules/mquery Completed in 1106ms
225 http fetch GET 200 https://registry.npmjs.org/socks/-/socks-2.7.1.tgz 1130ms (cache miss)
226 timing reifyNode:node_modules/socks Completed in 1153ms
227 http fetch GET 200 https://registry.npmjs.org/sift/-/sift-16.0.1.tgz 1163ms (cache miss)
228 timing reifyNode:node_modules/sift Completed in 1191ms
229 http fetch GET 200 https://registry.npmjs.org/bson/-/bson-5.5.0.tgz 1431ms (cache miss)
230 timing reifyNode:node_modules/bson Completed in 1463ms
231 http fetch GET 200 https://registry.npmjs.org/@types/node/-/node-20.8.6.tgz 1729ms (cache miss)
232 timing reifyNode:node_modules/@types/node Completed in 1755ms
233 http fetch GET 200 https://registry.npmjs.org/mongoose/-/mongoose-7.6.3.tgz 1802ms (cache miss)
234 timing reifyNode:node_modules/mongoose Completed in 1833ms
235 http fetch GET 200 https://registry.npmjs.org/mongodb/-/mongodb-5.9.0.tgz 1995ms (cache miss)
236 timing reifyNode:node_modules/mongodb Completed in 2028ms
237 timing reify:unpack Completed in 2030ms
238 timing reify:unretire Completed in 1ms
239 timing build:queue Completed in 1ms
240 timing build:deps Completed in 1ms
241 timing build Completed in 2ms
242 timing reify:build Completed in 2ms
243 timing reify:trash Completed in 0ms
244 timing reify:save Completed in 80ms
245 timing reify Completed in 4354ms
246 silly ADD node_modules/punycode
247 silly ADD node_modules/webidl-conversions
248 silly ADD node_modules/tr46
249 silly ADD node_modules/memory-pager
250 silly ADD node_modules/smart-buffer
251 silly ADD node_modules/ip
252 silly ADD node_modules/undici-types
253 silly ADD node_modules/@types/webidl-conversions
254 silly ADD node_modules/@types/node
255 silly ADD node_modules/whatwg-url
256 silly ADD node_modules/@types/whatwg-url
257 silly ADD node_modules/sparse-bitfield
258 silly ADD node_modules/socks
259 silly ADD node_modules/mongodb-connection-string-url
260 silly ADD node_modules/@mongodb-js/saslprep
261 silly ADD node_modules/sift
262 silly ADD node_modules/mquery
263 silly ADD node_modules/mquery/node_modules/ms
264 silly ADD node_modules/mquery/node_modules/debug
265 silly ADD node_modules/mpath
266 silly ADD node_modules/mongodb
267 silly ADD node_modules/kareem
268 silly ADD node_modules/bson
269 silly ADD node_modules/mongoose
270 silly ADD node_modules/mongoose/node_modules/ms
271 timing command:i Completed in 4371ms
272 verbose exit 0
273 timing npm Completed in 4684ms
274 info ok
